2025-12-17 13:35:40,814 [INFO] Activator:176 - 


2025-12-17 13:35:40,827 [INFO] Activator:177 - !SESSION log4j initialized
2025-12-17 13:35:53,928 [INFO] LogOutputStream:77 - [STDOUT_REDIRECT] 
2025-12-17 13:35:57,277 [INFO] ApplicationProperties:184 - Using Application install path: C:\ST\STM32CubeIDE_1.18.1\STM32CubeIDE\plugins\com.st.stm32cube.common.mx_6.14.1.202504091515
2025-12-17 13:35:57,336 [INFO] DbMcusXml:78 - Set database path to: C:\ST\STM32CubeIDE_1.18.1\STM32CubeIDE\plugins\com.st.stm32cube.common.mx_6.14.1.202504091515\\db\/mcu/
2025-12-17 13:35:57,337 [INFO] ApiDb:274 - Set plugin database path to: C:\ST\STM32CubeIDE_1.18.1\STM32CubeIDE\plugins\com.st.stm32cube.common.mx_6.14.1.202504091515\\db\/plugins/boardmanager/
2025-12-17 13:35:57,337 [WARN] ApiDb:259 - Overriding images path with different value:  => C:\ST\STM32CubeIDE_1.18.1\STM32CubeIDE\plugins\com.st.stm32cube.common.mx_6.14.1.202504091515\\db\/plugins/mcufinder/images/
2025-12-17 13:35:57,381 [INFO] ApiDb:250 - Set database path to: C:\Users\Gluscic\.stmcufinder\plugins\mcufinder//mcu/
2025-12-17 13:35:57,382 [INFO] DbMcusAds:125 - Set database path to: C:\Users\Gluscic\.stmcufinder\plugins\mcufinder//mcu/
2025-12-17 13:35:57,385 [INFO] CrossReferenceDbSqlite:203 - Set database path to: C:\Users\Gluscic\.stmcufinder\plugins\mcufinder//mcu/cs/
2025-12-17 13:35:57,680 [INFO] RulesReader:64 - Compatibility file has been processed (302 Rules)
2025-12-17 13:35:57,831 [INFO] DbMcusXml:78 - Set database path to: C:\ST\STM32CubeIDE_1.18.1\STM32CubeIDE\plugins\com.st.stm32cube.common.mx_6.14.1.202504091515\\db\/mcu/
2025-12-17 13:35:57,831 [INFO] ApiDb:274 - Set plugin database path to: C:\ST\STM32CubeIDE_1.18.1\STM32CubeIDE\plugins\com.st.stm32cube.common.mx_6.14.1.202504091515\\db\/plugins/boardmanager/
2025-12-17 13:35:57,831 [INFO] ApiDb:261 - Set plugin images path to: C:\ST\STM32CubeIDE_1.18.1\STM32CubeIDE\plugins\com.st.stm32cube.common.mx_6.14.1.202504091515\\db\/plugins/mcufinder/images/
2025-12-17 13:35:57,832 [WARN] DbFile:41 - Overriding database path with different value: C:\Users\Gluscic\.stmcufinder\plugins\mcufinder/ => C:\Users\Gluscic\.stmcufinder\plugins\mcufinder
2025-12-17 13:35:57,832 [INFO] ApiDb:250 - Set database path to: C:\Users\Gluscic\.stmcufinder\plugins\mcufinder//mcu/
2025-12-17 13:35:57,832 [WARN] DbFile:41 - Overriding database path with different value: C:\Users\Gluscic\.stmcufinder\plugins\mcufinder/ => C:\Users\Gluscic\.stmcufinder\plugins\mcufinder
2025-12-17 13:35:57,832 [INFO] DbMcusAds:125 - Set database path to: C:\Users\Gluscic\.stmcufinder\plugins\mcufinder//mcu/
2025-12-17 13:35:57,832 [WARN] DbFile:41 - Overriding database path with different value: C:\Users\Gluscic\.stmcufinder\plugins\mcufinder/ => C:\Users\Gluscic\.stmcufinder\plugins\mcufinder
2025-12-17 13:35:57,832 [WARN] DbFile:41 - Overriding database path with different value: C:\Users\Gluscic\.stmcufinder\plugins\mcufinder/ => C:\Users\Gluscic\.stmcufinder\plugins\mcufinder
2025-12-17 13:35:57,832 [INFO] CrossReferenceDbSqlite:203 - Set database path to: C:\Users\Gluscic\.stmcufinder\plugins\mcufinder//mcu/cs/
2025-12-17 13:35:58,090 [INFO] MainPanel:272 - HeapMemory: 268435456
2025-12-17 13:35:58,452 [INFO] DbMcusXml:78 - Set database path to: C:\ST\STM32CubeIDE_1.18.1\STM32CubeIDE\plugins\com.st.stm32cube.common.mx_6.14.1.202504091515\\db\/mcu/
2025-12-17 13:35:58,452 [INFO] ApiDb:274 - Set plugin database path to: C:\ST\STM32CubeIDE_1.18.1\STM32CubeIDE\plugins\com.st.stm32cube.common.mx_6.14.1.202504091515\\db\/plugins/boardmanager/
2025-12-17 13:35:58,452 [INFO] ApiDb:261 - Set plugin images path to: C:\ST\STM32CubeIDE_1.18.1\STM32CubeIDE\plugins\com.st.stm32cube.common.mx_6.14.1.202504091515\\db\/plugins/mcufinder/images/
2025-12-17 13:35:58,453 [WARN] DbFile:41 - Overriding database path with different value: C:\Users\Gluscic\.stmcufinder\plugins\mcufinder/ => C:\Users\Gluscic\.stmcufinder\plugins\mcufinder
2025-12-17 13:35:58,453 [INFO] ApiDb:250 - Set database path to: C:\Users\Gluscic\.stmcufinder\plugins\mcufinder//mcu/
2025-12-17 13:35:58,453 [WARN] DbFile:41 - Overriding database path with different value: C:\Users\Gluscic\.stmcufinder\plugins\mcufinder/ => C:\Users\Gluscic\.stmcufinder\plugins\mcufinder
2025-12-17 13:35:58,453 [INFO] DbMcusAds:125 - Set database path to: C:\Users\Gluscic\.stmcufinder\plugins\mcufinder//mcu/
2025-12-17 13:35:58,454 [WARN] DbFile:41 - Overriding database path with different value: C:\Users\Gluscic\.stmcufinder\plugins\mcufinder/ => C:\Users\Gluscic\.stmcufinder\plugins\mcufinder
2025-12-17 13:35:58,454 [WARN] DbFile:41 - Overriding database path with different value: C:\Users\Gluscic\.stmcufinder\plugins\mcufinder/ => C:\Users\Gluscic\.stmcufinder\plugins\mcufinder
2025-12-17 13:35:58,454 [INFO] CrossReferenceDbSqlite:203 - Set database path to: C:\Users\Gluscic\.stmcufinder\plugins\mcufinder//mcu/cs/
2025-12-17 13:35:58,516 [INFO] ApplicationProperties:184 - Using Application install path: C:\ST\STM32CubeIDE_1.18.1\STM32CubeIDE\plugins\com.st.stm32cube.common.mx_6.14.1.202504091515
2025-12-17 13:35:58,518 [INFO] PluginManage:196 - Search for loadable plugins [exclusion list=, ]
2025-12-17 13:35:58,521 [INFO] PluginManage:310 - Check plugin analytics
2025-12-17 13:35:59,219 [INFO] AnalyticsPlugin:253 - Accepted Software Licenses: 
2025-12-17 13:35:59,219 [INFO] AnalyticsPlugin:255 - Accepted CMSIS Pack Licenses: 
2025-12-17 13:35:59,220 [INFO] AnalyticsPlugin:257 - Accepted Firmware Licenses: FW.F4.1.28.0
2025-12-17 13:35:59,225 [INFO] PluginManage:359 - Loaded plugin analytics (category:tool,tabindex:-1)
2025-12-17 13:35:59,225 [INFO] PluginManage:310 - Check plugin cadmodel
2025-12-17 13:35:59,279 [INFO] CADModel:105 - Init CAD model plugin
2025-12-17 13:35:59,279 [INFO] PluginManage:359 - Loaded plugin cadmodel (category:power,tabindex:5)
2025-12-17 13:35:59,280 [INFO] PluginManage:310 - Check plugin clock
2025-12-17 13:35:59,339 [INFO] PluginManage:359 - Loaded plugin clock (category:base,tabindex:2)
2025-12-17 13:35:59,339 [INFO] PluginManage:310 - Check plugin ddr
2025-12-17 13:35:59,352 [INFO] PluginManage:359 - Loaded plugin ddr (category:tool,tabindex:6)
2025-12-17 13:35:59,352 [INFO] PluginManage:310 - Check plugin filemanager
2025-12-17 13:35:59,627 [INFO] PluginManage:359 - Loaded plugin filemanager (category:base,tabindex:10)
2025-12-17 13:35:59,627 [INFO] PluginManage:310 - Check plugin ipmanager
2025-12-17 13:35:59,649 [INFO] PluginManage:359 - Loaded plugin ipmanager (category:base,tabindex:5)
2025-12-17 13:35:59,649 [INFO] PluginManage:310 - Check plugin lpbam
2025-12-17 13:35:59,688 [INFO] PluginManage:359 - Loaded plugin lpbam (category:base,tabindex:0)
2025-12-17 13:35:59,688 [INFO] PluginManage:310 - Check plugin memorymap
2025-12-17 13:35:59,767 [INFO] PluginManage:359 - Loaded plugin memorymap (category:base,tabindex:4)
2025-12-17 13:35:59,767 [INFO] PluginManage:310 - Check plugin pinoutandconfiguration
2025-12-17 13:35:59,822 [INFO] PluginManage:359 - Loaded plugin pinoutandconfiguration (category:base,tabindex:1)
2025-12-17 13:35:59,822 [INFO] PluginManage:310 - Check plugin pinoutconfig
2025-12-17 13:36:00,009 [WARN] SupportedApi:132 - Cannot load RTOS API schema: s4s-elt-must-match.1: The content of 'definitions' must match (annotation?, (simpleType | complexType)?, (unique | key | keyref)*)). A problem was found starting at: attribute.
2025-12-17 13:36:00,252 [INFO] PluginManage:359 - Loaded plugin pinoutconfig (category:base,tabindex:0)
2025-12-17 13:36:00,253 [INFO] PluginManage:310 - Check plugin power
2025-12-17 13:36:00,303 [INFO] PluginManage:359 - Loaded plugin power (category:power,tabindex:4)
2025-12-17 13:36:00,303 [INFO] PluginManage:310 - Check plugin projectmanager
2025-12-17 13:36:00,345 [INFO] PluginManage:359 - Loaded plugin projectmanager (category:projectmanager,tabindex:4)
2025-12-17 13:36:00,345 [INFO] PluginManage:310 - Check plugin rif
2025-12-17 13:36:00,408 [INFO] PluginManage:359 - Loaded plugin rif (category:base,tabindex:3)
2025-12-17 13:36:00,408 [INFO] PluginManage:310 - Check plugin thirdparty
2025-12-17 13:36:00,905 [INFO] PluginManage:359 - Loaded plugin thirdparty (category:base,tabindex:-1)
2025-12-17 13:36:00,905 [INFO] PluginManage:310 - Check plugin tools
2025-12-17 13:36:00,905 [WARN] IntegrityCheckThread:84 - waiting for thirdparty lock release [integrity check]
2025-12-17 13:36:00,906 [INFO] IntegrityCheckThread:86 - entering critical section [integrity check]
2025-12-17 13:36:00,906 [INFO] ThirdPartyUpdaterWithRetryManager:70 - Updater plugin not ready yet. [1/15]
2025-12-17 13:36:00,925 [INFO] PluginManage:359 - Loaded plugin tools (category:base,tabindex:7)
2025-12-17 13:36:00,926 [INFO] PluginManage:310 - Check plugin tutovideos
2025-12-17 13:36:01,285 [INFO] PluginManage:359 - Loaded plugin tutovideos (category:base,tabindex:-1)
2025-12-17 13:36:01,285 [INFO] PluginManage:310 - Check plugin updater
2025-12-17 13:36:01,337 [INFO] PluginManage:359 - Loaded plugin updater (category:base,tabindex:12)
2025-12-17 13:36:01,337 [INFO] PluginManage:310 - Check plugin userauth
2025-12-17 13:36:01,366 [INFO] UserAuth:118 - Init User Auth plugin
2025-12-17 13:36:01,367 [INFO] PluginManage:359 - Loaded plugin userauth (category:base,tabindex:14)
2025-12-17 13:36:01,368 [INFO] PluginManage:283 - PluginManage : Loaded plugins [18]
2025-12-17 13:36:01,882 [INFO] PinOutPanel:1589 - setPackage(No Configuration,No Configuration)
2025-12-17 13:36:02,118 [INFO] CADModel:165 - CPN selected for project level
2025-12-17 13:36:02,118 [INFO] CADModel:114 - Register for checkConnection events
2025-12-17 13:36:02,242 [INFO] IPUIPlugin:80 - create IPUIPlugin
2025-12-17 13:36:02,243 [INFO] PluginManager:220 - loadIPPluginJar : add adc
2025-12-17 13:36:02,265 [INFO] IPUIPlugin:80 - create IPUIPlugin
2025-12-17 13:36:02,266 [INFO] PluginManager:220 - loadIPPluginJar : add aes
2025-12-17 13:36:02,293 [INFO] IPUIPlugin:80 - create IPUIPlugin
2025-12-17 13:36:02,293 [INFO] PluginManager:220 - loadIPPluginJar : add can
2025-12-17 13:36:02,309 [INFO] IPUIPlugin:80 - create IPUIPlugin
2025-12-17 13:36:02,309 [INFO] PluginManager:220 - loadIPPluginJar : add comp
2025-12-17 13:36:02,321 [INFO] IPUIPlugin:80 - create IPUIPlugin
2025-12-17 13:36:02,321 [INFO] PluginManager:220 - loadIPPluginJar : add cryp
2025-12-17 13:36:02,356 [INFO] IPUIPlugin:80 - create IPUIPlugin
2025-12-17 13:36:02,357 [INFO] PluginManager:220 - loadIPPluginJar : add ddr_ctrl_phy
2025-12-17 13:36:02,381 [INFO] IPUIPlugin:80 - create IPUIPlugin
2025-12-17 13:36:02,382 [INFO] PluginManager:220 - loadIPPluginJar : add dfsdm
2025-12-17 13:36:02,414 [INFO] IPUIPlugin:80 - create IPUIPlugin
2025-12-17 13:36:02,415 [INFO] PluginManager:220 - loadIPPluginJar : add dma
2025-12-17 13:36:02,438 [INFO] IPUIPlugin:80 - create IPUIPlugin
2025-12-17 13:36:02,438 [INFO] PluginManager:220 - loadIPPluginJar : add dma3
2025-12-17 13:36:02,463 [INFO] IPUIPlugin:80 - create IPUIPlugin
2025-12-17 13:36:02,463 [INFO] PluginManager:220 - loadIPPluginJar : add extmemmanager
2025-12-17 13:36:02,471 [INFO] IPUIPlugin:80 - create IPUIPlugin
2025-12-17 13:36:02,471 [INFO] PluginManager:220 - loadIPPluginJar : add fatfs
2025-12-17 13:36:02,499 [INFO] IPUIPlugin:80 - create IPUIPlugin
2025-12-17 13:36:02,499 [INFO] PluginManager:220 - loadIPPluginJar : add fmc
2025-12-17 13:36:02,533 [INFO] IPUIPlugin:80 - create IPUIPlugin
2025-12-17 13:36:02,534 [INFO] PluginManager:220 - loadIPPluginJar : add freertos
2025-12-17 13:36:02,548 [INFO] IPUIPlugin:80 - create IPUIPlugin
2025-12-17 13:36:02,548 [INFO] PluginManager:220 - loadIPPluginJar : add genericplugin
2025-12-17 13:36:02,575 [INFO] IPUIPlugin:80 - create IPUIPlugin
2025-12-17 13:36:02,575 [INFO] PluginManager:220 - loadIPPluginJar : add gfxmmu
2025-12-17 13:36:02,607 [INFO] IPUIPlugin:80 - create IPUIPlugin
2025-12-17 13:36:02,608 [INFO] PluginManager:220 - loadIPPluginJar : add gic
2025-12-17 13:36:02,633 [INFO] IPUIPlugin:80 - create IPUIPlugin
2025-12-17 13:36:02,633 [INFO] PluginManager:220 - loadIPPluginJar : add gpio
2025-12-17 13:36:02,641 [INFO] IPUIPlugin:80 - create IPUIPlugin
2025-12-17 13:36:02,641 [INFO] PluginManager:220 - loadIPPluginJar : add gtzc
2025-12-17 13:36:02,650 [INFO] IPUIPlugin:80 - create IPUIPlugin
2025-12-17 13:36:02,650 [INFO] PluginManager:220 - loadIPPluginJar : add hash
2025-12-17 13:36:02,662 [INFO] IPUIPlugin:80 - create IPUIPlugin
2025-12-17 13:36:02,662 [INFO] PluginManager:220 - loadIPPluginJar : add i2c
2025-12-17 13:36:02,689 [INFO] IPUIPlugin:80 - create IPUIPlugin
2025-12-17 13:36:02,689 [INFO] PluginManager:220 - loadIPPluginJar : add i2s
2025-12-17 13:36:02,714 [INFO] IPUIPlugin:80 - create IPUIPlugin
2025-12-17 13:36:02,714 [INFO] PluginManager:220 - loadIPPluginJar : add i3c
2025-12-17 13:36:02,735 [INFO] IPUIPlugin:80 - create IPUIPlugin
2025-12-17 13:36:02,736 [INFO] PluginManager:220 - loadIPPluginJar : add ipddr
2025-12-17 13:36:02,764 [INFO] IPUIPlugin:80 - create IPUIPlugin
2025-12-17 13:36:02,764 [INFO] PluginManager:220 - loadIPPluginJar : add linkedlist
2025-12-17 13:36:02,803 [INFO] IPUIPlugin:80 - create IPUIPlugin
2025-12-17 13:36:02,804 [INFO] PluginManager:220 - loadIPPluginJar : add lorawan
2025-12-17 13:36:02,814 [INFO] IPUIPlugin:80 - create IPUIPlugin
2025-12-17 13:36:02,814 [INFO] PluginManager:220 - loadIPPluginJar : add ltdc
2025-12-17 13:36:02,857 [INFO] IPUIPlugin:80 - create IPUIPlugin
2025-12-17 13:36:02,858 [INFO] PluginManager:220 - loadIPPluginJar : add mdma
2025-12-17 13:36:02,885 [INFO] IPUIPlugin:80 - create IPUIPlugin
2025-12-17 13:36:02,886 [INFO] PluginManager:220 - loadIPPluginJar : add nvic
2025-12-17 13:36:02,906 [INFO] IPUIPlugin:80 - create IPUIPlugin
2025-12-17 13:36:02,906 [INFO] PluginManager:220 - loadIPPluginJar : add opamp
2025-12-17 13:36:02,974 [INFO] IPUIPlugin:80 - create IPUIPlugin
2025-12-17 13:36:02,974 [INFO] PluginManager:220 - loadIPPluginJar : add openamp
2025-12-17 13:36:02,996 [INFO] IPUIPlugin:80 - create IPUIPlugin
2025-12-17 13:36:02,996 [INFO] PluginManager:220 - loadIPPluginJar : add pdm2pcm
2025-12-17 13:36:03,025 [INFO] IPUIPlugin:80 - create IPUIPlugin
2025-12-17 13:36:03,029 [INFO] PluginManager:220 - loadIPPluginJar : add plateformsettings
2025-12-17 13:36:03,047 [INFO] IPUIPlugin:80 - create IPUIPlugin
2025-12-17 13:36:03,047 [INFO] PluginManager:220 - loadIPPluginJar : add quadspi
2025-12-17 13:36:03,063 [INFO] IPUIPlugin:80 - create IPUIPlugin
2025-12-17 13:36:03,064 [INFO] PluginManager:220 - loadIPPluginJar : add radio
2025-12-17 13:36:03,100 [INFO] IPUIPlugin:80 - create IPUIPlugin
2025-12-17 13:36:03,100 [INFO] PluginManager:220 - loadIPPluginJar : add resmgrutility
2025-12-17 13:36:03,121 [INFO] IPUIPlugin:80 - create IPUIPlugin
2025-12-17 13:36:03,121 [INFO] PluginManager:220 - loadIPPluginJar : add sai
2025-12-17 13:36:03,125 [INFO] IPUIPlugin:80 - create IPUIPlugin
2025-12-17 13:36:03,125 [INFO] PluginManager:220 - loadIPPluginJar : add spi
2025-12-17 13:36:03,162 [INFO] IPUIPlugin:80 - create IPUIPlugin
2025-12-17 13:36:03,163 [INFO] PluginManager:220 - loadIPPluginJar : add stm32_wpan
2025-12-17 13:36:03,165 [INFO] IPUIPlugin:80 - create IPUIPlugin
2025-12-17 13:36:03,166 [INFO] PluginManager:220 - loadIPPluginJar : add tim
2025-12-17 13:36:03,198 [INFO] IPUIPlugin:80 - create IPUIPlugin
2025-12-17 13:36:03,199 [INFO] PluginManager:220 - loadIPPluginJar : add touchsensing
2025-12-17 13:36:03,228 [INFO] IPUIPlugin:80 - create IPUIPlugin
2025-12-17 13:36:03,228 [INFO] PluginManager:220 - loadIPPluginJar : add tracer_emb
2025-12-17 13:36:03,240 [INFO] IPUIPlugin:80 - create IPUIPlugin
2025-12-17 13:36:03,240 [INFO] PluginManager:220 - loadIPPluginJar : add ts
2025-12-17 13:36:03,242 [INFO] IPUIPlugin:80 - create IPUIPlugin
2025-12-17 13:36:03,243 [INFO] PluginManager:220 - loadIPPluginJar : add tsc
2025-12-17 13:36:03,248 [INFO] IPUIPlugin:80 - create IPUIPlugin
2025-12-17 13:36:03,248 [INFO] PluginManager:220 - loadIPPluginJar : add ucpd
2025-12-17 13:36:03,257 [INFO] IPUIPlugin:80 - create IPUIPlugin
2025-12-17 13:36:03,258 [INFO] PluginManager:220 - loadIPPluginJar : add usart
2025-12-17 13:36:03,270 [INFO] IPUIPlugin:80 - create IPUIPlugin
2025-12-17 13:36:03,270 [INFO] PluginManager:220 - loadIPPluginJar : add usbx
2025-12-17 13:36:03,485 [FATAL] Updater:351 - Updater called before beeing initialized
2025-12-17 13:36:03,563 [INFO] RulesReader:64 - Compatibility file has been processed (302 Rules)
2025-12-17 13:36:03,578 [INFO] RulesReader:64 - Compatibility file has been processed (302 Rules)
2025-12-17 13:36:03,619 [INFO] CADModel:165 - CPN selected for project level
2025-12-17 13:36:03,619 [INFO] CADModel:114 - Register for checkConnection events
2025-12-17 13:36:03,619 [FATAL] Updater:351 - Updater called before beeing initialized
2025-12-17 13:36:03,620 [ERROR] CADModel:125 - Updater not yet initialized, retry later 
2025-12-17 13:36:03,908 [INFO] ThirdPartyUpdaterWithRetryManager:70 - Updater plugin not ready yet. [2/15]
2025-12-17 13:36:04,056 [FATAL] Updater:351 - Updater called before beeing initialized
2025-12-17 13:36:04,089 [INFO] CADModel:165 - CPN selected for project level
2025-12-17 13:36:04,089 [INFO] CADModel:114 - Register for checkConnection events
2025-12-17 13:36:04,089 [FATAL] Updater:351 - Updater called before beeing initialized
2025-12-17 13:36:04,089 [ERROR] CADModel:125 - Updater not yet initialized, retry later 
2025-12-17 13:36:04,104 [FATAL] Updater:351 - Updater called before beeing initialized
2025-12-17 13:36:04,269 [FATAL] Updater:351 - Updater called before beeing initialized
2025-12-17 13:36:04,274 [INFO] DbMcusAds:53 - JSON generation date=Mon Dec 08 15:28:09 CET 2025 (1765204089911)
2025-12-17 13:36:04,274 [FATAL] Updater:351 - Updater called before beeing initialized
2025-12-17 13:36:04,478 [WARN] DetailPanel:346 - Failed to get advertising image, set to default
2025-12-17 13:36:04,813 [FATAL] Updater:351 - Updater called before beeing initialized
2025-12-17 13:36:04,816 [FATAL] Updater:351 - Updater called before beeing initialized
2025-12-17 13:36:04,816 [FATAL] Updater:351 - Updater called before beeing initialized
2025-12-17 13:36:04,816 [WARN] DetailPanel:346 - Failed to get advertising image, set to default
2025-12-17 13:36:04,817 [FATAL] Updater:351 - Updater called before beeing initialized
2025-12-17 13:36:04,930 [ERROR] Updater:1198 - MainUpdater not yet initialized. External WinMGr cannot be set.
2025-12-17 13:36:04,939 [INFO] Updater:1134 - Updater Version found : 6.14.1
2025-12-17 13:36:04,982 [INFO] ApplicationProperties:184 - Using Application install path: C:\ST\STM32CubeIDE_1.18.1\STM32CubeIDE\plugins\com.st.stm32cube.common.mx_6.14.1.202504091515
2025-12-17 13:36:06,575 [ERROR] LogOutputStream:75 - [STDERR_REDIRECT] Dec 17, 2025 1:36:06 PM java.util.prefs.WindowsPreferences <init>
2025-12-17 13:36:06,577 [ERROR] LogOutputStream:75 - [STDERR_REDIRECT] WARNING: Could not open/create prefs root node Software\JavaSoft\Prefs at root 0xffffffff80000002. Windows RegCreateKeyEx(...) returned error code 5.
2025-12-17 13:36:06,577 [ERROR] LogOutputStream:75 - [STDERR_REDIRECT] 
2025-12-17 13:36:06,909 [FATAL] Updater:351 - Updater called before beeing initialized
2025-12-17 13:36:06,909 [ERROR] IntegrityCheckThread:130 - Cannot retrieve database content from updater: error 21
2025-12-17 13:36:06,909 [INFO] ThirdParty:978 - Integrity check success = false
2025-12-17 13:36:06,909 [INFO] IntegrityCheckThread:100 - exiting critical section [integrity check]
2025-12-17 13:36:06,910 [INFO] IntegrityCheckThread:103 - End integrity checks thread
2025-12-17 13:36:07,008 [INFO] MainUpdater:2872 - connection check result : 10
2025-12-17 13:36:07,009 [INFO] MainUpdater:289 - Updater Check For Update Now.
2025-12-17 13:36:07,009 [INFO] MicroXplorer:498 - Change Database Version : DB.6.0.141
2025-12-17 13:36:07,031 [INFO] McuFinderGlobals:63 - Set McuFinder mode to 2 (CubeIDE integrated)
2025-12-17 13:36:07,032 [INFO] UserAuth:484 - Internet connection configuration mode: 1
2025-12-17 13:36:07,244 [INFO] JxBrowserEngine:152 - Initiate JxBrowser Engine with user profile folder
2025-12-17 13:36:07,377 [INFO] CheckServerUpdateThread:120 - End of CheckServer Thread
2025-12-17 13:36:15,327 [INFO] WebApp:169 - Instantiating new browser for Auth
2025-12-17 13:36:20,297 [INFO] WebApp:463 - Apply proxy settings
2025-12-17 13:36:20,298 [INFO] WebApp:548 - Chromium requires no authentication
2025-12-17 13:36:20,591 [INFO] WebApp:491 - Direct internet connection detected
2025-12-17 13:36:21,346 [INFO] WebApp:894 - Register for checkConnection events
2025-12-17 13:36:21,347 [INFO] WebApp:463 - Apply proxy settings
2025-12-17 13:36:21,347 [INFO] WebApp:548 - Chromium requires no authentication
2025-12-17 13:36:21,347 [INFO] WebApp:491 - Direct internet connection detected
2025-12-17 13:36:23,733 [INFO] WebApp:191 - Connection restablished
2025-12-17 13:36:29,769 [INFO] WebApp:225 - Starting web application
2025-12-17 13:36:29,769 [INFO] WebApp:593 - Web application path used C:\ST\STM32CubeIDE_1.18.1\STM32CubeIDE\plugins\com.st.stm32cube.common.mx_6.14.1.202504091515\db\plugins\mcufinder\reactClient1\index.html
2025-12-17 13:36:30,538 [INFO] UserAuth:484 - Internet connection configuration mode: 1
2025-12-17 15:42:40,213 [ERROR] ConfigurationRetriever:142 - IOException on connection: sw-center.st.com
2025-12-17 15:42:40,214 [ERROR] ConfigurationRetriever:142 - IOException on connection: sw-center.st.com
2025-12-17 15:42:40,215 [ERROR] ConfigurationRetriever:142 - IOException on connection: sw-center.st.com
2025-12-17 18:40:30,427 [INFO] WebApp:194 - Connection lost
2025-12-17 18:41:43,455 [INFO] WebApp:191 - Connection restablished
2025-12-17 20:35:15,505 [ERROR] ConfigurationRetriever:142 - IOException on connection: sw-center.st.com
2025-12-17 20:35:15,506 [ERROR] ConfigurationRetriever:142 - IOException on connection: sw-center.st.com
2025-12-17 20:35:15,507 [ERROR] ConfigurationRetriever:142 - IOException on connection: sw-center.st.com
2025-12-17 20:54:48,260 [INFO] WebApp:194 - Connection lost
2025-12-17 20:54:48,474 [INFO] WebApp:191 - Connection restablished
2025-12-17 21:38:56,423 [INFO] WebApp:194 - Connection lost
2025-12-17 22:02:01,968 [INFO] WebApp:403 - JxBrowser engine has been closed 
