2025-12-20 14:38:07,932 [INFO] Activator:176 - 


2025-12-20 14:38:07,944 [INFO] Activator:177 - !SESSION log4j initialized
2025-12-20 14:38:20,177 [INFO] LogOutputStream:77 - [STDOUT_REDIRECT] 
2025-12-20 14:38:23,345 [INFO] ApplicationProperties:184 - Using Application install path: C:\ST\STM32CubeIDE_1.18.1\STM32CubeIDE\plugins\com.st.stm32cube.common.mx_6.14.1.202504091515
2025-12-20 14:38:23,398 [INFO] DbMcusXml:78 - Set database path to: C:\ST\STM32CubeIDE_1.18.1\STM32CubeIDE\plugins\com.st.stm32cube.common.mx_6.14.1.202504091515\\db\/mcu/
2025-12-20 14:38:23,399 [INFO] ApiDb:274 - Set plugin database path to: C:\ST\STM32CubeIDE_1.18.1\STM32CubeIDE\plugins\com.st.stm32cube.common.mx_6.14.1.202504091515\\db\/plugins/boardmanager/
2025-12-20 14:38:23,399 [WARN] ApiDb:259 - Overriding images path with different value:  => C:\ST\STM32CubeIDE_1.18.1\STM32CubeIDE\plugins\com.st.stm32cube.common.mx_6.14.1.202504091515\\db\/plugins/mcufinder/images/
2025-12-20 14:38:23,454 [INFO] ApiDb:250 - Set database path to: C:\Users\Gluscic\.stmcufinder\plugins\mcufinder//mcu/
2025-12-20 14:38:23,455 [INFO] DbMcusAds:125 - Set database path to: C:\Users\Gluscic\.stmcufinder\plugins\mcufinder//mcu/
2025-12-20 14:38:23,458 [INFO] CrossReferenceDbSqlite:203 - Set database path to: C:\Users\Gluscic\.stmcufinder\plugins\mcufinder//mcu/cs/
2025-12-20 14:38:23,670 [INFO] RulesReader:64 - Compatibility file has been processed (302 Rules)
2025-12-20 14:38:23,835 [INFO] DbMcusXml:78 - Set database path to: C:\ST\STM32CubeIDE_1.18.1\STM32CubeIDE\plugins\com.st.stm32cube.common.mx_6.14.1.202504091515\\db\/mcu/
2025-12-20 14:38:23,835 [INFO] ApiDb:274 - Set plugin database path to: C:\ST\STM32CubeIDE_1.18.1\STM32CubeIDE\plugins\com.st.stm32cube.common.mx_6.14.1.202504091515\\db\/plugins/boardmanager/
2025-12-20 14:38:23,835 [INFO] ApiDb:261 - Set plugin images path to: C:\ST\STM32CubeIDE_1.18.1\STM32CubeIDE\plugins\com.st.stm32cube.common.mx_6.14.1.202504091515\\db\/plugins/mcufinder/images/
2025-12-20 14:38:23,836 [WARN] DbFile:41 - Overriding database path with different value: C:\Users\Gluscic\.stmcufinder\plugins\mcufinder/ => C:\Users\Gluscic\.stmcufinder\plugins\mcufinder
2025-12-20 14:38:23,836 [INFO] ApiDb:250 - Set database path to: C:\Users\Gluscic\.stmcufinder\plugins\mcufinder//mcu/
2025-12-20 14:38:23,836 [WARN] DbFile:41 - Overriding database path with different value: C:\Users\Gluscic\.stmcufinder\plugins\mcufinder/ => C:\Users\Gluscic\.stmcufinder\plugins\mcufinder
2025-12-20 14:38:23,836 [INFO] DbMcusAds:125 - Set database path to: C:\Users\Gluscic\.stmcufinder\plugins\mcufinder//mcu/
2025-12-20 14:38:23,836 [WARN] DbFile:41 - Overriding database path with different value: C:\Users\Gluscic\.stmcufinder\plugins\mcufinder/ => C:\Users\Gluscic\.stmcufinder\plugins\mcufinder
2025-12-20 14:38:23,836 [WARN] DbFile:41 - Overriding database path with different value: C:\Users\Gluscic\.stmcufinder\plugins\mcufinder/ => C:\Users\Gluscic\.stmcufinder\plugins\mcufinder
2025-12-20 14:38:23,836 [INFO] CrossReferenceDbSqlite:203 - Set database path to: C:\Users\Gluscic\.stmcufinder\plugins\mcufinder//mcu/cs/
2025-12-20 14:38:24,074 [INFO] MainPanel:272 - HeapMemory: 268435456
2025-12-20 14:38:24,335 [INFO] DbMcusXml:78 - Set database path to: C:\ST\STM32CubeIDE_1.18.1\STM32CubeIDE\plugins\com.st.stm32cube.common.mx_6.14.1.202504091515\\db\/mcu/
2025-12-20 14:38:24,335 [INFO] ApiDb:274 - Set plugin database path to: C:\ST\STM32CubeIDE_1.18.1\STM32CubeIDE\plugins\com.st.stm32cube.common.mx_6.14.1.202504091515\\db\/plugins/boardmanager/
2025-12-20 14:38:24,335 [INFO] ApiDb:261 - Set plugin images path to: C:\ST\STM32CubeIDE_1.18.1\STM32CubeIDE\plugins\com.st.stm32cube.common.mx_6.14.1.202504091515\\db\/plugins/mcufinder/images/
2025-12-20 14:38:24,336 [WARN] DbFile:41 - Overriding database path with different value: C:\Users\Gluscic\.stmcufinder\plugins\mcufinder/ => C:\Users\Gluscic\.stmcufinder\plugins\mcufinder
2025-12-20 14:38:24,336 [INFO] ApiDb:250 - Set database path to: C:\Users\Gluscic\.stmcufinder\plugins\mcufinder//mcu/
2025-12-20 14:38:24,336 [WARN] DbFile:41 - Overriding database path with different value: C:\Users\Gluscic\.stmcufinder\plugins\mcufinder/ => C:\Users\Gluscic\.stmcufinder\plugins\mcufinder
2025-12-20 14:38:24,336 [INFO] DbMcusAds:125 - Set database path to: C:\Users\Gluscic\.stmcufinder\plugins\mcufinder//mcu/
2025-12-20 14:38:24,336 [WARN] DbFile:41 - Overriding database path with different value: C:\Users\Gluscic\.stmcufinder\plugins\mcufinder/ => C:\Users\Gluscic\.stmcufinder\plugins\mcufinder
2025-12-20 14:38:24,336 [WARN] DbFile:41 - Overriding database path with different value: C:\Users\Gluscic\.stmcufinder\plugins\mcufinder/ => C:\Users\Gluscic\.stmcufinder\plugins\mcufinder
2025-12-20 14:38:24,337 [INFO] CrossReferenceDbSqlite:203 - Set database path to: C:\Users\Gluscic\.stmcufinder\plugins\mcufinder//mcu/cs/
2025-12-20 14:38:24,365 [INFO] ApplicationProperties:184 - Using Application install path: C:\ST\STM32CubeIDE_1.18.1\STM32CubeIDE\plugins\com.st.stm32cube.common.mx_6.14.1.202504091515
2025-12-20 14:38:24,366 [INFO] PluginManage:196 - Search for loadable plugins [exclusion list=, ]
2025-12-20 14:38:24,368 [INFO] PluginManage:310 - Check plugin analytics
2025-12-20 14:38:24,808 [INFO] AnalyticsPlugin:253 - Accepted Software Licenses: 
2025-12-20 14:38:24,808 [INFO] AnalyticsPlugin:255 - Accepted CMSIS Pack Licenses: 
2025-12-20 14:38:24,809 [INFO] AnalyticsPlugin:257 - Accepted Firmware Licenses: FW.F4.1.28.0,FW.G4.1.6.0
2025-12-20 14:38:24,812 [INFO] PluginManage:359 - Loaded plugin analytics (category:tool,tabindex:-1)
2025-12-20 14:38:24,812 [INFO] PluginManage:310 - Check plugin cadmodel
2025-12-20 14:38:24,863 [INFO] CADModel:105 - Init CAD model plugin
2025-12-20 14:38:24,863 [INFO] PluginManage:359 - Loaded plugin cadmodel (category:power,tabindex:5)
2025-12-20 14:38:24,864 [INFO] PluginManage:310 - Check plugin clock
2025-12-20 14:38:24,903 [INFO] PluginManage:359 - Loaded plugin clock (category:base,tabindex:2)
2025-12-20 14:38:24,904 [INFO] PluginManage:310 - Check plugin ddr
2025-12-20 14:38:24,914 [INFO] PluginManage:359 - Loaded plugin ddr (category:tool,tabindex:6)
2025-12-20 14:38:24,914 [INFO] PluginManage:310 - Check plugin filemanager
2025-12-20 14:38:25,256 [INFO] PluginManage:359 - Loaded plugin filemanager (category:base,tabindex:10)
2025-12-20 14:38:25,257 [INFO] PluginManage:310 - Check plugin ipmanager
2025-12-20 14:38:25,276 [INFO] PluginManage:359 - Loaded plugin ipmanager (category:base,tabindex:5)
2025-12-20 14:38:25,277 [INFO] PluginManage:310 - Check plugin lpbam
2025-12-20 14:38:25,316 [INFO] PluginManage:359 - Loaded plugin lpbam (category:base,tabindex:0)
2025-12-20 14:38:25,316 [INFO] PluginManage:310 - Check plugin memorymap
2025-12-20 14:38:25,428 [INFO] PluginManage:359 - Loaded plugin memorymap (category:base,tabindex:4)
2025-12-20 14:38:25,429 [INFO] PluginManage:310 - Check plugin pinoutandconfiguration
2025-12-20 14:38:25,466 [INFO] PluginManage:359 - Loaded plugin pinoutandconfiguration (category:base,tabindex:1)
2025-12-20 14:38:25,467 [INFO] PluginManage:310 - Check plugin pinoutconfig
2025-12-20 14:38:25,654 [WARN] SupportedApi:132 - Cannot load RTOS API schema: s4s-elt-must-match.1: The content of 'definitions' must match (annotation?, (simpleType | complexType)?, (unique | key | keyref)*)). A problem was found starting at: attribute.
2025-12-20 14:38:25,872 [INFO] PluginManage:359 - Loaded plugin pinoutconfig (category:base,tabindex:0)
2025-12-20 14:38:25,873 [INFO] PluginManage:310 - Check plugin power
2025-12-20 14:38:25,920 [INFO] PluginManage:359 - Loaded plugin power (category:power,tabindex:4)
2025-12-20 14:38:25,920 [INFO] PluginManage:310 - Check plugin projectmanager
2025-12-20 14:38:25,944 [INFO] PluginManage:359 - Loaded plugin projectmanager (category:projectmanager,tabindex:4)
2025-12-20 14:38:25,944 [INFO] PluginManage:310 - Check plugin rif
2025-12-20 14:38:25,983 [INFO] PluginManage:359 - Loaded plugin rif (category:base,tabindex:3)
2025-12-20 14:38:25,984 [INFO] PluginManage:310 - Check plugin thirdparty
2025-12-20 14:38:26,377 [INFO] PluginManage:359 - Loaded plugin thirdparty (category:base,tabindex:-1)
2025-12-20 14:38:26,377 [INFO] PluginManage:310 - Check plugin tools
2025-12-20 14:38:26,377 [WARN] IntegrityCheckThread:84 - waiting for thirdparty lock release [integrity check]
2025-12-20 14:38:26,377 [INFO] IntegrityCheckThread:86 - entering critical section [integrity check]
2025-12-20 14:38:26,378 [INFO] ThirdPartyUpdaterWithRetryManager:70 - Updater plugin not ready yet. [1/15]
2025-12-20 14:38:26,396 [INFO] PluginManage:359 - Loaded plugin tools (category:base,tabindex:7)
2025-12-20 14:38:26,397 [INFO] PluginManage:310 - Check plugin tutovideos
2025-12-20 14:38:26,713 [INFO] PluginManage:359 - Loaded plugin tutovideos (category:base,tabindex:-1)
2025-12-20 14:38:26,714 [INFO] PluginManage:310 - Check plugin updater
2025-12-20 14:38:26,794 [INFO] PluginManage:359 - Loaded plugin updater (category:base,tabindex:12)
2025-12-20 14:38:26,794 [INFO] PluginManage:310 - Check plugin userauth
2025-12-20 14:38:26,850 [INFO] UserAuth:118 - Init User Auth plugin
2025-12-20 14:38:26,851 [INFO] PluginManage:359 - Loaded plugin userauth (category:base,tabindex:14)
2025-12-20 14:38:26,852 [INFO] PluginManage:283 - PluginManage : Loaded plugins [18]
2025-12-20 14:38:27,333 [INFO] PinOutPanel:1589 - setPackage(No Configuration,No Configuration)
2025-12-20 14:38:27,569 [INFO] CADModel:165 - CPN selected for project level
2025-12-20 14:38:27,569 [INFO] CADModel:114 - Register for checkConnection events
2025-12-20 14:38:27,647 [INFO] IPUIPlugin:80 - create IPUIPlugin
2025-12-20 14:38:27,647 [INFO] PluginManager:220 - loadIPPluginJar : add adc
2025-12-20 14:38:27,671 [INFO] IPUIPlugin:80 - create IPUIPlugin
2025-12-20 14:38:27,671 [INFO] PluginManager:220 - loadIPPluginJar : add aes
2025-12-20 14:38:27,699 [INFO] IPUIPlugin:80 - create IPUIPlugin
2025-12-20 14:38:27,699 [INFO] PluginManager:220 - loadIPPluginJar : add can
2025-12-20 14:38:27,714 [INFO] IPUIPlugin:80 - create IPUIPlugin
2025-12-20 14:38:27,714 [INFO] PluginManager:220 - loadIPPluginJar : add comp
2025-12-20 14:38:27,726 [INFO] IPUIPlugin:80 - create IPUIPlugin
2025-12-20 14:38:27,726 [INFO] PluginManager:220 - loadIPPluginJar : add cryp
2025-12-20 14:38:27,763 [INFO] IPUIPlugin:80 - create IPUIPlugin
2025-12-20 14:38:27,763 [INFO] PluginManager:220 - loadIPPluginJar : add ddr_ctrl_phy
2025-12-20 14:38:27,787 [INFO] IPUIPlugin:80 - create IPUIPlugin
2025-12-20 14:38:27,787 [INFO] PluginManager:220 - loadIPPluginJar : add dfsdm
2025-12-20 14:38:27,808 [INFO] IPUIPlugin:80 - create IPUIPlugin
2025-12-20 14:38:27,808 [INFO] PluginManager:220 - loadIPPluginJar : add dma
2025-12-20 14:38:27,833 [INFO] IPUIPlugin:80 - create IPUIPlugin
2025-12-20 14:38:27,833 [INFO] PluginManager:220 - loadIPPluginJar : add dma3
2025-12-20 14:38:27,902 [INFO] IPUIPlugin:80 - create IPUIPlugin
2025-12-20 14:38:27,902 [INFO] PluginManager:220 - loadIPPluginJar : add extmemmanager
2025-12-20 14:38:27,910 [INFO] IPUIPlugin:80 - create IPUIPlugin
2025-12-20 14:38:27,910 [INFO] PluginManager:220 - loadIPPluginJar : add fatfs
2025-12-20 14:38:27,938 [INFO] IPUIPlugin:80 - create IPUIPlugin
2025-12-20 14:38:27,938 [INFO] PluginManager:220 - loadIPPluginJar : add fmc
2025-12-20 14:38:27,972 [INFO] IPUIPlugin:80 - create IPUIPlugin
2025-12-20 14:38:27,973 [INFO] PluginManager:220 - loadIPPluginJar : add freertos
2025-12-20 14:38:27,987 [INFO] IPUIPlugin:80 - create IPUIPlugin
2025-12-20 14:38:27,988 [INFO] PluginManager:220 - loadIPPluginJar : add genericplugin
2025-12-20 14:38:28,015 [INFO] IPUIPlugin:80 - create IPUIPlugin
2025-12-20 14:38:28,015 [INFO] PluginManager:220 - loadIPPluginJar : add gfxmmu
2025-12-20 14:38:28,046 [INFO] IPUIPlugin:80 - create IPUIPlugin
2025-12-20 14:38:28,046 [INFO] PluginManager:220 - loadIPPluginJar : add gic
2025-12-20 14:38:28,113 [INFO] IPUIPlugin:80 - create IPUIPlugin
2025-12-20 14:38:28,114 [INFO] PluginManager:220 - loadIPPluginJar : add gpio
2025-12-20 14:38:28,151 [INFO] IPUIPlugin:80 - create IPUIPlugin
2025-12-20 14:38:28,151 [INFO] PluginManager:220 - loadIPPluginJar : add gtzc
2025-12-20 14:38:28,178 [INFO] IPUIPlugin:80 - create IPUIPlugin
2025-12-20 14:38:28,178 [INFO] PluginManager:220 - loadIPPluginJar : add hash
2025-12-20 14:38:28,181 [INFO] IPUIPlugin:80 - create IPUIPlugin
2025-12-20 14:38:28,181 [INFO] PluginManager:220 - loadIPPluginJar : add i2c
2025-12-20 14:38:28,226 [INFO] IPUIPlugin:80 - create IPUIPlugin
2025-12-20 14:38:28,227 [INFO] PluginManager:220 - loadIPPluginJar : add i2s
2025-12-20 14:38:28,280 [INFO] IPUIPlugin:80 - create IPUIPlugin
2025-12-20 14:38:28,280 [INFO] PluginManager:220 - loadIPPluginJar : add i3c
2025-12-20 14:38:28,326 [INFO] IPUIPlugin:80 - create IPUIPlugin
2025-12-20 14:38:28,326 [INFO] PluginManager:220 - loadIPPluginJar : add ipddr
2025-12-20 14:38:28,461 [INFO] IPUIPlugin:80 - create IPUIPlugin
2025-12-20 14:38:28,462 [INFO] PluginManager:220 - loadIPPluginJar : add linkedlist
2025-12-20 14:38:28,498 [INFO] IPUIPlugin:80 - create IPUIPlugin
2025-12-20 14:38:28,498 [INFO] PluginManager:220 - loadIPPluginJar : add lorawan
2025-12-20 14:38:28,553 [INFO] IPUIPlugin:80 - create IPUIPlugin
2025-12-20 14:38:28,554 [INFO] PluginManager:220 - loadIPPluginJar : add ltdc
2025-12-20 14:38:28,645 [INFO] IPUIPlugin:80 - create IPUIPlugin
2025-12-20 14:38:28,645 [INFO] PluginManager:220 - loadIPPluginJar : add mdma
2025-12-20 14:38:28,649 [INFO] IPUIPlugin:80 - create IPUIPlugin
2025-12-20 14:38:28,649 [INFO] PluginManager:220 - loadIPPluginJar : add nvic
2025-12-20 14:38:28,754 [INFO] IPUIPlugin:80 - create IPUIPlugin
2025-12-20 14:38:28,755 [INFO] PluginManager:220 - loadIPPluginJar : add opamp
2025-12-20 14:38:28,806 [INFO] IPUIPlugin:80 - create IPUIPlugin
2025-12-20 14:38:28,806 [INFO] PluginManager:220 - loadIPPluginJar : add openamp
2025-12-20 14:38:28,810 [INFO] IPUIPlugin:80 - create IPUIPlugin
2025-12-20 14:38:28,810 [INFO] PluginManager:220 - loadIPPluginJar : add pdm2pcm
2025-12-20 14:38:28,846 [INFO] IPUIPlugin:80 - create IPUIPlugin
2025-12-20 14:38:28,849 [INFO] PluginManager:220 - loadIPPluginJar : add plateformsettings
2025-12-20 14:38:28,874 [INFO] IPUIPlugin:80 - create IPUIPlugin
2025-12-20 14:38:28,874 [INFO] PluginManager:220 - loadIPPluginJar : add quadspi
2025-12-20 14:38:28,902 [INFO] IPUIPlugin:80 - create IPUIPlugin
2025-12-20 14:38:28,903 [INFO] PluginManager:220 - loadIPPluginJar : add radio
2025-12-20 14:38:29,159 [INFO] IPUIPlugin:80 - create IPUIPlugin
2025-12-20 14:38:29,160 [INFO] PluginManager:220 - loadIPPluginJar : add resmgrutility
2025-12-20 14:38:29,215 [INFO] IPUIPlugin:80 - create IPUIPlugin
2025-12-20 14:38:29,216 [INFO] PluginManager:220 - loadIPPluginJar : add sai
2025-12-20 14:38:29,218 [INFO] IPUIPlugin:80 - create IPUIPlugin
2025-12-20 14:38:29,219 [INFO] PluginManager:220 - loadIPPluginJar : add spi
2025-12-20 14:38:29,299 [INFO] IPUIPlugin:80 - create IPUIPlugin
2025-12-20 14:38:29,299 [INFO] PluginManager:220 - loadIPPluginJar : add stm32_wpan
2025-12-20 14:38:29,312 [INFO] IPUIPlugin:80 - create IPUIPlugin
2025-12-20 14:38:29,312 [INFO] PluginManager:220 - loadIPPluginJar : add tim
2025-12-20 14:38:29,379 [INFO] ThirdPartyUpdaterWithRetryManager:70 - Updater plugin not ready yet. [2/15]
2025-12-20 14:38:29,381 [INFO] IPUIPlugin:80 - create IPUIPlugin
2025-12-20 14:38:29,381 [INFO] PluginManager:220 - loadIPPluginJar : add touchsensing
2025-12-20 14:38:29,433 [INFO] IPUIPlugin:80 - create IPUIPlugin
2025-12-20 14:38:29,433 [INFO] PluginManager:220 - loadIPPluginJar : add tracer_emb
2025-12-20 14:38:29,490 [INFO] IPUIPlugin:80 - create IPUIPlugin
2025-12-20 14:38:29,490 [INFO] PluginManager:220 - loadIPPluginJar : add ts
2025-12-20 14:38:29,571 [INFO] IPUIPlugin:80 - create IPUIPlugin
2025-12-20 14:38:29,571 [INFO] PluginManager:220 - loadIPPluginJar : add tsc
2025-12-20 14:38:29,605 [INFO] IPUIPlugin:80 - create IPUIPlugin
2025-12-20 14:38:29,605 [INFO] PluginManager:220 - loadIPPluginJar : add ucpd
2025-12-20 14:38:29,608 [INFO] IPUIPlugin:80 - create IPUIPlugin
2025-12-20 14:38:29,609 [INFO] PluginManager:220 - loadIPPluginJar : add usart
2025-12-20 14:38:29,695 [INFO] IPUIPlugin:80 - create IPUIPlugin
2025-12-20 14:38:29,696 [INFO] PluginManager:220 - loadIPPluginJar : add usbx
2025-12-20 14:38:29,823 [ERROR] ConfigurationRetriever:142 - IOException on connection: Read timed out
2025-12-20 14:38:30,094 [FATAL] Updater:351 - Updater called before beeing initialized
2025-12-20 14:38:30,315 [INFO] RulesReader:64 - Compatibility file has been processed (302 Rules)
2025-12-20 14:38:30,332 [INFO] RulesReader:64 - Compatibility file has been processed (302 Rules)
2025-12-20 14:38:30,359 [INFO] CADModel:165 - CPN selected for project level
2025-12-20 14:38:30,359 [INFO] CADModel:114 - Register for checkConnection events
2025-12-20 14:38:30,360 [FATAL] Updater:351 - Updater called before beeing initialized
2025-12-20 14:38:30,360 [ERROR] CADModel:125 - Updater not yet initialized, retry later 
2025-12-20 14:38:31,062 [FATAL] Updater:351 - Updater called before beeing initialized
2025-12-20 14:38:31,095 [INFO] CADModel:165 - CPN selected for project level
2025-12-20 14:38:31,095 [INFO] CADModel:114 - Register for checkConnection events
2025-12-20 14:38:31,095 [FATAL] Updater:351 - Updater called before beeing initialized
2025-12-20 14:38:31,095 [ERROR] CADModel:125 - Updater not yet initialized, retry later 
2025-12-20 14:38:31,110 [FATAL] Updater:351 - Updater called before beeing initialized
2025-12-20 14:38:31,411 [FATAL] Updater:351 - Updater called before beeing initialized
2025-12-20 14:38:31,479 [INFO] DbMcusAds:53 - JSON generation date=Tue Dec 16 00:11:46 CET 2025 (1765840306612)
2025-12-20 14:38:31,479 [FATAL] Updater:351 - Updater called before beeing initialized
2025-12-20 14:38:31,664 [WARN] DetailPanel:346 - Failed to get advertising image, set to default
2025-12-20 14:38:32,291 [FATAL] Updater:351 - Updater called before beeing initialized
2025-12-20 14:38:32,338 [FATAL] Updater:351 - Updater called before beeing initialized
2025-12-20 14:38:32,338 [FATAL] Updater:351 - Updater called before beeing initialized
2025-12-20 14:38:32,339 [WARN] DetailPanel:346 - Failed to get advertising image, set to default
2025-12-20 14:38:32,341 [FATAL] Updater:351 - Updater called before beeing initialized
2025-12-20 14:38:32,380 [INFO] ThirdPartyUpdaterWithRetryManager:70 - Updater plugin not ready yet. [3/15]
2025-12-20 14:38:32,536 [ERROR] Updater:1198 - MainUpdater not yet initialized. External WinMGr cannot be set.
2025-12-20 14:38:32,545 [INFO] Updater:1134 - Updater Version found : 6.14.1
2025-12-20 14:38:32,585 [INFO] ApplicationProperties:184 - Using Application install path: C:\ST\STM32CubeIDE_1.18.1\STM32CubeIDE\plugins\com.st.stm32cube.common.mx_6.14.1.202504091515
2025-12-20 14:38:34,236 [ERROR] LogOutputStream:75 - [STDERR_REDIRECT] Dec 20, 2025 2:38:34 PM java.util.prefs.WindowsPreferences <init>
2025-12-20 14:38:34,238 [ERROR] LogOutputStream:75 - [STDERR_REDIRECT] WARNING: Could not open/create prefs root node Software\JavaSoft\Prefs at root 0xffffffff80000002. Windows RegCreateKeyEx(...) returned error code 5.
2025-12-20 14:38:34,238 [ERROR] LogOutputStream:75 - [STDERR_REDIRECT] 
2025-12-20 14:38:34,825 [ERROR] ConfigurationRetriever:142 - IOException on connection: Connect timed out
2025-12-20 14:38:35,381 [FATAL] Updater:351 - Updater called before beeing initialized
2025-12-20 14:38:35,381 [ERROR] IntegrityCheckThread:130 - Cannot retrieve database content from updater: error 21
2025-12-20 14:38:35,381 [INFO] ThirdParty:978 - Integrity check success = false
2025-12-20 14:38:35,381 [INFO] IntegrityCheckThread:100 - exiting critical section [integrity check]
2025-12-20 14:38:35,382 [INFO] IntegrityCheckThread:103 - End integrity checks thread
2025-12-20 14:38:35,498 [ERROR] ConfigurationRetriever:142 - IOException on connection: Connect timed out
2025-12-20 14:38:37,500 [ERROR] ConfigurationRetriever:142 - IOException on connection: Connect timed out
2025-12-20 14:38:38,658 [WARN] CheckConnectionManager:291 - Warning during Server Connection :  timeout Connect to sw-center.st.com:443 [sw-center.st.com/195.29.180.41, sw-center.st.com/195.29.180.27] failed: Connect timed out
2025-12-20 14:38:39,501 [ERROR] ConfigurationRetriever:142 - IOException on connection: Connect timed out
2025-12-20 14:38:39,826 [ERROR] ConfigurationRetriever:142 - IOException on connection: Connect timed out
2025-12-20 14:38:42,662 [WARN] CheckConnectionManager:291 - Warning during Server Connection :  timeout Connect to sw-center.st.com:443 [sw-center.st.com/195.29.180.41, sw-center.st.com/195.29.180.27] failed: Connect timed out
2025-12-20 14:38:42,666 [INFO] MainUpdater:2872 - connection check result : 22
2025-12-20 14:38:42,667 [INFO] MainUpdater:289 - Updater Check For Update Now.
2025-12-20 14:38:42,667 [INFO] MicroXplorer:498 - Change Database Version : DB.6.0.141
2025-12-20 14:38:42,679 [INFO] McuFinderGlobals:63 - Set McuFinder mode to 2 (CubeIDE integrated)
2025-12-20 14:38:42,681 [INFO] UserAuth:484 - Internet connection configuration mode: 2
2025-12-20 14:38:42,701 [INFO] UserAuth:484 - Internet connection configuration mode: 2
2025-12-20 14:38:43,034 [INFO] CheckServerUpdateThread:120 - End of CheckServer Thread
2025-12-20 14:57:45,147 [ERROR] ConfigurationRetriever:142 - IOException on connection: sw-center.st.com
2025-12-20 14:57:45,147 [ERROR] ConfigurationRetriever:142 - IOException on connection: sw-center.st.com
2025-12-20 14:57:45,148 [ERROR] ConfigurationRetriever:142 - IOException on connection: sw-center.st.com
2025-12-20 15:00:31,712 [ERROR] ConfigurationRetriever:142 - IOException on connection: sw-center.st.com
2025-12-20 15:00:31,712 [ERROR] ConfigurationRetriever:142 - IOException on connection: sw-center.st.com
2025-12-20 15:00:31,713 [ERROR] ConfigurationRetriever:142 - IOException on connection: sw-center.st.com
2025-12-20 15:00:34,180 [ERROR] ConfigurationRetriever:142 - IOException on connection: sw-center.st.com
2025-12-20 15:00:34,180 [ERROR] ConfigurationRetriever:142 - IOException on connection: sw-center.st.com
2025-12-20 15:00:34,181 [ERROR] ConfigurationRetriever:142 - IOException on connection: sw-center.st.com
2025-12-20 15:28:02,282 [ERROR] ConfigurationRetriever:142 - IOException on connection: Connect timed out
2025-12-20 15:28:04,284 [ERROR] ConfigurationRetriever:142 - IOException on connection: Connect timed out
2025-12-20 15:28:06,287 [ERROR] ConfigurationRetriever:142 - IOException on connection: Connect timed out
2025-12-20 15:35:59,709 [ERROR] ConfigurationRetriever:142 - IOException on connection: sw-center.st.com
2025-12-20 15:35:59,710 [ERROR] ConfigurationRetriever:142 - IOException on connection: sw-center.st.com
2025-12-20 15:35:59,711 [ERROR] ConfigurationRetriever:142 - IOException on connection: sw-center.st.com
2025-12-20 15:36:15,525 [ERROR] ConfigurationRetriever:142 - IOException on connection: sw-center.st.com
2025-12-20 15:36:15,525 [ERROR] ConfigurationRetriever:142 - IOException on connection: sw-center.st.com
2025-12-20 15:36:15,526 [ERROR] ConfigurationRetriever:142 - IOException on connection: sw-center.st.com
2025-12-20 15:36:34,851 [ERROR] ConfigurationRetriever:142 - IOException on connection: sw-center.st.com
2025-12-20 15:36:34,852 [ERROR] ConfigurationRetriever:142 - IOException on connection: sw-center.st.com
2025-12-20 15:36:34,853 [ERROR] ConfigurationRetriever:142 - IOException on connection: sw-center.st.com
2025-12-20 15:59:03,738 [ERROR] ConfigurationRetriever:142 - IOException on connection: sw-center.st.com
2025-12-20 15:59:03,740 [ERROR] ConfigurationRetriever:142 - IOException on connection: sw-center.st.com
2025-12-20 15:59:03,740 [ERROR] ConfigurationRetriever:142 - IOException on connection: sw-center.st.com
2025-12-20 15:59:10,089 [ERROR] ConfigurationRetriever:142 - IOException on connection: sw-center.st.com
2025-12-20 15:59:10,091 [ERROR] ConfigurationRetriever:142 - IOException on connection: sw-center.st.com
2025-12-20 15:59:10,091 [ERROR] ConfigurationRetriever:142 - IOException on connection: sw-center.st.com
2025-12-20 16:09:50,095 [ERROR] ConfigurationRetriever:142 - IOException on connection: sw-center.st.com
2025-12-20 16:09:50,096 [ERROR] ConfigurationRetriever:142 - IOException on connection: sw-center.st.com
2025-12-20 16:09:50,096 [ERROR] ConfigurationRetriever:142 - IOException on connection: sw-center.st.com
2025-12-20 16:39:16,137 [ERROR] ConfigurationRetriever:142 - IOException on connection: sw-center.st.com
2025-12-20 16:39:16,138 [ERROR] ConfigurationRetriever:142 - IOException on connection: sw-center.st.com
2025-12-20 16:39:16,138 [ERROR] ConfigurationRetriever:142 - IOException on connection: sw-center.st.com
2025-12-20 16:39:16,167 [ERROR] ConfigurationRetriever:142 - IOException on connection: sw-center.st.com
2025-12-20 16:39:16,167 [ERROR] ConfigurationRetriever:142 - IOException on connection: sw-center.st.com
2025-12-20 16:39:16,168 [ERROR] ConfigurationRetriever:142 - IOException on connection: sw-center.st.com
2025-12-20 16:42:23,680 [ERROR] LogOutputStream:75 - [STDERR_REDIRECT] 
2025-12-20 16:42:31,022 [INFO] Activator:176 - 


2025-12-20 16:42:31,026 [INFO] Activator:177 - !SESSION log4j initialized
2025-12-20 16:42:39,273 [INFO] LogOutputStream:77 - [STDOUT_REDIRECT] 
2025-12-20 16:42:40,841 [INFO] ApplicationProperties:184 - Using Application install path: C:\ST\STM32CubeIDE_1.18.1\STM32CubeIDE\plugins\com.st.stm32cube.common.mx_6.14.1.202504091515
2025-12-20 16:42:40,865 [INFO] DbMcusXml:78 - Set database path to: C:\ST\STM32CubeIDE_1.18.1\STM32CubeIDE\plugins\com.st.stm32cube.common.mx_6.14.1.202504091515\\db\/mcu/
2025-12-20 16:42:40,865 [INFO] ApiDb:274 - Set plugin database path to: C:\ST\STM32CubeIDE_1.18.1\STM32CubeIDE\plugins\com.st.stm32cube.common.mx_6.14.1.202504091515\\db\/plugins/boardmanager/
2025-12-20 16:42:40,865 [WARN] ApiDb:259 - Overriding images path with different value:  => C:\ST\STM32CubeIDE_1.18.1\STM32CubeIDE\plugins\com.st.stm32cube.common.mx_6.14.1.202504091515\\db\/plugins/mcufinder/images/
2025-12-20 16:42:40,873 [INFO] ApiDb:250 - Set database path to: C:\Users\Gluscic\.stmcufinder\plugins\mcufinder//mcu/
2025-12-20 16:42:40,874 [INFO] DbMcusAds:125 - Set database path to: C:\Users\Gluscic\.stmcufinder\plugins\mcufinder//mcu/
2025-12-20 16:42:40,878 [INFO] CrossReferenceDbSqlite:203 - Set database path to: C:\Users\Gluscic\.stmcufinder\plugins\mcufinder//mcu/cs/
2025-12-20 16:42:41,087 [INFO] RulesReader:64 - Compatibility file has been processed (302 Rules)
2025-12-20 16:42:41,208 [INFO] DbMcusXml:78 - Set database path to: C:\ST\STM32CubeIDE_1.18.1\STM32CubeIDE\plugins\com.st.stm32cube.common.mx_6.14.1.202504091515\\db\/mcu/
2025-12-20 16:42:41,209 [INFO] ApiDb:274 - Set plugin database path to: C:\ST\STM32CubeIDE_1.18.1\STM32CubeIDE\plugins\com.st.stm32cube.common.mx_6.14.1.202504091515\\db\/plugins/boardmanager/
2025-12-20 16:42:41,209 [INFO] ApiDb:261 - Set plugin images path to: C:\ST\STM32CubeIDE_1.18.1\STM32CubeIDE\plugins\com.st.stm32cube.common.mx_6.14.1.202504091515\\db\/plugins/mcufinder/images/
2025-12-20 16:42:41,209 [WARN] DbFile:41 - Overriding database path with different value: C:\Users\Gluscic\.stmcufinder\plugins\mcufinder/ => C:\Users\Gluscic\.stmcufinder\plugins\mcufinder
2025-12-20 16:42:41,209 [INFO] ApiDb:250 - Set database path to: C:\Users\Gluscic\.stmcufinder\plugins\mcufinder//mcu/
2025-12-20 16:42:41,210 [WARN] DbFile:41 - Overriding database path with different value: C:\Users\Gluscic\.stmcufinder\plugins\mcufinder/ => C:\Users\Gluscic\.stmcufinder\plugins\mcufinder
2025-12-20 16:42:41,210 [INFO] DbMcusAds:125 - Set database path to: C:\Users\Gluscic\.stmcufinder\plugins\mcufinder//mcu/
2025-12-20 16:42:41,210 [WARN] DbFile:41 - Overriding database path with different value: C:\Users\Gluscic\.stmcufinder\plugins\mcufinder/ => C:\Users\Gluscic\.stmcufinder\plugins\mcufinder
2025-12-20 16:42:41,210 [WARN] DbFile:41 - Overriding database path with different value: C:\Users\Gluscic\.stmcufinder\plugins\mcufinder/ => C:\Users\Gluscic\.stmcufinder\plugins\mcufinder
2025-12-20 16:42:41,210 [INFO] CrossReferenceDbSqlite:203 - Set database path to: C:\Users\Gluscic\.stmcufinder\plugins\mcufinder//mcu/cs/
2025-12-20 16:42:41,309 [INFO] MainPanel:272 - HeapMemory: 268435456
2025-12-20 16:42:41,414 [INFO] DbMcusXml:78 - Set database path to: C:\ST\STM32CubeIDE_1.18.1\STM32CubeIDE\plugins\com.st.stm32cube.common.mx_6.14.1.202504091515\\db\/mcu/
2025-12-20 16:42:41,415 [INFO] ApiDb:274 - Set plugin database path to: C:\ST\STM32CubeIDE_1.18.1\STM32CubeIDE\plugins\com.st.stm32cube.common.mx_6.14.1.202504091515\\db\/plugins/boardmanager/
2025-12-20 16:42:41,415 [INFO] ApiDb:261 - Set plugin images path to: C:\ST\STM32CubeIDE_1.18.1\STM32CubeIDE\plugins\com.st.stm32cube.common.mx_6.14.1.202504091515\\db\/plugins/mcufinder/images/
2025-12-20 16:42:41,415 [WARN] DbFile:41 - Overriding database path with different value: C:\Users\Gluscic\.stmcufinder\plugins\mcufinder/ => C:\Users\Gluscic\.stmcufinder\plugins\mcufinder
2025-12-20 16:42:41,416 [INFO] ApiDb:250 - Set database path to: C:\Users\Gluscic\.stmcufinder\plugins\mcufinder//mcu/
2025-12-20 16:42:41,416 [WARN] DbFile:41 - Overriding database path with different value: C:\Users\Gluscic\.stmcufinder\plugins\mcufinder/ => C:\Users\Gluscic\.stmcufinder\plugins\mcufinder
2025-12-20 16:42:41,416 [INFO] DbMcusAds:125 - Set database path to: C:\Users\Gluscic\.stmcufinder\plugins\mcufinder//mcu/
2025-12-20 16:42:41,416 [WARN] DbFile:41 - Overriding database path with different value: C:\Users\Gluscic\.stmcufinder\plugins\mcufinder/ => C:\Users\Gluscic\.stmcufinder\plugins\mcufinder
2025-12-20 16:42:41,416 [WARN] DbFile:41 - Overriding database path with different value: C:\Users\Gluscic\.stmcufinder\plugins\mcufinder/ => C:\Users\Gluscic\.stmcufinder\plugins\mcufinder
2025-12-20 16:42:41,416 [INFO] CrossReferenceDbSqlite:203 - Set database path to: C:\Users\Gluscic\.stmcufinder\plugins\mcufinder//mcu/cs/
2025-12-20 16:42:41,438 [INFO] ApplicationProperties:184 - Using Application install path: C:\ST\STM32CubeIDE_1.18.1\STM32CubeIDE\plugins\com.st.stm32cube.common.mx_6.14.1.202504091515
2025-12-20 16:42:41,439 [INFO] PluginManage:196 - Search for loadable plugins [exclusion list=, ]
2025-12-20 16:42:41,441 [INFO] PluginManage:310 - Check plugin analytics
2025-12-20 16:42:41,709 [INFO] AnalyticsPlugin:253 - Accepted Software Licenses: 
2025-12-20 16:42:41,709 [INFO] AnalyticsPlugin:255 - Accepted CMSIS Pack Licenses: 
2025-12-20 16:42:41,709 [INFO] AnalyticsPlugin:257 - Accepted Firmware Licenses: FW.F4.1.28.0,FW.G4.1.6.0
2025-12-20 16:42:41,714 [INFO] PluginManage:359 - Loaded plugin analytics (category:tool,tabindex:-1)
2025-12-20 16:42:41,714 [INFO] PluginManage:310 - Check plugin cadmodel
2025-12-20 16:42:41,723 [INFO] CADModel:105 - Init CAD model plugin
2025-12-20 16:42:41,724 [INFO] PluginManage:359 - Loaded plugin cadmodel (category:power,tabindex:5)
2025-12-20 16:42:41,729 [INFO] PluginManage:310 - Check plugin clock
2025-12-20 16:42:41,743 [INFO] PluginManage:359 - Loaded plugin clock (category:base,tabindex:2)
2025-12-20 16:42:41,743 [INFO] PluginManage:310 - Check plugin ddr
2025-12-20 16:42:41,746 [INFO] PluginManage:359 - Loaded plugin ddr (category:tool,tabindex:6)
2025-12-20 16:42:41,746 [INFO] PluginManage:310 - Check plugin filemanager
2025-12-20 16:42:41,921 [INFO] PluginManage:359 - Loaded plugin filemanager (category:base,tabindex:10)
2025-12-20 16:42:41,921 [INFO] PluginManage:310 - Check plugin ipmanager
2025-12-20 16:42:41,930 [INFO] PluginManage:359 - Loaded plugin ipmanager (category:base,tabindex:5)
2025-12-20 16:42:41,930 [INFO] PluginManage:310 - Check plugin lpbam
2025-12-20 16:42:41,941 [INFO] PluginManage:359 - Loaded plugin lpbam (category:base,tabindex:0)
2025-12-20 16:42:41,941 [INFO] PluginManage:310 - Check plugin memorymap
2025-12-20 16:42:41,955 [INFO] PluginManage:359 - Loaded plugin memorymap (category:base,tabindex:4)
2025-12-20 16:42:41,955 [INFO] PluginManage:310 - Check plugin pinoutandconfiguration
2025-12-20 16:42:41,965 [INFO] PluginManage:359 - Loaded plugin pinoutandconfiguration (category:base,tabindex:1)
2025-12-20 16:42:41,965 [INFO] PluginManage:310 - Check plugin pinoutconfig
2025-12-20 16:42:42,091 [WARN] SupportedApi:132 - Cannot load RTOS API schema: s4s-elt-must-match.1: The content of 'definitions' must match (annotation?, (simpleType | complexType)?, (unique | key | keyref)*)). A problem was found starting at: attribute.
2025-12-20 16:42:42,276 [INFO] PluginManage:359 - Loaded plugin pinoutconfig (category:base,tabindex:0)
2025-12-20 16:42:42,276 [INFO] PluginManage:310 - Check plugin power
2025-12-20 16:42:42,287 [INFO] PluginManage:359 - Loaded plugin power (category:power,tabindex:4)
2025-12-20 16:42:42,287 [INFO] PluginManage:310 - Check plugin projectmanager
2025-12-20 16:42:42,310 [INFO] PluginManage:359 - Loaded plugin projectmanager (category:projectmanager,tabindex:4)
2025-12-20 16:42:42,310 [INFO] PluginManage:310 - Check plugin rif
2025-12-20 16:42:42,318 [INFO] PluginManage:359 - Loaded plugin rif (category:base,tabindex:3)
2025-12-20 16:42:42,319 [INFO] PluginManage:310 - Check plugin thirdparty
2025-12-20 16:42:42,521 [INFO] PluginManage:359 - Loaded plugin thirdparty (category:base,tabindex:-1)
2025-12-20 16:42:42,521 [INFO] PluginManage:310 - Check plugin tools
2025-12-20 16:42:42,520 [WARN] IntegrityCheckThread:84 - waiting for thirdparty lock release [integrity check]
2025-12-20 16:42:42,522 [INFO] IntegrityCheckThread:86 - entering critical section [integrity check]
2025-12-20 16:42:42,523 [INFO] ThirdPartyUpdaterWithRetryManager:70 - Updater plugin not ready yet. [1/15]
2025-12-20 16:42:42,526 [INFO] PluginManage:359 - Loaded plugin tools (category:base,tabindex:7)
2025-12-20 16:42:42,526 [INFO] PluginManage:310 - Check plugin tutovideos
2025-12-20 16:42:42,759 [INFO] PluginManage:359 - Loaded plugin tutovideos (category:base,tabindex:-1)
2025-12-20 16:42:42,759 [INFO] PluginManage:310 - Check plugin updater
2025-12-20 16:42:42,790 [INFO] PluginManage:359 - Loaded plugin updater (category:base,tabindex:12)
2025-12-20 16:42:42,790 [INFO] PluginManage:310 - Check plugin userauth
2025-12-20 16:42:42,795 [INFO] UserAuth:118 - Init User Auth plugin
2025-12-20 16:42:42,797 [INFO] PluginManage:359 - Loaded plugin userauth (category:base,tabindex:14)
2025-12-20 16:42:42,797 [INFO] PluginManage:283 - PluginManage : Loaded plugins [18]
2025-12-20 16:42:43,054 [INFO] PinOutPanel:1589 - setPackage(No Configuration,No Configuration)
2025-12-20 16:42:43,165 [INFO] CADModel:165 - CPN selected for project level
2025-12-20 16:42:43,166 [INFO] CADModel:114 - Register for checkConnection events
2025-12-20 16:42:43,185 [INFO] IPUIPlugin:80 - create IPUIPlugin
2025-12-20 16:42:43,186 [INFO] PluginManager:220 - loadIPPluginJar : add adc
2025-12-20 16:42:43,189 [INFO] IPUIPlugin:80 - create IPUIPlugin
2025-12-20 16:42:43,190 [INFO] PluginManager:220 - loadIPPluginJar : add aes
2025-12-20 16:42:43,193 [INFO] IPUIPlugin:80 - create IPUIPlugin
2025-12-20 16:42:43,193 [INFO] PluginManager:220 - loadIPPluginJar : add can
2025-12-20 16:42:43,195 [INFO] IPUIPlugin:80 - create IPUIPlugin
2025-12-20 16:42:43,196 [INFO] PluginManager:220 - loadIPPluginJar : add comp
2025-12-20 16:42:43,200 [INFO] IPUIPlugin:80 - create IPUIPlugin
2025-12-20 16:42:43,200 [INFO] PluginManager:220 - loadIPPluginJar : add cryp
2025-12-20 16:42:43,203 [INFO] IPUIPlugin:80 - create IPUIPlugin
2025-12-20 16:42:43,203 [INFO] PluginManager:220 - loadIPPluginJar : add ddr_ctrl_phy
2025-12-20 16:42:43,207 [INFO] IPUIPlugin:80 - create IPUIPlugin
2025-12-20 16:42:43,207 [INFO] PluginManager:220 - loadIPPluginJar : add dfsdm
2025-12-20 16:42:43,214 [INFO] IPUIPlugin:80 - create IPUIPlugin
2025-12-20 16:42:43,215 [INFO] PluginManager:220 - loadIPPluginJar : add dma
2025-12-20 16:42:43,218 [INFO] IPUIPlugin:80 - create IPUIPlugin
2025-12-20 16:42:43,218 [INFO] PluginManager:220 - loadIPPluginJar : add dma3
2025-12-20 16:42:43,222 [INFO] IPUIPlugin:80 - create IPUIPlugin
2025-12-20 16:42:43,222 [INFO] PluginManager:220 - loadIPPluginJar : add extmemmanager
2025-12-20 16:42:43,224 [INFO] IPUIPlugin:80 - create IPUIPlugin
2025-12-20 16:42:43,224 [INFO] PluginManager:220 - loadIPPluginJar : add fatfs
2025-12-20 16:42:43,231 [INFO] IPUIPlugin:80 - create IPUIPlugin
2025-12-20 16:42:43,231 [INFO] PluginManager:220 - loadIPPluginJar : add fmc
2025-12-20 16:42:43,237 [INFO] IPUIPlugin:80 - create IPUIPlugin
2025-12-20 16:42:43,237 [INFO] PluginManager:220 - loadIPPluginJar : add freertos
2025-12-20 16:42:43,239 [INFO] IPUIPlugin:80 - create IPUIPlugin
2025-12-20 16:42:43,239 [INFO] PluginManager:220 - loadIPPluginJar : add genericplugin
2025-12-20 16:42:43,241 [INFO] IPUIPlugin:80 - create IPUIPlugin
2025-12-20 16:42:43,242 [INFO] PluginManager:220 - loadIPPluginJar : add gfxmmu
2025-12-20 16:42:43,248 [INFO] IPUIPlugin:80 - create IPUIPlugin
2025-12-20 16:42:43,249 [INFO] PluginManager:220 - loadIPPluginJar : add gic
2025-12-20 16:42:43,254 [INFO] IPUIPlugin:80 - create IPUIPlugin
2025-12-20 16:42:43,254 [INFO] PluginManager:220 - loadIPPluginJar : add gpio
2025-12-20 16:42:43,258 [INFO] IPUIPlugin:80 - create IPUIPlugin
2025-12-20 16:42:43,258 [INFO] PluginManager:220 - loadIPPluginJar : add gtzc
2025-12-20 16:42:43,261 [INFO] IPUIPlugin:80 - create IPUIPlugin
2025-12-20 16:42:43,261 [INFO] PluginManager:220 - loadIPPluginJar : add hash
2025-12-20 16:42:43,265 [INFO] IPUIPlugin:80 - create IPUIPlugin
2025-12-20 16:42:43,265 [INFO] PluginManager:220 - loadIPPluginJar : add i2c
2025-12-20 16:42:43,268 [INFO] IPUIPlugin:80 - create IPUIPlugin
2025-12-20 16:42:43,269 [INFO] PluginManager:220 - loadIPPluginJar : add i2s
2025-12-20 16:42:43,273 [INFO] IPUIPlugin:80 - create IPUIPlugin
2025-12-20 16:42:43,273 [INFO] PluginManager:220 - loadIPPluginJar : add i3c
2025-12-20 16:42:43,276 [INFO] IPUIPlugin:80 - create IPUIPlugin
2025-12-20 16:42:43,277 [INFO] PluginManager:220 - loadIPPluginJar : add ipddr
2025-12-20 16:42:43,284 [INFO] IPUIPlugin:80 - create IPUIPlugin
2025-12-20 16:42:43,284 [INFO] PluginManager:220 - loadIPPluginJar : add linkedlist
2025-12-20 16:42:43,288 [INFO] IPUIPlugin:80 - create IPUIPlugin
2025-12-20 16:42:43,288 [INFO] PluginManager:220 - loadIPPluginJar : add lorawan
2025-12-20 16:42:43,290 [INFO] IPUIPlugin:80 - create IPUIPlugin
2025-12-20 16:42:43,290 [INFO] PluginManager:220 - loadIPPluginJar : add ltdc
2025-12-20 16:42:43,297 [INFO] IPUIPlugin:80 - create IPUIPlugin
2025-12-20 16:42:43,298 [INFO] PluginManager:220 - loadIPPluginJar : add mdma
2025-12-20 16:42:43,302 [INFO] IPUIPlugin:80 - create IPUIPlugin
2025-12-20 16:42:43,302 [INFO] PluginManager:220 - loadIPPluginJar : add nvic
2025-12-20 16:42:43,306 [INFO] IPUIPlugin:80 - create IPUIPlugin
2025-12-20 16:42:43,306 [INFO] PluginManager:220 - loadIPPluginJar : add opamp
2025-12-20 16:42:43,310 [INFO] IPUIPlugin:80 - create IPUIPlugin
2025-12-20 16:42:43,311 [INFO] PluginManager:220 - loadIPPluginJar : add openamp
2025-12-20 16:42:43,314 [INFO] IPUIPlugin:80 - create IPUIPlugin
2025-12-20 16:42:43,315 [INFO] PluginManager:220 - loadIPPluginJar : add pdm2pcm
2025-12-20 16:42:43,323 [INFO] IPUIPlugin:80 - create IPUIPlugin
2025-12-20 16:42:43,326 [INFO] PluginManager:220 - loadIPPluginJar : add plateformsettings
2025-12-20 16:42:43,328 [INFO] IPUIPlugin:80 - create IPUIPlugin
2025-12-20 16:42:43,328 [INFO] PluginManager:220 - loadIPPluginJar : add quadspi
2025-12-20 16:42:43,331 [INFO] IPUIPlugin:80 - create IPUIPlugin
2025-12-20 16:42:43,332 [INFO] PluginManager:220 - loadIPPluginJar : add radio
2025-12-20 16:42:43,336 [INFO] IPUIPlugin:80 - create IPUIPlugin
2025-12-20 16:42:43,336 [INFO] PluginManager:220 - loadIPPluginJar : add resmgrutility
2025-12-20 16:42:43,340 [INFO] IPUIPlugin:80 - create IPUIPlugin
2025-12-20 16:42:43,340 [INFO] PluginManager:220 - loadIPPluginJar : add sai
2025-12-20 16:42:43,343 [INFO] IPUIPlugin:80 - create IPUIPlugin
2025-12-20 16:42:43,343 [INFO] PluginManager:220 - loadIPPluginJar : add spi
2025-12-20 16:42:43,350 [INFO] IPUIPlugin:80 - create IPUIPlugin
2025-12-20 16:42:43,351 [INFO] PluginManager:220 - loadIPPluginJar : add stm32_wpan
2025-12-20 16:42:43,353 [INFO] IPUIPlugin:80 - create IPUIPlugin
2025-12-20 16:42:43,353 [INFO] PluginManager:220 - loadIPPluginJar : add tim
2025-12-20 16:42:43,357 [INFO] IPUIPlugin:80 - create IPUIPlugin
2025-12-20 16:42:43,357 [INFO] PluginManager:220 - loadIPPluginJar : add touchsensing
2025-12-20 16:42:43,360 [INFO] IPUIPlugin:80 - create IPUIPlugin
2025-12-20 16:42:43,360 [INFO] PluginManager:220 - loadIPPluginJar : add tracer_emb
2025-12-20 16:42:43,362 [INFO] IPUIPlugin:80 - create IPUIPlugin
2025-12-20 16:42:43,362 [INFO] PluginManager:220 - loadIPPluginJar : add ts
2025-12-20 16:42:43,364 [INFO] IPUIPlugin:80 - create IPUIPlugin
2025-12-20 16:42:43,365 [INFO] PluginManager:220 - loadIPPluginJar : add tsc
2025-12-20 16:42:43,367 [INFO] IPUIPlugin:80 - create IPUIPlugin
2025-12-20 16:42:43,367 [INFO] PluginManager:220 - loadIPPluginJar : add ucpd
2025-12-20 16:42:43,371 [INFO] IPUIPlugin:80 - create IPUIPlugin
2025-12-20 16:42:43,371 [INFO] PluginManager:220 - loadIPPluginJar : add usart
2025-12-20 16:42:43,375 [INFO] IPUIPlugin:80 - create IPUIPlugin
2025-12-20 16:42:43,375 [INFO] PluginManager:220 - loadIPPluginJar : add usbx
2025-12-20 16:42:43,531 [FATAL] Updater:351 - Updater called before beeing initialized
2025-12-20 16:42:43,563 [INFO] RulesReader:64 - Compatibility file has been processed (302 Rules)
2025-12-20 16:42:43,582 [INFO] RulesReader:64 - Compatibility file has been processed (302 Rules)
2025-12-20 16:42:43,592 [INFO] CADModel:165 - CPN selected for project level
2025-12-20 16:42:43,592 [INFO] CADModel:114 - Register for checkConnection events
2025-12-20 16:42:43,592 [FATAL] Updater:351 - Updater called before beeing initialized
2025-12-20 16:42:43,592 [ERROR] CADModel:125 - Updater not yet initialized, retry later 
2025-12-20 16:42:43,758 [FATAL] Updater:351 - Updater called before beeing initialized
2025-12-20 16:42:43,764 [INFO] CADModel:165 - CPN selected for project level
2025-12-20 16:42:43,764 [INFO] CADModel:114 - Register for checkConnection events
2025-12-20 16:42:43,764 [FATAL] Updater:351 - Updater called before beeing initialized
2025-12-20 16:42:43,764 [ERROR] CADModel:125 - Updater not yet initialized, retry later 
2025-12-20 16:42:43,764 [FATAL] Updater:351 - Updater called before beeing initialized
2025-12-20 16:42:43,946 [FATAL] Updater:351 - Updater called before beeing initialized
2025-12-20 16:42:43,952 [INFO] DbMcusAds:53 - JSON generation date=Tue Dec 16 00:11:46 CET 2025 (1765840306612)
2025-12-20 16:42:43,952 [FATAL] Updater:351 - Updater called before beeing initialized
2025-12-20 16:42:43,994 [WARN] DetailPanel:346 - Failed to get advertising image, set to default
2025-12-20 16:42:44,304 [FATAL] Updater:351 - Updater called before beeing initialized
2025-12-20 16:42:44,304 [FATAL] Updater:351 - Updater called before beeing initialized
2025-12-20 16:42:44,304 [FATAL] Updater:351 - Updater called before beeing initialized
2025-12-20 16:42:44,304 [WARN] DetailPanel:346 - Failed to get advertising image, set to default
2025-12-20 16:42:44,304 [FATAL] Updater:351 - Updater called before beeing initialized
2025-12-20 16:42:44,366 [ERROR] Updater:1198 - MainUpdater not yet initialized. External WinMGr cannot be set.
2025-12-20 16:42:44,366 [INFO] Updater:1134 - Updater Version found : 6.14.1
2025-12-20 16:42:44,382 [INFO] ApplicationProperties:184 - Using Application install path: C:\ST\STM32CubeIDE_1.18.1\STM32CubeIDE\plugins\com.st.stm32cube.common.mx_6.14.1.202504091515
2025-12-20 16:42:45,525 [INFO] ThirdPartyUpdaterWithRetryManager:70 - Updater plugin not ready yet. [2/15]
2025-12-20 16:42:45,997 [ERROR] LogOutputStream:75 - [STDERR_REDIRECT] Dec 20, 2025 4:42:45 PM java.util.prefs.WindowsPreferences <init>
2025-12-20 16:42:46,000 [ERROR] LogOutputStream:75 - [STDERR_REDIRECT] WARNING: Could not open/create prefs root node Software\JavaSoft\Prefs at root 0xffffffff80000002. Windows RegCreateKeyEx(...) returned error code 5.
2025-12-20 16:42:46,001 [ERROR] LogOutputStream:75 - [STDERR_REDIRECT] 
2025-12-20 16:42:46,497 [INFO] MainUpdater:2872 - connection check result : 10
2025-12-20 16:42:46,498 [INFO] MainUpdater:289 - Updater Check For Update Now.
2025-12-20 16:42:46,498 [INFO] MicroXplorer:498 - Change Database Version : DB.6.0.141
2025-12-20 16:42:46,506 [INFO] McuFinderGlobals:63 - Set McuFinder mode to 2 (CubeIDE integrated)
2025-12-20 16:42:46,506 [INFO] UserAuth:484 - Internet connection configuration mode: 1
2025-12-20 16:42:46,663 [INFO] JxBrowserEngine:152 - Initiate JxBrowser Engine with user profile folder
2025-12-20 16:42:46,791 [INFO] CheckServerUpdateThread:120 - End of CheckServer Thread
2025-12-20 16:42:52,583 [WARN] PackLoader:240 - Cannot read IP mode file for STMicroelectronics.FP-SNS-MOTENVWB1.1.4.0
2025-12-20 16:42:52,792 [WARN] PackLoader:240 - Cannot read IP mode file for STMicroelectronics.FP-ATR-ASTRA1.2.0.2
2025-12-20 16:42:53,066 [WARN] PackLoader:240 - Cannot read IP mode file for STMicroelectronics.X-CUBE-SMBUS.2.1.0
2025-12-20 16:42:53,459 [WARN] PackLoader:240 - Cannot read IP mode file for STMicroelectronics.X-CUBE-ST60.1.0.0
2025-12-20 16:42:53,570 [WARN] PackLoader:240 - Cannot read IP mode file for STMicroelectronics.X-CUBE-AZRTOS-F7.1.1.0
2025-12-20 16:42:53,629 [ERROR] Engine:466 - C:\Users\Gluscic\.stm32cubemx\thirdparties\pdsc\STMicroelectronics.FP-SNS-MOTENV1.5.1.0.pdsc: PDSC version is not supported
2025-12-20 16:42:53,714 [WARN] PackLoader:240 - Cannot read IP mode file for Infineon.AIROC-Wi-Fi-Bluetooth-STM32.1.7.0
2025-12-20 16:42:53,811 [WARN] PackLoader:240 - Cannot read IP mode file for STMicroelectronics.X-CUBE-AZRTOS-H7.3.4.0
2025-12-20 16:42:53,904 [WARN] PackLoader:240 - Cannot read IP mode file for STMicroelectronics.X-CUBE-DISPLAY.3.0.0
2025-12-20 16:42:53,982 [WARN] PackLoader:240 - Cannot read IP mode file for STMicroelectronics.X-CUBE-NFC10.1.0.0
2025-12-20 16:42:54,048 [WARN] PackLoader:240 - Cannot read IP mode file for STMicroelectronics.X-CUBE-BLEMGR.4.0.0
2025-12-20 16:42:54,070 [WARN] PackLoader:240 - Cannot read IP mode file for STMicroelectronics.X-CUBE-ST60.1.1.0
2025-12-20 16:42:54,113 [WARN] PackLoader:240 - Cannot read IP mode file for emotas.I-CUBE-CANOPEN.1.3.0
2025-12-20 16:42:54,162 [WARN] PackLoader:240 - Cannot read IP mode file for STMicroelectronics.X-CUBE-GNSS1.7.1.0
2025-12-20 16:42:54,200 [WARN] ConditionMgr:438 - getConditionDescription Invalid condition id : Cortex-A Device cause : null
2025-12-20 16:42:54,284 [WARN] ConditionMgr:1044 - genDependencies : Invalid condition id : Cortex-A Device cause : null
2025-12-20 16:42:54,285 [WARN] ConditionMgr:1044 - genDependencies : Invalid condition id : Cortex-A Device cause : null
2025-12-20 16:42:54,285 [WARN] ConditionMgr:1044 - genDependencies : Invalid condition id : Cortex-A Device cause : null
2025-12-20 16:42:54,344 [ERROR] Engine:466 - C:\Users\Gluscic\.stm32cubemx\thirdparties\pdsc\STMicroelectronics.FP-SNS-STBOX1.2.1.0.pdsc: PDSC version is not supported
2025-12-20 16:42:54,361 [WARN] PackLoader:240 - Cannot read IP mode file for STMicroelectronics.FP-SNS-SMARTAG2.1.2.0
2025-12-20 16:42:54,410 [WARN] PackLoader:240 - Cannot read IP mode file for STMicroelectronics.FP-SNS-FLIGHT1.5.1.0
2025-12-20 16:42:54,469 [INFO] LogOutputStream:77 - [STDOUT_REDIRECT] 1 : Invalid condition id : UX_CORESTACK_Condition cause : null
2025-12-20 16:42:54,470 [INFO] LogOutputStream:77 - [STDOUT_REDIRECT] 1 : Invalid condition id : UX_CORESTACK_Condition cause : null
2025-12-20 16:42:54,471 [INFO] LogOutputStream:77 - [STDOUT_REDIRECT] 1 : Invalid condition id : UX_CORESTACK_Condition cause : null
2025-12-20 16:42:54,472 [INFO] LogOutputStream:77 - [STDOUT_REDIRECT] 1 : Invalid condition id : UX_CORESTACK_Condition cause : null
2025-12-20 16:42:54,473 [INFO] LogOutputStream:77 - [STDOUT_REDIRECT] 1 : Invalid condition id : UX_CORESTACK_Condition cause : null
2025-12-20 16:42:54,477 [WARN] PackLoader:240 - Cannot read IP mode file for STMicroelectronics.X-CUBE-AZRTOS-WL.2.0.0
2025-12-20 16:42:54,501 [WARN] PackLoader:240 - Cannot read IP mode file for STMicroelectronics.FP-SNS-MOTENV1.5.0.0
2025-12-20 16:42:54,558 [WARN] PackLoader:240 - Cannot read IP mode file for STMicroelectronics.X-CUBE-AZRTOS-H7RS.1.2.0
2025-12-20 16:42:54,648 [WARN] PackLoader:240 - Cannot read IP mode file for WES.I-CUBE-Cesium.1.3.0
2025-12-20 16:42:54,686 [WARN] PackLoader:240 - Cannot read IP mode file for STMicroelectronics.X-CUBE-BLE2.3.3.0
2025-12-20 16:42:54,774 [WARN] PackLoader:240 - Cannot read IP mode file for STMicroelectronics.X-CUBE-NFC9.1.0.0
2025-12-20 16:42:54,830 [WARN] PackLoader:240 - Cannot read IP mode file for wolfSSL.I-CUBE-wolfSSL.5.8.0
2025-12-20 16:42:54,891 [WARN] PackLoader:240 - Cannot read IP mode file for STMicroelectronics.X-CUBE-BLE1.7.1.0
2025-12-20 16:42:54,899 [INFO] WebApp:169 - Instantiating new browser for Auth
2025-12-20 16:42:54,913 [WARN] PackLoader:240 - Cannot read IP mode file for wolfSSL.I-CUBE-wolfMQTT.1.19.2
2025-12-20 16:42:54,965 [ERROR] Engine:466 - C:\Users\Gluscic\.stm32cubemx\thirdparties\pdsc\STMicroelectronics.X-CUBE-FREERTOS.1.4.0.pdsc: PDSC version is not supported
2025-12-20 16:42:55,071 [WARN] PackLoader:240 - Cannot read IP mode file for STMicroelectronics.X-CUBE-EEPRMA1.5.2.0
2025-12-20 16:42:55,118 [ERROR] Engine:466 - C:\Users\Gluscic\.stm32cubemx\thirdparties\pdsc\STMicroelectronics.X-CUBE-ST67W61.1.1.0.pdsc: PDSC version is not supported
2025-12-20 16:42:55,302 [WARN] PackLoader:240 - Cannot read IP mode file for STMicroelectronics.X-CUBE-AI.10.1.0
2025-12-20 16:42:55,637 [WARN] PackLoader:240 - Cannot read IP mode file for STMicroelectronics.X-CUBE-MEMS1.12.0.0
2025-12-20 16:42:56,035 [WARN] PackLoader:240 - Cannot read IP mode file for STMicroelectronics.X-CUBE-MEMS1.11.2.0
2025-12-20 16:42:56,318 [WARN] PackLoader:240 - Cannot read IP mode file for STMicroelectronics.X-CUBE-AZRTOS-G0.1.1.0
2025-12-20 16:42:56,363 [WARN] PackLoader:240 - Cannot read IP mode file for STMicroelectronics.X-CUBE-SAFEA1.1.2.2
2025-12-20 16:42:56,439 [WARN] PackLoader:240 - Cannot read IP mode file for STMicroelectronics.X-CUBE-NFC4.3.0.0
2025-12-20 16:42:56,508 [WARN] PackLoader:240 - Cannot read IP mode file for EmbeddedOffice.I-CUBE-FS-RTOS.1.0.1
2025-12-20 16:42:56,608 [WARN] PackLoader:240 - Cannot read IP mode file for STMicroelectronics.X-CUBE-WB05N.2.0.0
2025-12-20 16:42:56,659 [WARN] PackLoader:240 - Cannot read IP mode file for wolfSSL.I-CUBE-wolfTPM.3.8.0
2025-12-20 16:42:56,698 [WARN] PackLoader:240 - Cannot read IP mode file for STMicroelectronics.X-CUBE-TCPP.4.2.0
2025-12-20 16:42:56,737 [WARN] PackLoader:240 - Cannot read IP mode file for RealThread.X-CUBE-RT-Thread_Nano.4.1.1
2025-12-20 16:42:56,777 [WARN] PackLoader:240 - Cannot read IP mode file for STMicroelectronics.FP-ATR-SIGFOX1.3.2.0
2025-12-20 16:42:56,859 [WARN] PackLoader:240 - Cannot read IP mode file for STMicroelectronics.X-CUBE-EEPRMA1.5.1.0
2025-12-20 16:42:56,951 [WARN] PackLoader:240 - Cannot read IP mode file for ITTIA_DB.I-CUBE-ITTIADB.8.9.0
2025-12-20 16:42:57,065 [WARN] PackLoader:240 - Cannot read IP mode file for STMicroelectronics.X-CUBE-ST67W61.1.0.0
2025-12-20 16:42:57,182 [WARN] PackLoader:240 - Cannot read IP mode file for STMicroelectronics.X-CUBE-AI.10.2.0
2025-12-20 16:42:57,273 [WARN] PackLoader:240 - Cannot read IP mode file for SEGGER.I-CUBE-embOS.1.3.1
2025-12-20 16:42:57,321 [WARN] PackLoader:240 - Cannot read IP mode file for STMicroelectronics.X-CUBE-ALGOBUILD.1.4.0
2025-12-20 16:42:57,615 [WARN] PackLoader:240 - Cannot read IP mode file for STMicroelectronics.X-CUBE-MEMS1.11.3.0
2025-12-20 16:42:57,877 [WARN] PackLoader:240 - Cannot read IP mode file for STMicroelectronics.X-CUBE-PM33A1.1.0.0
2025-12-20 16:42:58,036 [WARN] PackLoader:240 - Cannot read IP mode file for STMicroelectronics.X-CUBE-AZRTOS-F4.1.1.0
2025-12-20 16:42:58,063 [WARN] PackLoader:240 - Cannot read IP mode file for Avnet-IotConnect.X-CUBE-IoTC-DA16k-PMOD.1.0.0
2025-12-20 16:42:58,133 [WARN] PackLoader:240 - Cannot read IP mode file for STMicroelectronics.X-CUBE-ISPU.2.1.0
2025-12-20 16:42:58,178 [ERROR] Engine:466 - C:\Users\Gluscic\.stm32cubemx\thirdparties\pdsc\STMicroelectronics.X-CUBE-IPS.3.2.0.pdsc: PDSC version is not supported
2025-12-20 16:42:58,233 [WARN] PackLoader:240 - Cannot read IP mode file for STMicroelectronics.X-CUBE-NFC12.1.0.0
2025-12-20 16:42:58,305 [WARN] PackLoader:240 - Cannot read IP mode file for STMicroelectronics.X-CUBE-AZRTOS-L5.2.0.0
2025-12-20 16:42:58,389 [WARN] PackLoader:240 - Cannot read IP mode file for STMicroelectronics.X-CUBE-NFC6.3.1.0
2025-12-20 16:42:58,459 [WARN] PackLoader:240 - Cannot read IP mode file for STMicroelectronics.X-CUBE-FREERTOS.1.3.1
2025-12-20 16:42:58,540 [WARN] PackLoader:240 - Cannot read IP mode file for STMicroelectronics.X-CUBE-TOUCHGFX.4.26.0
2025-12-20 16:42:58,647 [WARN] PackLoader:240 - Cannot read IP mode file for STMicroelectronics.FP-SNS-STAIOTCFT.1.0.0
2025-12-20 16:42:58,723 [WARN] PackLoader:240 - Cannot read IP mode file for STMicroelectronics.X-CUBE-DPower.1.3.0
2025-12-20 16:42:58,872 [WARN] ConditionMgr:438 - getConditionDescription Invalid condition id : LAN8742 Phy interface Condition cause : null
2025-12-20 16:42:58,873 [WARN] PackLoader:240 - Cannot read IP mode file for STMicroelectronics.X-CUBE-AZRTOS-L4.2.0.0
2025-12-20 16:42:58,874 [WARN] ConditionMgr:1044 - genDependencies : Invalid condition id : LAN8742 Phy interface Condition cause : null
2025-12-20 16:42:58,874 [WARN] ConditionMgr:1044 - genDependencies : Invalid condition id : LAN8742 Phy interface Condition cause : null
2025-12-20 16:42:58,875 [WARN] ConditionMgr:1044 - genDependencies : Invalid condition id : LAN8742 Phy interface Condition cause : null
2025-12-20 16:42:58,963 [WARN] PackLoader:240 - Cannot read IP mode file for STMicroelectronics.X-CUBE-SFXS2LP1.4.0.0
2025-12-20 16:42:59,369 [WARN] PackLoader:240 - Cannot read IP mode file for STMicroelectronics.X-CUBE-AZRTOS-H7.3.3.0
2025-12-20 16:42:59,429 [WARN] PackLoader:240 - Cannot read IP mode file for STMicroelectronics.X-CUBE-BLEMGR.4.1.0
2025-12-20 16:42:59,498 [WARN] ConditionMgr:438 - getConditionDescription Invalid condition id : UX DEVICE CLASS RTOS Condition cause : null
2025-12-20 16:42:59,498 [WARN] ConditionMgr:438 - getConditionDescription Invalid condition id : UX DEVICE CLASS RTOS Condition cause : null
2025-12-20 16:42:59,500 [WARN] PackLoader:240 - Cannot read IP mode file for STMicroelectronics.X-CUBE-AZRTOS-WB.2.0.0
2025-12-20 16:42:59,500 [WARN] ConditionMgr:1044 - genDependencies : Invalid condition id : UX DEVICE CLASS RTOS Condition cause : null
2025-12-20 16:42:59,501 [WARN] ConditionMgr:1044 - genDependencies : Invalid condition id : UX DEVICE CLASS RTOS Condition cause : null
2025-12-20 16:42:59,501 [WARN] ConditionMgr:1044 - genDependencies : Invalid condition id : UX DEVICE CLASS RTOS Condition cause : null
2025-12-20 16:42:59,502 [WARN] ConditionMgr:1044 - genDependencies : Invalid condition id : UX DEVICE CLASS RTOS Condition cause : null
2025-12-20 16:42:59,502 [WARN] ConditionMgr:1044 - genDependencies : Invalid condition id : UX DEVICE CLASS RTOS Condition cause : null
2025-12-20 16:42:59,547 [WARN] PackLoader:240 - Cannot read IP mode file for STMicroelectronics.X-CUBE-GNSS1.7.0.1
2025-12-20 16:42:59,589 [WARN] PackLoader:240 - Cannot read IP mode file for STMicroelectronics.X-CUBE-TOUCHGFX.4.25.0
2025-12-20 16:42:59,632 [WARN] PackLoader:240 - Cannot read IP mode file for STMicroelectronics.FP-SNS-STBOX1.2.0.0
2025-12-20 16:42:59,696 [WARN] PackLoader:240 - Cannot read IP mode file for STMicroelectronics.X-CUBE-SUBG2.5.0.0
2025-12-20 16:42:59,851 [WARN] PackLoader:240 - Cannot read IP mode file for STMicroelectronics.X-CUBE-AZRTOS-H7RS.1.1.0
2025-12-20 16:43:00,105 [WARN] PackLoader:240 - Cannot read IP mode file for Cesanta.I-CUBE-Mongoose.7.13.0
2025-12-20 16:43:00,416 [WARN] PackLoader:240 - Cannot read IP mode file for STMicroelectronics.X-CUBE-AZRTOS-G4.2.0.0
2025-12-20 16:43:01,036 [WARN] PackLoader:240 - Cannot read IP mode file for wolfSSL.I-CUBE-wolfSSH.1.4.20
2025-12-20 16:43:01,428 [WARN] PackLoader:240 - Cannot read IP mode file for STMicroelectronics.X-CUBE-NFC7.2.0.0
2025-12-20 16:43:01,545 [WARN] PackLoader:240 - Cannot read IP mode file for STMicroelectronics.X-CUBE-IPS.3.1.0
2025-12-20 16:43:01,610 [WARN] PackLoader:240 - Cannot read IP mode file for STMicroelectronics.X-CUBE-ALS.1.0.2
2025-12-20 16:43:01,664 [WARN] PackLoader:240 - Cannot read IP mode file for STMicroelectronics.X-CUBE-STSE01.1.0.0
2025-12-20 16:43:01,856 [WARN] PackLoader:240 - Cannot read IP mode file for portGmbH.I-Cube-SoM-uGOAL.1.1.0
2025-12-20 16:43:01,883 [WARN] PackLoader:240 - Cannot read IP mode file for STMicroelectronics.X-CUBE-TOF1.3.4.3
2025-12-20 16:43:01,891 [INFO] ThirdParty:978 - Integrity check success = true
2025-12-20 16:43:01,891 [INFO] IntegrityCheckThread:100 - exiting critical section [integrity check]
2025-12-20 16:43:01,891 [INFO] IntegrityCheckThread:103 - End integrity checks thread
2025-12-20 16:43:03,443 [INFO] WebApp:463 - Apply proxy settings
2025-12-20 16:43:03,444 [INFO] WebApp:548 - Chromium requires no authentication
2025-12-20 16:43:03,692 [INFO] WebApp:491 - Direct internet connection detected
2025-12-20 16:43:04,423 [INFO] WebApp:894 - Register for checkConnection events
2025-12-20 16:43:04,424 [INFO] WebApp:463 - Apply proxy settings
2025-12-20 16:43:04,424 [INFO] WebApp:548 - Chromium requires no authentication
2025-12-20 16:43:04,424 [INFO] WebApp:491 - Direct internet connection detected
2025-12-20 16:43:05,978 [INFO] WebApp:191 - Connection restablished
2025-12-20 16:43:09,572 [INFO] WebApp:225 - Starting web application
2025-12-20 16:43:09,572 [INFO] WebApp:593 - Web application path used C:\ST\STM32CubeIDE_1.18.1\STM32CubeIDE\plugins\com.st.stm32cube.common.mx_6.14.1.202504091515\db\plugins\mcufinder\reactClient1\index.html
2025-12-20 16:43:10,297 [INFO] UserAuth:484 - Internet connection configuration mode: 1
2025-12-20 16:43:33,583 [ERROR] ConfigurationRetriever:142 - IOException on connection: sw-center.st.com
2025-12-20 16:43:33,583 [ERROR] ConfigurationRetriever:142 - IOException on connection: sw-center.st.com
2025-12-20 16:43:33,584 [ERROR] ConfigurationRetriever:142 - IOException on connection: sw-center.st.com
2025-12-20 16:44:22,731 [ERROR] ConfigurationRetriever:142 - IOException on connection: sw-center.st.com
2025-12-20 16:44:22,731 [ERROR] ConfigurationRetriever:142 - IOException on connection: sw-center.st.com
2025-12-20 16:44:22,732 [ERROR] ConfigurationRetriever:142 - IOException on connection: sw-center.st.com
2025-12-20 16:44:35,681 [ERROR] ConfigurationRetriever:142 - IOException on connection: sw-center.st.com
2025-12-20 16:44:35,682 [ERROR] ConfigurationRetriever:142 - IOException on connection: sw-center.st.com
2025-12-20 16:44:35,682 [ERROR] ConfigurationRetriever:142 - IOException on connection: sw-center.st.com
2025-12-20 16:48:23,239 [ERROR] ConfigurationRetriever:142 - IOException on connection: sw-center.st.com
2025-12-20 16:48:23,240 [ERROR] ConfigurationRetriever:142 - IOException on connection: sw-center.st.com
2025-12-20 16:48:23,241 [ERROR] ConfigurationRetriever:142 - IOException on connection: sw-center.st.com
2025-12-20 16:48:27,793 [ERROR] ConfigurationRetriever:142 - IOException on connection: sw-center.st.com
2025-12-20 16:48:27,794 [ERROR] ConfigurationRetriever:142 - IOException on connection: sw-center.st.com
2025-12-20 16:48:27,795 [ERROR] ConfigurationRetriever:142 - IOException on connection: sw-center.st.com
2025-12-20 16:49:05,737 [ERROR] ConfigurationRetriever:142 - IOException on connection: sw-center.st.com
2025-12-20 16:49:05,738 [ERROR] ConfigurationRetriever:142 - IOException on connection: sw-center.st.com
2025-12-20 16:49:05,738 [ERROR] ConfigurationRetriever:142 - IOException on connection: sw-center.st.com
2025-12-20 16:49:53,119 [ERROR] ConfigurationRetriever:142 - IOException on connection: Connect timed out
2025-12-20 16:49:55,121 [ERROR] ConfigurationRetriever:142 - IOException on connection: Connect timed out
2025-12-20 16:49:57,123 [ERROR] ConfigurationRetriever:142 - IOException on connection: Connect timed out
2025-12-20 16:50:26,299 [ERROR] ConfigurationRetriever:142 - IOException on connection: sw-center.st.com
2025-12-20 16:50:26,300 [ERROR] ConfigurationRetriever:142 - IOException on connection: sw-center.st.com
2025-12-20 16:50:26,301 [ERROR] ConfigurationRetriever:142 - IOException on connection: sw-center.st.com
2025-12-20 16:53:43,623 [ERROR] ConfigurationRetriever:142 - IOException on connection: sw-center.st.com
2025-12-20 16:53:43,624 [ERROR] ConfigurationRetriever:142 - IOException on connection: sw-center.st.com
2025-12-20 16:53:43,624 [ERROR] ConfigurationRetriever:142 - IOException on connection: sw-center.st.com
2025-12-20 16:55:08,715 [ERROR] ConfigurationRetriever:142 - IOException on connection: sw-center.st.com
2025-12-20 16:55:08,717 [ERROR] ConfigurationRetriever:142 - IOException on connection: sw-center.st.com
2025-12-20 16:55:08,718 [ERROR] ConfigurationRetriever:142 - IOException on connection: sw-center.st.com
2025-12-20 16:55:10,564 [INFO] WebApp:194 - Connection lost
2025-12-20 16:56:10,043 [INFO] WebApp:191 - Connection restablished
2025-12-20 16:56:13,096 [INFO] WebApp:194 - Connection lost
2025-12-20 16:56:13,244 [INFO] WebApp:191 - Connection restablished
2025-12-20 17:04:42,887 [ERROR] LogOutputStream:75 - [STDERR_REDIRECT] 
2025-12-20 17:04:42,892 [ERROR] LogOutputStream:75 - [STDERR_REDIRECT] 
2025-12-20 17:04:53,470 [INFO] Activator:176 - 


2025-12-20 17:04:53,473 [INFO] Activator:177 - !SESSION log4j initialized
2025-12-20 17:05:01,348 [INFO] LogOutputStream:77 - [STDOUT_REDIRECT] 
2025-12-20 17:05:03,044 [INFO] ApplicationProperties:184 - Using Application install path: C:\ST\STM32CubeIDE_1.18.1\STM32CubeIDE\plugins\com.st.stm32cube.common.mx_6.14.1.202504091515
2025-12-20 17:05:03,069 [INFO] DbMcusXml:78 - Set database path to: C:\ST\STM32CubeIDE_1.18.1\STM32CubeIDE\plugins\com.st.stm32cube.common.mx_6.14.1.202504091515\\db\/mcu/
2025-12-20 17:05:03,069 [INFO] ApiDb:274 - Set plugin database path to: C:\ST\STM32CubeIDE_1.18.1\STM32CubeIDE\plugins\com.st.stm32cube.common.mx_6.14.1.202504091515\\db\/plugins/boardmanager/
2025-12-20 17:05:03,069 [WARN] ApiDb:259 - Overriding images path with different value:  => C:\ST\STM32CubeIDE_1.18.1\STM32CubeIDE\plugins\com.st.stm32cube.common.mx_6.14.1.202504091515\\db\/plugins/mcufinder/images/
2025-12-20 17:05:03,076 [INFO] ApiDb:250 - Set database path to: C:\Users\Gluscic\.stmcufinder\plugins\mcufinder//mcu/
2025-12-20 17:05:03,079 [INFO] DbMcusAds:125 - Set database path to: C:\Users\Gluscic\.stmcufinder\plugins\mcufinder//mcu/
2025-12-20 17:05:03,082 [INFO] CrossReferenceDbSqlite:203 - Set database path to: C:\Users\Gluscic\.stmcufinder\plugins\mcufinder//mcu/cs/
2025-12-20 17:05:03,231 [INFO] RulesReader:64 - Compatibility file has been processed (302 Rules)
2025-12-20 17:05:03,343 [INFO] DbMcusXml:78 - Set database path to: C:\ST\STM32CubeIDE_1.18.1\STM32CubeIDE\plugins\com.st.stm32cube.common.mx_6.14.1.202504091515\\db\/mcu/
2025-12-20 17:05:03,344 [INFO] ApiDb:274 - Set plugin database path to: C:\ST\STM32CubeIDE_1.18.1\STM32CubeIDE\plugins\com.st.stm32cube.common.mx_6.14.1.202504091515\\db\/plugins/boardmanager/
2025-12-20 17:05:03,344 [INFO] ApiDb:261 - Set plugin images path to: C:\ST\STM32CubeIDE_1.18.1\STM32CubeIDE\plugins\com.st.stm32cube.common.mx_6.14.1.202504091515\\db\/plugins/mcufinder/images/
2025-12-20 17:05:03,345 [WARN] DbFile:41 - Overriding database path with different value: C:\Users\Gluscic\.stmcufinder\plugins\mcufinder/ => C:\Users\Gluscic\.stmcufinder\plugins\mcufinder
2025-12-20 17:05:03,345 [INFO] ApiDb:250 - Set database path to: C:\Users\Gluscic\.stmcufinder\plugins\mcufinder//mcu/
2025-12-20 17:05:03,345 [WARN] DbFile:41 - Overriding database path with different value: C:\Users\Gluscic\.stmcufinder\plugins\mcufinder/ => C:\Users\Gluscic\.stmcufinder\plugins\mcufinder
2025-12-20 17:05:03,345 [INFO] DbMcusAds:125 - Set database path to: C:\Users\Gluscic\.stmcufinder\plugins\mcufinder//mcu/
2025-12-20 17:05:03,345 [WARN] DbFile:41 - Overriding database path with different value: C:\Users\Gluscic\.stmcufinder\plugins\mcufinder/ => C:\Users\Gluscic\.stmcufinder\plugins\mcufinder
2025-12-20 17:05:03,345 [WARN] DbFile:41 - Overriding database path with different value: C:\Users\Gluscic\.stmcufinder\plugins\mcufinder/ => C:\Users\Gluscic\.stmcufinder\plugins\mcufinder
2025-12-20 17:05:03,346 [INFO] CrossReferenceDbSqlite:203 - Set database path to: C:\Users\Gluscic\.stmcufinder\plugins\mcufinder//mcu/cs/
2025-12-20 17:05:03,440 [INFO] MainPanel:272 - HeapMemory: 268435456
2025-12-20 17:05:03,548 [INFO] DbMcusXml:78 - Set database path to: C:\ST\STM32CubeIDE_1.18.1\STM32CubeIDE\plugins\com.st.stm32cube.common.mx_6.14.1.202504091515\\db\/mcu/
2025-12-20 17:05:03,548 [INFO] ApiDb:274 - Set plugin database path to: C:\ST\STM32CubeIDE_1.18.1\STM32CubeIDE\plugins\com.st.stm32cube.common.mx_6.14.1.202504091515\\db\/plugins/boardmanager/
2025-12-20 17:05:03,548 [INFO] ApiDb:261 - Set plugin images path to: C:\ST\STM32CubeIDE_1.18.1\STM32CubeIDE\plugins\com.st.stm32cube.common.mx_6.14.1.202504091515\\db\/plugins/mcufinder/images/
2025-12-20 17:05:03,548 [WARN] DbFile:41 - Overriding database path with different value: C:\Users\Gluscic\.stmcufinder\plugins\mcufinder/ => C:\Users\Gluscic\.stmcufinder\plugins\mcufinder
2025-12-20 17:05:03,548 [INFO] ApiDb:250 - Set database path to: C:\Users\Gluscic\.stmcufinder\plugins\mcufinder//mcu/
2025-12-20 17:05:03,549 [WARN] DbFile:41 - Overriding database path with different value: C:\Users\Gluscic\.stmcufinder\plugins\mcufinder/ => C:\Users\Gluscic\.stmcufinder\plugins\mcufinder
2025-12-20 17:05:03,549 [INFO] DbMcusAds:125 - Set database path to: C:\Users\Gluscic\.stmcufinder\plugins\mcufinder//mcu/
2025-12-20 17:05:03,549 [WARN] DbFile:41 - Overriding database path with different value: C:\Users\Gluscic\.stmcufinder\plugins\mcufinder/ => C:\Users\Gluscic\.stmcufinder\plugins\mcufinder
2025-12-20 17:05:03,549 [WARN] DbFile:41 - Overriding database path with different value: C:\Users\Gluscic\.stmcufinder\plugins\mcufinder/ => C:\Users\Gluscic\.stmcufinder\plugins\mcufinder
2025-12-20 17:05:03,549 [INFO] CrossReferenceDbSqlite:203 - Set database path to: C:\Users\Gluscic\.stmcufinder\plugins\mcufinder//mcu/cs/
2025-12-20 17:05:03,572 [INFO] ApplicationProperties:184 - Using Application install path: C:\ST\STM32CubeIDE_1.18.1\STM32CubeIDE\plugins\com.st.stm32cube.common.mx_6.14.1.202504091515
2025-12-20 17:05:03,574 [INFO] PluginManage:196 - Search for loadable plugins [exclusion list=, ]
2025-12-20 17:05:03,575 [INFO] PluginManage:310 - Check plugin analytics
2025-12-20 17:05:03,873 [INFO] AnalyticsPlugin:253 - Accepted Software Licenses: 
2025-12-20 17:05:03,874 [INFO] AnalyticsPlugin:255 - Accepted CMSIS Pack Licenses: 
2025-12-20 17:05:03,875 [INFO] AnalyticsPlugin:257 - Accepted Firmware Licenses: FW.F4.1.28.0,FW.G4.1.6.0
2025-12-20 17:05:03,878 [INFO] PluginManage:359 - Loaded plugin analytics (category:tool,tabindex:-1)
2025-12-20 17:05:03,879 [INFO] PluginManage:310 - Check plugin cadmodel
2025-12-20 17:05:03,885 [INFO] CADModel:105 - Init CAD model plugin
2025-12-20 17:05:03,885 [INFO] PluginManage:359 - Loaded plugin cadmodel (category:power,tabindex:5)
2025-12-20 17:05:03,885 [INFO] PluginManage:310 - Check plugin clock
2025-12-20 17:05:03,903 [INFO] PluginManage:359 - Loaded plugin clock (category:base,tabindex:2)
2025-12-20 17:05:03,904 [INFO] PluginManage:310 - Check plugin ddr
2025-12-20 17:05:03,908 [INFO] PluginManage:359 - Loaded plugin ddr (category:tool,tabindex:6)
2025-12-20 17:05:03,908 [INFO] PluginManage:310 - Check plugin filemanager
2025-12-20 17:05:04,108 [INFO] PluginManage:359 - Loaded plugin filemanager (category:base,tabindex:10)
2025-12-20 17:05:04,108 [INFO] PluginManage:310 - Check plugin ipmanager
2025-12-20 17:05:04,116 [INFO] PluginManage:359 - Loaded plugin ipmanager (category:base,tabindex:5)
2025-12-20 17:05:04,117 [INFO] PluginManage:310 - Check plugin lpbam
2025-12-20 17:05:04,126 [INFO] PluginManage:359 - Loaded plugin lpbam (category:base,tabindex:0)
2025-12-20 17:05:04,127 [INFO] PluginManage:310 - Check plugin memorymap
2025-12-20 17:05:04,142 [INFO] PluginManage:359 - Loaded plugin memorymap (category:base,tabindex:4)
2025-12-20 17:05:04,143 [INFO] PluginManage:310 - Check plugin pinoutandconfiguration
2025-12-20 17:05:04,154 [INFO] PluginManage:359 - Loaded plugin pinoutandconfiguration (category:base,tabindex:1)
2025-12-20 17:05:04,154 [INFO] PluginManage:310 - Check plugin pinoutconfig
2025-12-20 17:05:04,277 [WARN] SupportedApi:132 - Cannot load RTOS API schema: s4s-elt-must-match.1: The content of 'definitions' must match (annotation?, (simpleType | complexType)?, (unique | key | keyref)*)). A problem was found starting at: attribute.
2025-12-20 17:05:04,484 [INFO] PluginManage:359 - Loaded plugin pinoutconfig (category:base,tabindex:0)
2025-12-20 17:05:04,484 [INFO] PluginManage:310 - Check plugin power
2025-12-20 17:05:04,496 [INFO] PluginManage:359 - Loaded plugin power (category:power,tabindex:4)
2025-12-20 17:05:04,497 [INFO] PluginManage:310 - Check plugin projectmanager
2025-12-20 17:05:04,527 [INFO] PluginManage:359 - Loaded plugin projectmanager (category:projectmanager,tabindex:4)
2025-12-20 17:05:04,527 [INFO] PluginManage:310 - Check plugin rif
2025-12-20 17:05:04,537 [INFO] PluginManage:359 - Loaded plugin rif (category:base,tabindex:3)
2025-12-20 17:05:04,538 [INFO] PluginManage:310 - Check plugin thirdparty
2025-12-20 17:05:04,745 [INFO] PluginManage:359 - Loaded plugin thirdparty (category:base,tabindex:-1)
2025-12-20 17:05:04,746 [INFO] PluginManage:310 - Check plugin tools
2025-12-20 17:05:04,748 [WARN] IntegrityCheckThread:84 - waiting for thirdparty lock release [integrity check]
2025-12-20 17:05:04,749 [INFO] PluginManage:359 - Loaded plugin tools (category:base,tabindex:7)
2025-12-20 17:05:04,749 [INFO] PluginManage:310 - Check plugin tutovideos
2025-12-20 17:05:04,749 [INFO] IntegrityCheckThread:86 - entering critical section [integrity check]
2025-12-20 17:05:04,750 [INFO] ThirdPartyUpdaterWithRetryManager:70 - Updater plugin not ready yet. [1/15]
2025-12-20 17:05:04,995 [INFO] PluginManage:359 - Loaded plugin tutovideos (category:base,tabindex:-1)
2025-12-20 17:05:04,995 [INFO] PluginManage:310 - Check plugin updater
2025-12-20 17:05:05,023 [INFO] PluginManage:359 - Loaded plugin updater (category:base,tabindex:12)
2025-12-20 17:05:05,023 [INFO] PluginManage:310 - Check plugin userauth
2025-12-20 17:05:05,029 [INFO] UserAuth:118 - Init User Auth plugin
2025-12-20 17:05:05,030 [INFO] PluginManage:359 - Loaded plugin userauth (category:base,tabindex:14)
2025-12-20 17:05:05,031 [INFO] PluginManage:283 - PluginManage : Loaded plugins [18]
2025-12-20 17:05:05,377 [INFO] PinOutPanel:1589 - setPackage(No Configuration,No Configuration)
2025-12-20 17:05:05,569 [INFO] CADModel:165 - CPN selected for project level
2025-12-20 17:05:05,569 [INFO] CADModel:114 - Register for checkConnection events
2025-12-20 17:05:05,592 [INFO] IPUIPlugin:80 - create IPUIPlugin
2025-12-20 17:05:05,592 [INFO] PluginManager:220 - loadIPPluginJar : add adc
2025-12-20 17:05:05,596 [INFO] IPUIPlugin:80 - create IPUIPlugin
2025-12-20 17:05:05,597 [INFO] PluginManager:220 - loadIPPluginJar : add aes
2025-12-20 17:05:05,601 [INFO] IPUIPlugin:80 - create IPUIPlugin
2025-12-20 17:05:05,602 [INFO] PluginManager:220 - loadIPPluginJar : add can
2025-12-20 17:05:05,604 [INFO] IPUIPlugin:80 - create IPUIPlugin
2025-12-20 17:05:05,605 [INFO] PluginManager:220 - loadIPPluginJar : add comp
2025-12-20 17:05:05,609 [INFO] IPUIPlugin:80 - create IPUIPlugin
2025-12-20 17:05:05,609 [INFO] PluginManager:220 - loadIPPluginJar : add cryp
2025-12-20 17:05:05,614 [INFO] IPUIPlugin:80 - create IPUIPlugin
2025-12-20 17:05:05,614 [INFO] PluginManager:220 - loadIPPluginJar : add ddr_ctrl_phy
2025-12-20 17:05:05,617 [INFO] IPUIPlugin:80 - create IPUIPlugin
2025-12-20 17:05:05,617 [INFO] PluginManager:220 - loadIPPluginJar : add dfsdm
2025-12-20 17:05:05,624 [INFO] IPUIPlugin:80 - create IPUIPlugin
2025-12-20 17:05:05,625 [INFO] PluginManager:220 - loadIPPluginJar : add dma
2025-12-20 17:05:05,630 [INFO] IPUIPlugin:80 - create IPUIPlugin
2025-12-20 17:05:05,630 [INFO] PluginManager:220 - loadIPPluginJar : add dma3
2025-12-20 17:05:05,634 [INFO] IPUIPlugin:80 - create IPUIPlugin
2025-12-20 17:05:05,634 [INFO] PluginManager:220 - loadIPPluginJar : add extmemmanager
2025-12-20 17:05:05,637 [INFO] IPUIPlugin:80 - create IPUIPlugin
2025-12-20 17:05:05,637 [INFO] PluginManager:220 - loadIPPluginJar : add fatfs
2025-12-20 17:05:05,645 [INFO] IPUIPlugin:80 - create IPUIPlugin
2025-12-20 17:05:05,645 [INFO] PluginManager:220 - loadIPPluginJar : add fmc
2025-12-20 17:05:05,653 [INFO] IPUIPlugin:80 - create IPUIPlugin
2025-12-20 17:05:05,654 [INFO] PluginManager:220 - loadIPPluginJar : add freertos
2025-12-20 17:05:05,656 [INFO] IPUIPlugin:80 - create IPUIPlugin
2025-12-20 17:05:05,656 [INFO] PluginManager:220 - loadIPPluginJar : add genericplugin
2025-12-20 17:05:05,659 [INFO] IPUIPlugin:80 - create IPUIPlugin
2025-12-20 17:05:05,659 [INFO] PluginManager:220 - loadIPPluginJar : add gfxmmu
2025-12-20 17:05:05,668 [INFO] IPUIPlugin:80 - create IPUIPlugin
2025-12-20 17:05:05,669 [INFO] PluginManager:220 - loadIPPluginJar : add gic
2025-12-20 17:05:05,674 [INFO] IPUIPlugin:80 - create IPUIPlugin
2025-12-20 17:05:05,674 [INFO] PluginManager:220 - loadIPPluginJar : add gpio
2025-12-20 17:05:05,678 [INFO] IPUIPlugin:80 - create IPUIPlugin
2025-12-20 17:05:05,679 [INFO] PluginManager:220 - loadIPPluginJar : add gtzc
2025-12-20 17:05:05,683 [INFO] IPUIPlugin:80 - create IPUIPlugin
2025-12-20 17:05:05,683 [INFO] PluginManager:220 - loadIPPluginJar : add hash
2025-12-20 17:05:05,687 [INFO] IPUIPlugin:80 - create IPUIPlugin
2025-12-20 17:05:05,687 [INFO] PluginManager:220 - loadIPPluginJar : add i2c
2025-12-20 17:05:05,691 [INFO] IPUIPlugin:80 - create IPUIPlugin
2025-12-20 17:05:05,691 [INFO] PluginManager:220 - loadIPPluginJar : add i2s
2025-12-20 17:05:05,697 [INFO] IPUIPlugin:80 - create IPUIPlugin
2025-12-20 17:05:05,698 [INFO] PluginManager:220 - loadIPPluginJar : add i3c
2025-12-20 17:05:05,702 [INFO] IPUIPlugin:80 - create IPUIPlugin
2025-12-20 17:05:05,702 [INFO] PluginManager:220 - loadIPPluginJar : add ipddr
2025-12-20 17:05:05,712 [INFO] IPUIPlugin:80 - create IPUIPlugin
2025-12-20 17:05:05,712 [INFO] PluginManager:220 - loadIPPluginJar : add linkedlist
2025-12-20 17:05:05,719 [INFO] IPUIPlugin:80 - create IPUIPlugin
2025-12-20 17:05:05,719 [INFO] PluginManager:220 - loadIPPluginJar : add lorawan
2025-12-20 17:05:05,721 [INFO] IPUIPlugin:80 - create IPUIPlugin
2025-12-20 17:05:05,722 [INFO] PluginManager:220 - loadIPPluginJar : add ltdc
2025-12-20 17:05:05,729 [INFO] IPUIPlugin:80 - create IPUIPlugin
2025-12-20 17:05:05,730 [INFO] PluginManager:220 - loadIPPluginJar : add mdma
2025-12-20 17:05:05,737 [INFO] IPUIPlugin:80 - create IPUIPlugin
2025-12-20 17:05:05,738 [INFO] PluginManager:220 - loadIPPluginJar : add nvic
2025-12-20 17:05:05,742 [INFO] IPUIPlugin:80 - create IPUIPlugin
2025-12-20 17:05:05,742 [INFO] PluginManager:220 - loadIPPluginJar : add opamp
2025-12-20 17:05:05,747 [INFO] IPUIPlugin:80 - create IPUIPlugin
2025-12-20 17:05:05,747 [INFO] PluginManager:220 - loadIPPluginJar : add openamp
2025-12-20 17:05:05,751 [INFO] IPUIPlugin:80 - create IPUIPlugin
2025-12-20 17:05:05,752 [INFO] PluginManager:220 - loadIPPluginJar : add pdm2pcm
2025-12-20 17:05:05,762 [INFO] IPUIPlugin:80 - create IPUIPlugin
2025-12-20 17:05:05,766 [INFO] PluginManager:220 - loadIPPluginJar : add plateformsettings
2025-12-20 17:05:05,769 [INFO] IPUIPlugin:80 - create IPUIPlugin
2025-12-20 17:05:05,769 [INFO] PluginManager:220 - loadIPPluginJar : add quadspi
2025-12-20 17:05:05,777 [INFO] IPUIPlugin:80 - create IPUIPlugin
2025-12-20 17:05:05,779 [INFO] PluginManager:220 - loadIPPluginJar : add radio
2025-12-20 17:05:05,783 [INFO] IPUIPlugin:80 - create IPUIPlugin
2025-12-20 17:05:05,783 [INFO] PluginManager:220 - loadIPPluginJar : add resmgrutility
2025-12-20 17:05:05,789 [INFO] IPUIPlugin:80 - create IPUIPlugin
2025-12-20 17:05:05,789 [INFO] PluginManager:220 - loadIPPluginJar : add sai
2025-12-20 17:05:05,793 [INFO] IPUIPlugin:80 - create IPUIPlugin
2025-12-20 17:05:05,793 [INFO] PluginManager:220 - loadIPPluginJar : add spi
2025-12-20 17:05:05,802 [INFO] IPUIPlugin:80 - create IPUIPlugin
2025-12-20 17:05:05,803 [INFO] PluginManager:220 - loadIPPluginJar : add stm32_wpan
2025-12-20 17:05:05,805 [INFO] IPUIPlugin:80 - create IPUIPlugin
2025-12-20 17:05:05,805 [INFO] PluginManager:220 - loadIPPluginJar : add tim
2025-12-20 17:05:05,809 [INFO] IPUIPlugin:80 - create IPUIPlugin
2025-12-20 17:05:05,810 [INFO] PluginManager:220 - loadIPPluginJar : add touchsensing
2025-12-20 17:05:05,813 [INFO] IPUIPlugin:80 - create IPUIPlugin
2025-12-20 17:05:05,813 [INFO] PluginManager:220 - loadIPPluginJar : add tracer_emb
2025-12-20 17:05:05,817 [INFO] IPUIPlugin:80 - create IPUIPlugin
2025-12-20 17:05:05,817 [INFO] PluginManager:220 - loadIPPluginJar : add ts
2025-12-20 17:05:05,820 [INFO] IPUIPlugin:80 - create IPUIPlugin
2025-12-20 17:05:05,820 [INFO] PluginManager:220 - loadIPPluginJar : add tsc
2025-12-20 17:05:05,823 [INFO] IPUIPlugin:80 - create IPUIPlugin
2025-12-20 17:05:05,823 [INFO] PluginManager:220 - loadIPPluginJar : add ucpd
2025-12-20 17:05:05,828 [INFO] IPUIPlugin:80 - create IPUIPlugin
2025-12-20 17:05:05,828 [INFO] PluginManager:220 - loadIPPluginJar : add usart
2025-12-20 17:05:05,832 [INFO] IPUIPlugin:80 - create IPUIPlugin
2025-12-20 17:05:05,833 [INFO] PluginManager:220 - loadIPPluginJar : add usbx
2025-12-20 17:05:05,979 [FATAL] Updater:351 - Updater called before beeing initialized
2025-12-20 17:05:06,013 [INFO] RulesReader:64 - Compatibility file has been processed (302 Rules)
2025-12-20 17:05:06,028 [INFO] RulesReader:64 - Compatibility file has been processed (302 Rules)
2025-12-20 17:05:06,038 [INFO] CADModel:165 - CPN selected for project level
2025-12-20 17:05:06,038 [INFO] CADModel:114 - Register for checkConnection events
2025-12-20 17:05:06,038 [FATAL] Updater:351 - Updater called before beeing initialized
2025-12-20 17:05:06,038 [ERROR] CADModel:125 - Updater not yet initialized, retry later 
2025-12-20 17:05:06,211 [FATAL] Updater:351 - Updater called before beeing initialized
2025-12-20 17:05:06,213 [INFO] CADModel:165 - CPN selected for project level
2025-12-20 17:05:06,213 [INFO] CADModel:114 - Register for checkConnection events
2025-12-20 17:05:06,213 [FATAL] Updater:351 - Updater called before beeing initialized
2025-12-20 17:05:06,213 [ERROR] CADModel:125 - Updater not yet initialized, retry later 
2025-12-20 17:05:06,218 [FATAL] Updater:351 - Updater called before beeing initialized
2025-12-20 17:05:06,401 [FATAL] Updater:351 - Updater called before beeing initialized
2025-12-20 17:05:06,406 [INFO] DbMcusAds:53 - JSON generation date=Tue Dec 16 00:11:46 CET 2025 (1765840306612)
2025-12-20 17:05:06,406 [FATAL] Updater:351 - Updater called before beeing initialized
2025-12-20 17:05:06,448 [WARN] DetailPanel:346 - Failed to get advertising image, set to default
2025-12-20 17:05:06,942 [FATAL] Updater:351 - Updater called before beeing initialized
2025-12-20 17:05:06,945 [FATAL] Updater:351 - Updater called before beeing initialized
2025-12-20 17:05:06,945 [FATAL] Updater:351 - Updater called before beeing initialized
2025-12-20 17:05:06,946 [WARN] DetailPanel:346 - Failed to get advertising image, set to default
2025-12-20 17:05:06,947 [FATAL] Updater:351 - Updater called before beeing initialized
2025-12-20 17:05:07,021 [ERROR] Updater:1198 - MainUpdater not yet initialized. External WinMGr cannot be set.
2025-12-20 17:05:07,023 [INFO] Updater:1134 - Updater Version found : 6.14.1
2025-12-20 17:05:07,047 [INFO] ApplicationProperties:184 - Using Application install path: C:\ST\STM32CubeIDE_1.18.1\STM32CubeIDE\plugins\com.st.stm32cube.common.mx_6.14.1.202504091515
2025-12-20 17:05:07,752 [INFO] ThirdPartyUpdaterWithRetryManager:70 - Updater plugin not ready yet. [2/15]
2025-12-20 17:05:08,627 [ERROR] LogOutputStream:75 - [STDERR_REDIRECT] Dec 20, 2025 5:05:08 PM java.util.prefs.WindowsPreferences <init>
2025-12-20 17:05:08,629 [ERROR] LogOutputStream:75 - [STDERR_REDIRECT] WARNING: Could not open/create prefs root node Software\JavaSoft\Prefs at root 0xffffffff80000002. Windows RegCreateKeyEx(...) returned error code 5.
2025-12-20 17:05:08,630 [ERROR] LogOutputStream:75 - [STDERR_REDIRECT] 
2025-12-20 17:05:09,176 [INFO] MainUpdater:2872 - connection check result : 10
2025-12-20 17:05:09,177 [INFO] MainUpdater:289 - Updater Check For Update Now.
2025-12-20 17:05:09,177 [INFO] MicroXplorer:498 - Change Database Version : DB.6.0.141
2025-12-20 17:05:09,185 [INFO] McuFinderGlobals:63 - Set McuFinder mode to 2 (CubeIDE integrated)
2025-12-20 17:05:09,186 [INFO] UserAuth:484 - Internet connection configuration mode: 1
2025-12-20 17:05:09,381 [INFO] JxBrowserEngine:152 - Initiate JxBrowser Engine with user profile folder
2025-12-20 17:05:09,635 [INFO] CheckServerUpdateThread:120 - End of CheckServer Thread
2025-12-20 17:05:10,618 [INFO] WebApp:169 - Instantiating new browser for Auth
2025-12-20 17:05:11,062 [WARN] PackLoader:240 - Cannot read IP mode file for STMicroelectronics.FP-SNS-MOTENVWB1.1.4.0
2025-12-20 17:05:11,074 [WARN] PackLoader:240 - Cannot read IP mode file for STMicroelectronics.FP-ATR-ASTRA1.2.0.2
2025-12-20 17:05:11,241 [WARN] PackLoader:240 - Cannot read IP mode file for STMicroelectronics.X-CUBE-SMBUS.2.1.0
2025-12-20 17:05:11,248 [WARN] PackLoader:240 - Cannot read IP mode file for STMicroelectronics.X-CUBE-ST60.1.0.0
2025-12-20 17:05:11,297 [WARN] PackLoader:240 - Cannot read IP mode file for STMicroelectronics.X-CUBE-AZRTOS-F7.1.1.0
2025-12-20 17:05:11,306 [ERROR] Engine:466 - C:\Users\Gluscic\.stm32cubemx\thirdparties\pdsc\STMicroelectronics.FP-SNS-MOTENV1.5.1.0.pdsc: PDSC version is not supported
2025-12-20 17:05:11,338 [WARN] PackLoader:240 - Cannot read IP mode file for Infineon.AIROC-Wi-Fi-Bluetooth-STM32.1.7.0
2025-12-20 17:05:11,389 [WARN] PackLoader:240 - Cannot read IP mode file for STMicroelectronics.X-CUBE-AZRTOS-H7.3.4.0
2025-12-20 17:05:11,419 [WARN] PackLoader:240 - Cannot read IP mode file for STMicroelectronics.X-CUBE-DISPLAY.3.0.0
2025-12-20 17:05:11,507 [WARN] PackLoader:240 - Cannot read IP mode file for STMicroelectronics.X-CUBE-NFC10.1.0.0
2025-12-20 17:05:11,524 [WARN] PackLoader:240 - Cannot read IP mode file for STMicroelectronics.X-CUBE-BLEMGR.4.0.0
2025-12-20 17:05:11,654 [WARN] PackLoader:240 - Cannot read IP mode file for STMicroelectronics.X-CUBE-ST60.1.1.0
2025-12-20 17:05:11,662 [WARN] PackLoader:240 - Cannot read IP mode file for emotas.I-CUBE-CANOPEN.1.3.0
2025-12-20 17:05:11,670 [WARN] PackLoader:240 - Cannot read IP mode file for STMicroelectronics.X-CUBE-GNSS1.7.1.0
2025-12-20 17:05:11,676 [WARN] ConditionMgr:438 - getConditionDescription Invalid condition id : Cortex-A Device cause : null
2025-12-20 17:05:11,860 [WARN] ConditionMgr:1044 - genDependencies : Invalid condition id : Cortex-A Device cause : null
2025-12-20 17:05:11,860 [WARN] ConditionMgr:1044 - genDependencies : Invalid condition id : Cortex-A Device cause : null
2025-12-20 17:05:11,860 [WARN] ConditionMgr:1044 - genDependencies : Invalid condition id : Cortex-A Device cause : null
2025-12-20 17:05:11,866 [ERROR] Engine:466 - C:\Users\Gluscic\.stm32cubemx\thirdparties\pdsc\STMicroelectronics.FP-SNS-STBOX1.2.1.0.pdsc: PDSC version is not supported
2025-12-20 17:05:11,872 [WARN] PackLoader:240 - Cannot read IP mode file for STMicroelectronics.FP-SNS-SMARTAG2.1.2.0
2025-12-20 17:05:11,876 [WARN] PackLoader:240 - Cannot read IP mode file for STMicroelectronics.FP-SNS-FLIGHT1.5.1.0
2025-12-20 17:05:11,886 [INFO] LogOutputStream:77 - [STDOUT_REDIRECT] 1 : Invalid condition id : UX_CORESTACK_Condition cause : null
2025-12-20 17:05:11,887 [INFO] LogOutputStream:77 - [STDOUT_REDIRECT] 1 : Invalid condition id : UX_CORESTACK_Condition cause : null
2025-12-20 17:05:11,888 [INFO] LogOutputStream:77 - [STDOUT_REDIRECT] 1 : Invalid condition id : UX_CORESTACK_Condition cause : null
2025-12-20 17:05:11,890 [INFO] LogOutputStream:77 - [STDOUT_REDIRECT] 1 : Invalid condition id : UX_CORESTACK_Condition cause : null
2025-12-20 17:05:11,891 [INFO] LogOutputStream:77 - [STDOUT_REDIRECT] 1 : Invalid condition id : UX_CORESTACK_Condition cause : null
2025-12-20 17:05:11,895 [WARN] PackLoader:240 - Cannot read IP mode file for STMicroelectronics.X-CUBE-AZRTOS-WL.2.0.0
2025-12-20 17:05:11,908 [WARN] PackLoader:240 - Cannot read IP mode file for STMicroelectronics.FP-SNS-MOTENV1.5.0.0
2025-12-20 17:05:11,928 [WARN] PackLoader:240 - Cannot read IP mode file for STMicroelectronics.X-CUBE-AZRTOS-H7RS.1.2.0
2025-12-20 17:05:11,939 [WARN] PackLoader:240 - Cannot read IP mode file for WES.I-CUBE-Cesium.1.3.0
2025-12-20 17:05:11,944 [WARN] PackLoader:240 - Cannot read IP mode file for STMicroelectronics.X-CUBE-BLE2.3.3.0
2025-12-20 17:05:12,207 [WARN] PackLoader:240 - Cannot read IP mode file for STMicroelectronics.X-CUBE-NFC9.1.0.0
2025-12-20 17:05:12,214 [WARN] PackLoader:240 - Cannot read IP mode file for wolfSSL.I-CUBE-wolfSSL.5.8.0
2025-12-20 17:05:12,220 [WARN] PackLoader:240 - Cannot read IP mode file for STMicroelectronics.X-CUBE-BLE1.7.1.0
2025-12-20 17:05:12,226 [WARN] PackLoader:240 - Cannot read IP mode file for wolfSSL.I-CUBE-wolfMQTT.1.19.2
2025-12-20 17:05:12,228 [ERROR] Engine:466 - C:\Users\Gluscic\.stm32cubemx\thirdparties\pdsc\STMicroelectronics.X-CUBE-FREERTOS.1.4.0.pdsc: PDSC version is not supported
2025-12-20 17:05:12,536 [WARN] PackLoader:240 - Cannot read IP mode file for STMicroelectronics.X-CUBE-EEPRMA1.5.2.0
2025-12-20 17:05:12,542 [ERROR] Engine:466 - C:\Users\Gluscic\.stm32cubemx\thirdparties\pdsc\STMicroelectronics.X-CUBE-ST67W61.1.1.0.pdsc: PDSC version is not supported
2025-12-20 17:05:12,589 [WARN] PackLoader:240 - Cannot read IP mode file for STMicroelectronics.X-CUBE-AI.10.1.0
2025-12-20 17:05:12,700 [WARN] PackLoader:240 - Cannot read IP mode file for STMicroelectronics.X-CUBE-MEMS1.12.0.0
2025-12-20 17:05:12,972 [WARN] PackLoader:240 - Cannot read IP mode file for STMicroelectronics.X-CUBE-MEMS1.11.2.0
2025-12-20 17:05:13,174 [WARN] PackLoader:240 - Cannot read IP mode file for STMicroelectronics.X-CUBE-AZRTOS-G0.1.1.0
2025-12-20 17:05:13,184 [WARN] PackLoader:240 - Cannot read IP mode file for STMicroelectronics.X-CUBE-SAFEA1.1.2.2
2025-12-20 17:05:13,227 [WARN] PackLoader:240 - Cannot read IP mode file for STMicroelectronics.X-CUBE-NFC4.3.0.0
2025-12-20 17:05:13,257 [WARN] PackLoader:240 - Cannot read IP mode file for EmbeddedOffice.I-CUBE-FS-RTOS.1.0.1
2025-12-20 17:05:13,264 [WARN] PackLoader:240 - Cannot read IP mode file for STMicroelectronics.X-CUBE-WB05N.2.0.0
2025-12-20 17:05:13,269 [WARN] PackLoader:240 - Cannot read IP mode file for wolfSSL.I-CUBE-wolfTPM.3.8.0
2025-12-20 17:05:13,277 [WARN] PackLoader:240 - Cannot read IP mode file for STMicroelectronics.X-CUBE-TCPP.4.2.0
2025-12-20 17:05:13,311 [WARN] PackLoader:240 - Cannot read IP mode file for RealThread.X-CUBE-RT-Thread_Nano.4.1.1
2025-12-20 17:05:13,316 [WARN] PackLoader:240 - Cannot read IP mode file for STMicroelectronics.FP-ATR-SIGFOX1.3.2.0
2025-12-20 17:05:13,354 [WARN] PackLoader:240 - Cannot read IP mode file for STMicroelectronics.X-CUBE-EEPRMA1.5.1.0
2025-12-20 17:05:13,362 [WARN] PackLoader:240 - Cannot read IP mode file for ITTIA_DB.I-CUBE-ITTIADB.8.9.0
2025-12-20 17:05:13,368 [WARN] PackLoader:240 - Cannot read IP mode file for STMicroelectronics.X-CUBE-ST67W61.1.0.0
2025-12-20 17:05:13,374 [WARN] PackLoader:240 - Cannot read IP mode file for STMicroelectronics.X-CUBE-AI.10.2.0
2025-12-20 17:05:13,409 [WARN] PackLoader:240 - Cannot read IP mode file for SEGGER.I-CUBE-embOS.1.3.1
2025-12-20 17:05:13,459 [WARN] PackLoader:240 - Cannot read IP mode file for STMicroelectronics.X-CUBE-ALGOBUILD.1.4.0
2025-12-20 17:05:13,610 [WARN] PackLoader:240 - Cannot read IP mode file for STMicroelectronics.X-CUBE-MEMS1.11.3.0
2025-12-20 17:05:13,731 [WARN] PackLoader:240 - Cannot read IP mode file for STMicroelectronics.X-CUBE-PM33A1.1.0.0
2025-12-20 17:05:13,747 [WARN] PackLoader:240 - Cannot read IP mode file for STMicroelectronics.X-CUBE-AZRTOS-F4.1.1.0
2025-12-20 17:05:13,753 [WARN] PackLoader:240 - Cannot read IP mode file for Avnet-IotConnect.X-CUBE-IoTC-DA16k-PMOD.1.0.0
2025-12-20 17:05:13,757 [WARN] PackLoader:240 - Cannot read IP mode file for STMicroelectronics.X-CUBE-ISPU.2.1.0
2025-12-20 17:05:13,781 [ERROR] Engine:466 - C:\Users\Gluscic\.stm32cubemx\thirdparties\pdsc\STMicroelectronics.X-CUBE-IPS.3.2.0.pdsc: PDSC version is not supported
2025-12-20 17:05:13,972 [INFO] WebApp:463 - Apply proxy settings
2025-12-20 17:05:13,972 [INFO] WebApp:548 - Chromium requires no authentication
2025-12-20 17:05:13,984 [INFO] WebApp:491 - Direct internet connection detected
2025-12-20 17:05:13,986 [WARN] PackLoader:240 - Cannot read IP mode file for STMicroelectronics.X-CUBE-NFC12.1.0.0
2025-12-20 17:05:14,024 [WARN] PackLoader:240 - Cannot read IP mode file for STMicroelectronics.X-CUBE-AZRTOS-L5.2.0.0
2025-12-20 17:05:14,035 [WARN] PackLoader:240 - Cannot read IP mode file for STMicroelectronics.X-CUBE-NFC6.3.1.0
2025-12-20 17:05:14,040 [INFO] WebApp:894 - Register for checkConnection events
2025-12-20 17:05:14,040 [INFO] WebApp:463 - Apply proxy settings
2025-12-20 17:05:14,040 [INFO] WebApp:548 - Chromium requires no authentication
2025-12-20 17:05:14,041 [INFO] WebApp:491 - Direct internet connection detected
2025-12-20 17:05:14,047 [WARN] PackLoader:240 - Cannot read IP mode file for STMicroelectronics.X-CUBE-FREERTOS.1.3.1
2025-12-20 17:05:14,058 [WARN] PackLoader:240 - Cannot read IP mode file for STMicroelectronics.X-CUBE-TOUCHGFX.4.26.0
2025-12-20 17:05:14,304 [WARN] PackLoader:240 - Cannot read IP mode file for STMicroelectronics.FP-SNS-STAIOTCFT.1.0.0
2025-12-20 17:05:14,311 [WARN] PackLoader:240 - Cannot read IP mode file for STMicroelectronics.X-CUBE-DPower.1.3.0
2025-12-20 17:05:14,338 [INFO] WebApp:225 - Starting web application
2025-12-20 17:05:14,339 [INFO] WebApp:593 - Web application path used C:\ST\STM32CubeIDE_1.18.1\STM32CubeIDE\plugins\com.st.stm32cube.common.mx_6.14.1.202504091515\db\plugins\mcufinder\reactClient1\index.html
2025-12-20 17:05:14,345 [WARN] ConditionMgr:438 - getConditionDescription Invalid condition id : LAN8742 Phy interface Condition cause : null
2025-12-20 17:05:14,346 [WARN] PackLoader:240 - Cannot read IP mode file for STMicroelectronics.X-CUBE-AZRTOS-L4.2.0.0
2025-12-20 17:05:14,347 [WARN] ConditionMgr:1044 - genDependencies : Invalid condition id : LAN8742 Phy interface Condition cause : null
2025-12-20 17:05:14,348 [WARN] ConditionMgr:1044 - genDependencies : Invalid condition id : LAN8742 Phy interface Condition cause : null
2025-12-20 17:05:14,348 [WARN] ConditionMgr:1044 - genDependencies : Invalid condition id : LAN8742 Phy interface Condition cause : null
2025-12-20 17:05:14,357 [WARN] PackLoader:240 - Cannot read IP mode file for STMicroelectronics.X-CUBE-SFXS2LP1.4.0.0
2025-12-20 17:05:14,401 [WARN] PackLoader:240 - Cannot read IP mode file for STMicroelectronics.X-CUBE-AZRTOS-H7.3.3.0
2025-12-20 17:05:14,433 [WARN] PackLoader:240 - Cannot read IP mode file for STMicroelectronics.X-CUBE-BLEMGR.4.1.0
2025-12-20 17:05:14,447 [WARN] ConditionMgr:438 - getConditionDescription Invalid condition id : UX DEVICE CLASS RTOS Condition cause : null
2025-12-20 17:05:14,447 [WARN] ConditionMgr:438 - getConditionDescription Invalid condition id : UX DEVICE CLASS RTOS Condition cause : null
2025-12-20 17:05:14,449 [WARN] PackLoader:240 - Cannot read IP mode file for STMicroelectronics.X-CUBE-AZRTOS-WB.2.0.0
2025-12-20 17:05:14,449 [WARN] ConditionMgr:1044 - genDependencies : Invalid condition id : UX DEVICE CLASS RTOS Condition cause : null
2025-12-20 17:05:14,449 [WARN] ConditionMgr:1044 - genDependencies : Invalid condition id : UX DEVICE CLASS RTOS Condition cause : null
2025-12-20 17:05:14,450 [WARN] ConditionMgr:1044 - genDependencies : Invalid condition id : UX DEVICE CLASS RTOS Condition cause : null
2025-12-20 17:05:14,451 [WARN] ConditionMgr:1044 - genDependencies : Invalid condition id : UX DEVICE CLASS RTOS Condition cause : null
2025-12-20 17:05:14,451 [WARN] ConditionMgr:1044 - genDependencies : Invalid condition id : UX DEVICE CLASS RTOS Condition cause : null
2025-12-20 17:05:14,458 [WARN] PackLoader:240 - Cannot read IP mode file for STMicroelectronics.X-CUBE-GNSS1.7.0.1
2025-12-20 17:05:14,462 [WARN] PackLoader:240 - Cannot read IP mode file for STMicroelectronics.X-CUBE-TOUCHGFX.4.25.0
2025-12-20 17:05:14,474 [WARN] PackLoader:240 - Cannot read IP mode file for STMicroelectronics.FP-SNS-STBOX1.2.0.0
2025-12-20 17:05:14,590 [WARN] PackLoader:240 - Cannot read IP mode file for STMicroelectronics.X-CUBE-SUBG2.5.0.0
2025-12-20 17:05:14,613 [WARN] PackLoader:240 - Cannot read IP mode file for STMicroelectronics.X-CUBE-AZRTOS-H7RS.1.1.0
2025-12-20 17:05:14,622 [WARN] PackLoader:240 - Cannot read IP mode file for Cesanta.I-CUBE-Mongoose.7.13.0
2025-12-20 17:05:14,637 [WARN] PackLoader:240 - Cannot read IP mode file for STMicroelectronics.X-CUBE-AZRTOS-G4.2.0.0
2025-12-20 17:05:14,799 [WARN] PackLoader:240 - Cannot read IP mode file for wolfSSL.I-CUBE-wolfSSH.1.4.20
2025-12-20 17:05:14,818 [WARN] PackLoader:240 - Cannot read IP mode file for STMicroelectronics.X-CUBE-NFC7.2.0.0
2025-12-20 17:05:14,831 [WARN] PackLoader:240 - Cannot read IP mode file for STMicroelectronics.X-CUBE-IPS.3.1.0
2025-12-20 17:05:14,840 [WARN] PackLoader:240 - Cannot read IP mode file for STMicroelectronics.X-CUBE-ALS.1.0.2
2025-12-20 17:05:14,853 [WARN] PackLoader:240 - Cannot read IP mode file for STMicroelectronics.X-CUBE-STSE01.1.0.0
2025-12-20 17:05:14,865 [WARN] PackLoader:240 - Cannot read IP mode file for portGmbH.I-Cube-SoM-uGOAL.1.1.0
2025-12-20 17:05:14,879 [WARN] PackLoader:240 - Cannot read IP mode file for STMicroelectronics.X-CUBE-TOF1.3.4.3
2025-12-20 17:05:14,889 [INFO] ThirdParty:978 - Integrity check success = true
2025-12-20 17:05:14,890 [INFO] IntegrityCheckThread:100 - exiting critical section [integrity check]
2025-12-20 17:05:14,890 [INFO] IntegrityCheckThread:103 - End integrity checks thread
2025-12-20 17:05:15,717 [INFO] UserAuth:484 - Internet connection configuration mode: 1
2025-12-20 17:05:17,457 [INFO] WebApp:191 - Connection restablished
2025-12-20 17:28:12,690 [ERROR] LogOutputStream:75 - [STDERR_REDIRECT] 
2025-12-20 17:28:12,691 [ERROR] LogOutputStream:75 - [STDERR_REDIRECT] 
