2025-12-15 19:34:09,536 [INFO] Activator:176 - 


2025-12-15 19:34:09,565 [INFO] Activator:177 - !SESSION log4j initialized
2025-12-15 19:34:30,223 [INFO] LogOutputStream:77 - [STDOUT_REDIRECT] 
2025-12-15 19:34:34,696 [INFO] ApplicationProperties:184 - Using Application install path: C:\ST\STM32CubeIDE_1.18.1\STM32CubeIDE\plugins\com.st.stm32cube.common.mx_6.14.1.202504091515
2025-12-15 19:34:34,799 [INFO] DbMcusXml:78 - Set database path to: C:\ST\STM32CubeIDE_1.18.1\STM32CubeIDE\plugins\com.st.stm32cube.common.mx_6.14.1.202504091515\\db\/mcu/
2025-12-15 19:34:34,800 [INFO] ApiDb:274 - Set plugin database path to: C:\ST\STM32CubeIDE_1.18.1\STM32CubeIDE\plugins\com.st.stm32cube.common.mx_6.14.1.202504091515\\db\/plugins/boardmanager/
2025-12-15 19:34:34,801 [WARN] ApiDb:259 - Overriding images path with different value:  => C:\ST\STM32CubeIDE_1.18.1\STM32CubeIDE\plugins\com.st.stm32cube.common.mx_6.14.1.202504091515\\db\/plugins/mcufinder/images/
2025-12-15 19:34:34,877 [INFO] ApiDb:250 - Set database path to: C:\Users\Gluscic\.stmcufinder\plugins\mcufinder//mcu/
2025-12-15 19:34:34,878 [INFO] DbMcusAds:125 - Set database path to: C:\Users\Gluscic\.stmcufinder\plugins\mcufinder//mcu/
2025-12-15 19:34:34,881 [INFO] CrossReferenceDbSqlite:203 - Set database path to: C:\Users\Gluscic\.stmcufinder\plugins\mcufinder//mcu/cs/
2025-12-15 19:34:35,136 [INFO] RulesReader:64 - Compatibility file has been processed (302 Rules)
2025-12-15 19:34:35,429 [INFO] DbMcusXml:78 - Set database path to: C:\ST\STM32CubeIDE_1.18.1\STM32CubeIDE\plugins\com.st.stm32cube.common.mx_6.14.1.202504091515\\db\/mcu/
2025-12-15 19:34:35,430 [INFO] ApiDb:274 - Set plugin database path to: C:\ST\STM32CubeIDE_1.18.1\STM32CubeIDE\plugins\com.st.stm32cube.common.mx_6.14.1.202504091515\\db\/plugins/boardmanager/
2025-12-15 19:34:35,430 [INFO] ApiDb:261 - Set plugin images path to: C:\ST\STM32CubeIDE_1.18.1\STM32CubeIDE\plugins\com.st.stm32cube.common.mx_6.14.1.202504091515\\db\/plugins/mcufinder/images/
2025-12-15 19:34:35,430 [WARN] DbFile:41 - Overriding database path with different value: C:\Users\Gluscic\.stmcufinder\plugins\mcufinder/ => C:\Users\Gluscic\.stmcufinder\plugins\mcufinder
2025-12-15 19:34:35,430 [INFO] ApiDb:250 - Set database path to: C:\Users\Gluscic\.stmcufinder\plugins\mcufinder//mcu/
2025-12-15 19:34:35,430 [WARN] DbFile:41 - Overriding database path with different value: C:\Users\Gluscic\.stmcufinder\plugins\mcufinder/ => C:\Users\Gluscic\.stmcufinder\plugins\mcufinder
2025-12-15 19:34:35,431 [INFO] DbMcusAds:125 - Set database path to: C:\Users\Gluscic\.stmcufinder\plugins\mcufinder//mcu/
2025-12-15 19:34:35,431 [WARN] DbFile:41 - Overriding database path with different value: C:\Users\Gluscic\.stmcufinder\plugins\mcufinder/ => C:\Users\Gluscic\.stmcufinder\plugins\mcufinder
2025-12-15 19:34:35,431 [WARN] DbFile:41 - Overriding database path with different value: C:\Users\Gluscic\.stmcufinder\plugins\mcufinder/ => C:\Users\Gluscic\.stmcufinder\plugins\mcufinder
2025-12-15 19:34:35,431 [INFO] CrossReferenceDbSqlite:203 - Set database path to: C:\Users\Gluscic\.stmcufinder\plugins\mcufinder//mcu/cs/
2025-12-15 19:34:35,746 [INFO] MainPanel:272 - HeapMemory: 330301440
2025-12-15 19:34:36,274 [INFO] DbMcusXml:78 - Set database path to: C:\ST\STM32CubeIDE_1.18.1\STM32CubeIDE\plugins\com.st.stm32cube.common.mx_6.14.1.202504091515\\db\/mcu/
2025-12-15 19:34:36,274 [INFO] ApiDb:274 - Set plugin database path to: C:\ST\STM32CubeIDE_1.18.1\STM32CubeIDE\plugins\com.st.stm32cube.common.mx_6.14.1.202504091515\\db\/plugins/boardmanager/
2025-12-15 19:34:36,274 [INFO] ApiDb:261 - Set plugin images path to: C:\ST\STM32CubeIDE_1.18.1\STM32CubeIDE\plugins\com.st.stm32cube.common.mx_6.14.1.202504091515\\db\/plugins/mcufinder/images/
2025-12-15 19:34:36,275 [WARN] DbFile:41 - Overriding database path with different value: C:\Users\Gluscic\.stmcufinder\plugins\mcufinder/ => C:\Users\Gluscic\.stmcufinder\plugins\mcufinder
2025-12-15 19:34:36,275 [INFO] ApiDb:250 - Set database path to: C:\Users\Gluscic\.stmcufinder\plugins\mcufinder//mcu/
2025-12-15 19:34:36,275 [WARN] DbFile:41 - Overriding database path with different value: C:\Users\Gluscic\.stmcufinder\plugins\mcufinder/ => C:\Users\Gluscic\.stmcufinder\plugins\mcufinder
2025-12-15 19:34:36,275 [INFO] DbMcusAds:125 - Set database path to: C:\Users\Gluscic\.stmcufinder\plugins\mcufinder//mcu/
2025-12-15 19:34:36,276 [WARN] DbFile:41 - Overriding database path with different value: C:\Users\Gluscic\.stmcufinder\plugins\mcufinder/ => C:\Users\Gluscic\.stmcufinder\plugins\mcufinder
2025-12-15 19:34:36,276 [WARN] DbFile:41 - Overriding database path with different value: C:\Users\Gluscic\.stmcufinder\plugins\mcufinder/ => C:\Users\Gluscic\.stmcufinder\plugins\mcufinder
2025-12-15 19:34:36,276 [INFO] CrossReferenceDbSqlite:203 - Set database path to: C:\Users\Gluscic\.stmcufinder\plugins\mcufinder//mcu/cs/
2025-12-15 19:34:36,366 [INFO] ApplicationProperties:184 - Using Application install path: C:\ST\STM32CubeIDE_1.18.1\STM32CubeIDE\plugins\com.st.stm32cube.common.mx_6.14.1.202504091515
2025-12-15 19:34:36,368 [INFO] PluginManage:196 - Search for loadable plugins [exclusion list=, ]
2025-12-15 19:34:36,379 [INFO] PluginManage:310 - Check plugin analytics
2025-12-15 19:34:37,111 [INFO] AnalyticsPlugin:253 - Accepted Software Licenses: 
2025-12-15 19:34:37,111 [INFO] AnalyticsPlugin:255 - Accepted CMSIS Pack Licenses: 
2025-12-15 19:34:37,111 [INFO] AnalyticsPlugin:257 - Accepted Firmware Licenses: FW.F4.1.28.0
2025-12-15 19:34:37,111 [INFO] PluginManage:359 - Loaded plugin analytics (category:tool,tabindex:-1)
2025-12-15 19:34:37,111 [INFO] PluginManage:310 - Check plugin cadmodel
2025-12-15 19:34:37,203 [INFO] CADModel:105 - Init CAD model plugin
2025-12-15 19:34:37,203 [INFO] PluginManage:359 - Loaded plugin cadmodel (category:power,tabindex:5)
2025-12-15 19:34:37,203 [INFO] PluginManage:310 - Check plugin clock
2025-12-15 19:34:37,285 [INFO] PluginManage:359 - Loaded plugin clock (category:base,tabindex:2)
2025-12-15 19:34:37,285 [INFO] PluginManage:310 - Check plugin ddr
2025-12-15 19:34:37,297 [INFO] PluginManage:359 - Loaded plugin ddr (category:tool,tabindex:6)
2025-12-15 19:34:37,297 [INFO] PluginManage:310 - Check plugin filemanager
2025-12-15 19:34:37,726 [INFO] PluginManage:359 - Loaded plugin filemanager (category:base,tabindex:10)
2025-12-15 19:34:37,726 [INFO] PluginManage:310 - Check plugin ipmanager
2025-12-15 19:34:37,745 [INFO] PluginManage:359 - Loaded plugin ipmanager (category:base,tabindex:5)
2025-12-15 19:34:37,745 [INFO] PluginManage:310 - Check plugin lpbam
2025-12-15 19:34:37,814 [INFO] PluginManage:359 - Loaded plugin lpbam (category:base,tabindex:0)
2025-12-15 19:34:37,814 [INFO] PluginManage:310 - Check plugin memorymap
2025-12-15 19:34:37,912 [INFO] PluginManage:359 - Loaded plugin memorymap (category:base,tabindex:4)
2025-12-15 19:34:37,913 [INFO] PluginManage:310 - Check plugin pinoutandconfiguration
2025-12-15 19:34:37,969 [INFO] PluginManage:359 - Loaded plugin pinoutandconfiguration (category:base,tabindex:1)
2025-12-15 19:34:37,969 [INFO] PluginManage:310 - Check plugin pinoutconfig
2025-12-15 19:34:38,146 [WARN] SupportedApi:132 - Cannot load RTOS API schema: s4s-elt-must-match.1: The content of 'definitions' must match (annotation?, (simpleType | complexType)?, (unique | key | keyref)*)). A problem was found starting at: attribute.
2025-12-15 19:34:38,350 [INFO] PluginManage:359 - Loaded plugin pinoutconfig (category:base,tabindex:0)
2025-12-15 19:34:38,350 [INFO] PluginManage:310 - Check plugin power
2025-12-15 19:34:38,422 [INFO] PluginManage:359 - Loaded plugin power (category:power,tabindex:4)
2025-12-15 19:34:38,422 [INFO] PluginManage:310 - Check plugin projectmanager
2025-12-15 19:34:38,461 [INFO] PluginManage:359 - Loaded plugin projectmanager (category:projectmanager,tabindex:4)
2025-12-15 19:34:38,461 [INFO] PluginManage:310 - Check plugin rif
2025-12-15 19:34:38,515 [INFO] PluginManage:359 - Loaded plugin rif (category:base,tabindex:3)
2025-12-15 19:34:38,515 [INFO] PluginManage:310 - Check plugin thirdparty
2025-12-15 19:34:38,980 [INFO] PluginManage:359 - Loaded plugin thirdparty (category:base,tabindex:-1)
2025-12-15 19:34:38,980 [INFO] PluginManage:310 - Check plugin tools
2025-12-15 19:34:38,980 [WARN] IntegrityCheckThread:84 - waiting for thirdparty lock release [integrity check]
2025-12-15 19:34:38,980 [INFO] IntegrityCheckThread:86 - entering critical section [integrity check]
2025-12-15 19:34:38,980 [INFO] ThirdPartyUpdaterWithRetryManager:70 - Updater plugin not ready yet. [1/15]
2025-12-15 19:34:38,996 [INFO] PluginManage:359 - Loaded plugin tools (category:base,tabindex:7)
2025-12-15 19:34:38,996 [INFO] PluginManage:310 - Check plugin tutovideos
2025-12-15 19:34:39,320 [INFO] PluginManage:359 - Loaded plugin tutovideos (category:base,tabindex:-1)
2025-12-15 19:34:39,320 [INFO] PluginManage:310 - Check plugin updater
2025-12-15 19:34:39,366 [INFO] PluginManage:359 - Loaded plugin updater (category:base,tabindex:12)
2025-12-15 19:34:39,366 [INFO] PluginManage:310 - Check plugin userauth
2025-12-15 19:34:39,407 [INFO] UserAuth:118 - Init User Auth plugin
2025-12-15 19:34:39,423 [INFO] PluginManage:359 - Loaded plugin userauth (category:base,tabindex:14)
2025-12-15 19:34:39,423 [INFO] PluginManage:283 - PluginManage : Loaded plugins [18]
2025-12-15 19:34:40,000 [INFO] PinOutPanel:1589 - setPackage(No Configuration,No Configuration)
2025-12-15 19:34:40,204 [INFO] CADModel:165 - CPN selected for project level
2025-12-15 19:34:40,204 [INFO] CADModel:114 - Register for checkConnection events
2025-12-15 19:34:40,308 [INFO] IPUIPlugin:80 - create IPUIPlugin
2025-12-15 19:34:40,309 [INFO] PluginManager:220 - loadIPPluginJar : add adc
2025-12-15 19:34:40,354 [INFO] IPUIPlugin:80 - create IPUIPlugin
2025-12-15 19:34:40,354 [INFO] PluginManager:220 - loadIPPluginJar : add aes
2025-12-15 19:34:40,404 [INFO] IPUIPlugin:80 - create IPUIPlugin
2025-12-15 19:34:40,404 [INFO] PluginManager:220 - loadIPPluginJar : add can
2025-12-15 19:34:40,419 [INFO] IPUIPlugin:80 - create IPUIPlugin
2025-12-15 19:34:40,420 [INFO] PluginManager:220 - loadIPPluginJar : add comp
2025-12-15 19:34:40,431 [INFO] IPUIPlugin:80 - create IPUIPlugin
2025-12-15 19:34:40,432 [INFO] PluginManager:220 - loadIPPluginJar : add cryp
2025-12-15 19:34:40,468 [INFO] IPUIPlugin:80 - create IPUIPlugin
2025-12-15 19:34:40,468 [INFO] PluginManager:220 - loadIPPluginJar : add ddr_ctrl_phy
2025-12-15 19:34:40,492 [INFO] IPUIPlugin:80 - create IPUIPlugin
2025-12-15 19:34:40,492 [INFO] PluginManager:220 - loadIPPluginJar : add dfsdm
2025-12-15 19:34:40,523 [INFO] IPUIPlugin:80 - create IPUIPlugin
2025-12-15 19:34:40,523 [INFO] PluginManager:220 - loadIPPluginJar : add dma
2025-12-15 19:34:40,549 [INFO] IPUIPlugin:80 - create IPUIPlugin
2025-12-15 19:34:40,549 [INFO] PluginManager:220 - loadIPPluginJar : add dma3
2025-12-15 19:34:40,573 [INFO] IPUIPlugin:80 - create IPUIPlugin
2025-12-15 19:34:40,573 [INFO] PluginManager:220 - loadIPPluginJar : add extmemmanager
2025-12-15 19:34:40,615 [INFO] IPUIPlugin:80 - create IPUIPlugin
2025-12-15 19:34:40,615 [INFO] PluginManager:220 - loadIPPluginJar : add fatfs
2025-12-15 19:34:40,654 [INFO] IPUIPlugin:80 - create IPUIPlugin
2025-12-15 19:34:40,654 [INFO] PluginManager:220 - loadIPPluginJar : add fmc
2025-12-15 19:34:40,709 [INFO] IPUIPlugin:80 - create IPUIPlugin
2025-12-15 19:34:40,709 [INFO] PluginManager:220 - loadIPPluginJar : add freertos
2025-12-15 19:34:40,749 [INFO] IPUIPlugin:80 - create IPUIPlugin
2025-12-15 19:34:40,749 [INFO] PluginManager:220 - loadIPPluginJar : add genericplugin
2025-12-15 19:34:40,798 [INFO] IPUIPlugin:80 - create IPUIPlugin
2025-12-15 19:34:40,798 [INFO] PluginManager:220 - loadIPPluginJar : add gfxmmu
2025-12-15 19:34:40,852 [INFO] IPUIPlugin:80 - create IPUIPlugin
2025-12-15 19:34:40,852 [INFO] PluginManager:220 - loadIPPluginJar : add gic
2025-12-15 19:34:40,922 [INFO] IPUIPlugin:80 - create IPUIPlugin
2025-12-15 19:34:40,923 [INFO] PluginManager:220 - loadIPPluginJar : add gpio
2025-12-15 19:34:40,974 [INFO] IPUIPlugin:80 - create IPUIPlugin
2025-12-15 19:34:40,974 [INFO] PluginManager:220 - loadIPPluginJar : add gtzc
2025-12-15 19:34:41,027 [INFO] IPUIPlugin:80 - create IPUIPlugin
2025-12-15 19:34:41,027 [INFO] PluginManager:220 - loadIPPluginJar : add hash
2025-12-15 19:34:41,072 [INFO] IPUIPlugin:80 - create IPUIPlugin
2025-12-15 19:34:41,072 [INFO] PluginManager:220 - loadIPPluginJar : add i2c
2025-12-15 19:34:41,112 [INFO] IPUIPlugin:80 - create IPUIPlugin
2025-12-15 19:34:41,112 [INFO] PluginManager:220 - loadIPPluginJar : add i2s
2025-12-15 19:34:41,168 [INFO] IPUIPlugin:80 - create IPUIPlugin
2025-12-15 19:34:41,169 [INFO] PluginManager:220 - loadIPPluginJar : add i3c
2025-12-15 19:34:41,224 [INFO] IPUIPlugin:80 - create IPUIPlugin
2025-12-15 19:34:41,224 [INFO] PluginManager:220 - loadIPPluginJar : add ipddr
2025-12-15 19:34:41,273 [INFO] IPUIPlugin:80 - create IPUIPlugin
2025-12-15 19:34:41,274 [INFO] PluginManager:220 - loadIPPluginJar : add linkedlist
2025-12-15 19:34:41,326 [INFO] IPUIPlugin:80 - create IPUIPlugin
2025-12-15 19:34:41,326 [INFO] PluginManager:220 - loadIPPluginJar : add lorawan
2025-12-15 19:34:41,369 [INFO] IPUIPlugin:80 - create IPUIPlugin
2025-12-15 19:34:41,369 [INFO] PluginManager:220 - loadIPPluginJar : add ltdc
2025-12-15 19:34:41,401 [INFO] IPUIPlugin:80 - create IPUIPlugin
2025-12-15 19:34:41,402 [INFO] PluginManager:220 - loadIPPluginJar : add mdma
2025-12-15 19:34:41,506 [INFO] IPUIPlugin:80 - create IPUIPlugin
2025-12-15 19:34:41,506 [INFO] PluginManager:220 - loadIPPluginJar : add nvic
2025-12-15 19:34:41,527 [INFO] IPUIPlugin:80 - create IPUIPlugin
2025-12-15 19:34:41,527 [INFO] PluginManager:220 - loadIPPluginJar : add opamp
2025-12-15 19:34:41,544 [INFO] IPUIPlugin:80 - create IPUIPlugin
2025-12-15 19:34:41,544 [INFO] PluginManager:220 - loadIPPluginJar : add openamp
2025-12-15 19:34:41,551 [INFO] IPUIPlugin:80 - create IPUIPlugin
2025-12-15 19:34:41,551 [INFO] PluginManager:220 - loadIPPluginJar : add pdm2pcm
2025-12-15 19:34:41,579 [INFO] IPUIPlugin:80 - create IPUIPlugin
2025-12-15 19:34:41,582 [INFO] PluginManager:220 - loadIPPluginJar : add plateformsettings
2025-12-15 19:34:41,612 [INFO] IPUIPlugin:80 - create IPUIPlugin
2025-12-15 19:34:41,613 [INFO] PluginManager:220 - loadIPPluginJar : add quadspi
2025-12-15 19:34:41,618 [INFO] IPUIPlugin:80 - create IPUIPlugin
2025-12-15 19:34:41,619 [INFO] PluginManager:220 - loadIPPluginJar : add radio
2025-12-15 19:34:41,655 [INFO] IPUIPlugin:80 - create IPUIPlugin
2025-12-15 19:34:41,655 [INFO] PluginManager:220 - loadIPPluginJar : add resmgrutility
2025-12-15 19:34:41,675 [INFO] IPUIPlugin:80 - create IPUIPlugin
2025-12-15 19:34:41,675 [INFO] PluginManager:220 - loadIPPluginJar : add sai
2025-12-15 19:34:41,690 [INFO] IPUIPlugin:80 - create IPUIPlugin
2025-12-15 19:34:41,690 [INFO] PluginManager:220 - loadIPPluginJar : add spi
2025-12-15 19:34:41,708 [INFO] IPUIPlugin:80 - create IPUIPlugin
2025-12-15 19:34:41,708 [INFO] PluginManager:220 - loadIPPluginJar : add stm32_wpan
2025-12-15 19:34:41,710 [INFO] IPUIPlugin:80 - create IPUIPlugin
2025-12-15 19:34:41,711 [INFO] PluginManager:220 - loadIPPluginJar : add tim
2025-12-15 19:34:41,730 [INFO] IPUIPlugin:80 - create IPUIPlugin
2025-12-15 19:34:41,730 [INFO] PluginManager:220 - loadIPPluginJar : add touchsensing
2025-12-15 19:34:41,749 [INFO] IPUIPlugin:80 - create IPUIPlugin
2025-12-15 19:34:41,750 [INFO] PluginManager:220 - loadIPPluginJar : add tracer_emb
2025-12-15 19:34:41,761 [INFO] IPUIPlugin:80 - create IPUIPlugin
2025-12-15 19:34:41,761 [INFO] PluginManager:220 - loadIPPluginJar : add ts
2025-12-15 19:34:41,764 [INFO] IPUIPlugin:80 - create IPUIPlugin
2025-12-15 19:34:41,764 [INFO] PluginManager:220 - loadIPPluginJar : add tsc
2025-12-15 19:34:41,767 [INFO] IPUIPlugin:80 - create IPUIPlugin
2025-12-15 19:34:41,767 [INFO] PluginManager:220 - loadIPPluginJar : add ucpd
2025-12-15 19:34:41,779 [INFO] IPUIPlugin:80 - create IPUIPlugin
2025-12-15 19:34:41,779 [INFO] PluginManager:220 - loadIPPluginJar : add usart
2025-12-15 19:34:41,790 [INFO] IPUIPlugin:80 - create IPUIPlugin
2025-12-15 19:34:41,791 [INFO] PluginManager:220 - loadIPPluginJar : add usbx
2025-12-15 19:34:41,984 [INFO] ThirdPartyUpdaterWithRetryManager:70 - Updater plugin not ready yet. [2/15]
2025-12-15 19:34:41,988 [FATAL] Updater:351 - Updater called before beeing initialized
2025-12-15 19:34:42,042 [INFO] RulesReader:64 - Compatibility file has been processed (302 Rules)
2025-12-15 19:34:42,057 [INFO] RulesReader:64 - Compatibility file has been processed (302 Rules)
2025-12-15 19:34:42,096 [INFO] CADModel:165 - CPN selected for project level
2025-12-15 19:34:42,096 [INFO] CADModel:114 - Register for checkConnection events
2025-12-15 19:34:42,096 [FATAL] Updater:351 - Updater called before beeing initialized
2025-12-15 19:34:42,096 [ERROR] CADModel:125 - Updater not yet initialized, retry later 
2025-12-15 19:34:42,409 [FATAL] Updater:351 - Updater called before beeing initialized
2025-12-15 19:34:42,433 [INFO] CADModel:165 - CPN selected for project level
2025-12-15 19:34:42,433 [INFO] CADModel:114 - Register for checkConnection events
2025-12-15 19:34:42,433 [FATAL] Updater:351 - Updater called before beeing initialized
2025-12-15 19:34:42,433 [ERROR] CADModel:125 - Updater not yet initialized, retry later 
2025-12-15 19:34:42,447 [FATAL] Updater:351 - Updater called before beeing initialized
2025-12-15 19:34:42,679 [FATAL] Updater:351 - Updater called before beeing initialized
2025-12-15 19:34:42,696 [INFO] DbMcusAds:53 - JSON generation date=Mon Dec 08 15:28:09 CET 2025 (1765204089911)
2025-12-15 19:34:42,696 [FATAL] Updater:351 - Updater called before beeing initialized
2025-12-15 19:34:42,765 [WARN] DetailPanel:346 - Failed to get advertising image, set to default
2025-12-15 19:34:43,121 [FATAL] Updater:351 - Updater called before beeing initialized
2025-12-15 19:34:43,124 [FATAL] Updater:351 - Updater called before beeing initialized
2025-12-15 19:34:43,124 [FATAL] Updater:351 - Updater called before beeing initialized
2025-12-15 19:34:43,124 [WARN] DetailPanel:346 - Failed to get advertising image, set to default
2025-12-15 19:34:43,125 [FATAL] Updater:351 - Updater called before beeing initialized
2025-12-15 19:34:43,266 [ERROR] Updater:1198 - MainUpdater not yet initialized. External WinMGr cannot be set.
2025-12-15 19:34:43,284 [INFO] Updater:1134 - Updater Version found : 6.14.1
2025-12-15 19:34:43,325 [INFO] ApplicationProperties:184 - Using Application install path: C:\ST\STM32CubeIDE_1.18.1\STM32CubeIDE\plugins\com.st.stm32cube.common.mx_6.14.1.202504091515
2025-12-15 19:34:44,945 [ERROR] LogOutputStream:75 - [STDERR_REDIRECT] Dec 15, 2025 7:34:44 PM java.util.prefs.WindowsPreferences <init>
2025-12-15 19:34:44,947 [ERROR] LogOutputStream:75 - [STDERR_REDIRECT] WARNING: Could not open/create prefs root node Software\JavaSoft\Prefs at root 0xffffffff80000002. Windows RegCreateKeyEx(...) returned error code 5.
2025-12-15 19:34:44,947 [ERROR] LogOutputStream:75 - [STDERR_REDIRECT] 
2025-12-15 19:34:44,986 [FATAL] Updater:351 - Updater called before beeing initialized
2025-12-15 19:34:44,986 [ERROR] IntegrityCheckThread:130 - Cannot retrieve database content from updater: error 21
2025-12-15 19:34:44,986 [INFO] ThirdParty:978 - Integrity check success = false
2025-12-15 19:34:44,986 [INFO] IntegrityCheckThread:100 - exiting critical section [integrity check]
2025-12-15 19:34:44,986 [INFO] IntegrityCheckThread:103 - End integrity checks thread
2025-12-15 19:34:45,482 [INFO] MainUpdater:2872 - connection check result : 10
2025-12-15 19:34:45,483 [INFO] MainUpdater:289 - Updater Check For Update Now.
2025-12-15 19:34:45,483 [INFO] MicroXplorer:498 - Change Database Version : DB.6.0.141
2025-12-15 19:34:45,500 [INFO] McuFinderGlobals:63 - Set McuFinder mode to 2 (CubeIDE integrated)
2025-12-15 19:34:45,531 [INFO] UserAuth:484 - Internet connection configuration mode: 1
2025-12-15 19:34:45,879 [INFO] JxBrowserEngine:152 - Initiate JxBrowser Engine with user profile folder
2025-12-15 19:34:45,986 [INFO] CheckServerUpdateThread:120 - End of CheckServer Thread
2025-12-15 19:34:53,671 [INFO] WebApp:169 - Instantiating new browser for Auth
2025-12-15 19:35:03,422 [INFO] WebApp:463 - Apply proxy settings
2025-12-15 19:35:03,422 [INFO] WebApp:548 - Chromium requires no authentication
2025-12-15 19:35:03,906 [INFO] WebApp:491 - Direct internet connection detected
2025-12-15 19:35:04,622 [INFO] WebApp:894 - Register for checkConnection events
2025-12-15 19:35:04,622 [INFO] WebApp:463 - Apply proxy settings
2025-12-15 19:35:04,622 [INFO] WebApp:548 - Chromium requires no authentication
2025-12-15 19:35:04,622 [INFO] WebApp:491 - Direct internet connection detected
2025-12-15 19:35:07,091 [INFO] WebApp:191 - Connection restablished
2025-12-15 19:35:10,853 [INFO] WebApp:225 - Starting web application
2025-12-15 19:35:10,853 [INFO] WebApp:593 - Web application path used C:\ST\STM32CubeIDE_1.18.1\STM32CubeIDE\plugins\com.st.stm32cube.common.mx_6.14.1.202504091515\db\plugins\mcufinder\reactClient1\index.html
2025-12-15 19:35:11,360 [INFO] UserAuth:484 - Internet connection configuration mode: 1
2025-12-15 20:16:21,321 [ERROR] LogOutputStream:75 - [STDERR_REDIRECT] 
2025-12-15 20:16:21,327 [ERROR] LogOutputStream:75 - [STDERR_REDIRECT] 
2025-12-15 20:38:45,063 [INFO] Activator:176 - 


2025-12-15 20:38:45,068 [INFO] Activator:177 - !SESSION log4j initialized
2025-12-15 20:38:51,965 [INFO] LogOutputStream:77 - [STDOUT_REDIRECT] 
2025-12-15 20:38:53,326 [INFO] ApplicationProperties:184 - Using Application install path: C:\ST\STM32CubeIDE_1.18.1\STM32CubeIDE\plugins\com.st.stm32cube.common.mx_6.14.1.202504091515
2025-12-15 20:38:53,344 [INFO] DbMcusXml:78 - Set database path to: C:\ST\STM32CubeIDE_1.18.1\STM32CubeIDE\plugins\com.st.stm32cube.common.mx_6.14.1.202504091515\\db\/mcu/
2025-12-15 20:38:53,344 [INFO] ApiDb:274 - Set plugin database path to: C:\ST\STM32CubeIDE_1.18.1\STM32CubeIDE\plugins\com.st.stm32cube.common.mx_6.14.1.202504091515\\db\/plugins/boardmanager/
2025-12-15 20:38:53,345 [WARN] ApiDb:259 - Overriding images path with different value:  => C:\ST\STM32CubeIDE_1.18.1\STM32CubeIDE\plugins\com.st.stm32cube.common.mx_6.14.1.202504091515\\db\/plugins/mcufinder/images/
2025-12-15 20:38:53,351 [INFO] ApiDb:250 - Set database path to: C:\Users\Gluscic\.stmcufinder\plugins\mcufinder//mcu/
2025-12-15 20:38:53,352 [INFO] DbMcusAds:125 - Set database path to: C:\Users\Gluscic\.stmcufinder\plugins\mcufinder//mcu/
2025-12-15 20:38:53,355 [INFO] CrossReferenceDbSqlite:203 - Set database path to: C:\Users\Gluscic\.stmcufinder\plugins\mcufinder//mcu/cs/
2025-12-15 20:38:53,624 [INFO] RulesReader:64 - Compatibility file has been processed (302 Rules)
2025-12-15 20:38:53,720 [INFO] DbMcusXml:78 - Set database path to: C:\ST\STM32CubeIDE_1.18.1\STM32CubeIDE\plugins\com.st.stm32cube.common.mx_6.14.1.202504091515\\db\/mcu/
2025-12-15 20:38:53,720 [INFO] ApiDb:274 - Set plugin database path to: C:\ST\STM32CubeIDE_1.18.1\STM32CubeIDE\plugins\com.st.stm32cube.common.mx_6.14.1.202504091515\\db\/plugins/boardmanager/
2025-12-15 20:38:53,721 [INFO] ApiDb:261 - Set plugin images path to: C:\ST\STM32CubeIDE_1.18.1\STM32CubeIDE\plugins\com.st.stm32cube.common.mx_6.14.1.202504091515\\db\/plugins/mcufinder/images/
2025-12-15 20:38:53,721 [WARN] DbFile:41 - Overriding database path with different value: C:\Users\Gluscic\.stmcufinder\plugins\mcufinder/ => C:\Users\Gluscic\.stmcufinder\plugins\mcufinder
2025-12-15 20:38:53,721 [INFO] ApiDb:250 - Set database path to: C:\Users\Gluscic\.stmcufinder\plugins\mcufinder//mcu/
2025-12-15 20:38:53,721 [WARN] DbFile:41 - Overriding database path with different value: C:\Users\Gluscic\.stmcufinder\plugins\mcufinder/ => C:\Users\Gluscic\.stmcufinder\plugins\mcufinder
2025-12-15 20:38:53,721 [INFO] DbMcusAds:125 - Set database path to: C:\Users\Gluscic\.stmcufinder\plugins\mcufinder//mcu/
2025-12-15 20:38:53,721 [WARN] DbFile:41 - Overriding database path with different value: C:\Users\Gluscic\.stmcufinder\plugins\mcufinder/ => C:\Users\Gluscic\.stmcufinder\plugins\mcufinder
2025-12-15 20:38:53,721 [WARN] DbFile:41 - Overriding database path with different value: C:\Users\Gluscic\.stmcufinder\plugins\mcufinder/ => C:\Users\Gluscic\.stmcufinder\plugins\mcufinder
2025-12-15 20:38:53,722 [INFO] CrossReferenceDbSqlite:203 - Set database path to: C:\Users\Gluscic\.stmcufinder\plugins\mcufinder//mcu/cs/
2025-12-15 20:38:53,814 [INFO] MainPanel:272 - HeapMemory: 268435456
2025-12-15 20:38:53,923 [INFO] DbMcusXml:78 - Set database path to: C:\ST\STM32CubeIDE_1.18.1\STM32CubeIDE\plugins\com.st.stm32cube.common.mx_6.14.1.202504091515\\db\/mcu/
2025-12-15 20:38:53,923 [INFO] ApiDb:274 - Set plugin database path to: C:\ST\STM32CubeIDE_1.18.1\STM32CubeIDE\plugins\com.st.stm32cube.common.mx_6.14.1.202504091515\\db\/plugins/boardmanager/
2025-12-15 20:38:53,923 [INFO] ApiDb:261 - Set plugin images path to: C:\ST\STM32CubeIDE_1.18.1\STM32CubeIDE\plugins\com.st.stm32cube.common.mx_6.14.1.202504091515\\db\/plugins/mcufinder/images/
2025-12-15 20:38:53,923 [WARN] DbFile:41 - Overriding database path with different value: C:\Users\Gluscic\.stmcufinder\plugins\mcufinder/ => C:\Users\Gluscic\.stmcufinder\plugins\mcufinder
2025-12-15 20:38:53,923 [INFO] ApiDb:250 - Set database path to: C:\Users\Gluscic\.stmcufinder\plugins\mcufinder//mcu/
2025-12-15 20:38:53,923 [WARN] DbFile:41 - Overriding database path with different value: C:\Users\Gluscic\.stmcufinder\plugins\mcufinder/ => C:\Users\Gluscic\.stmcufinder\plugins\mcufinder
2025-12-15 20:38:53,924 [INFO] DbMcusAds:125 - Set database path to: C:\Users\Gluscic\.stmcufinder\plugins\mcufinder//mcu/
2025-12-15 20:38:53,924 [WARN] DbFile:41 - Overriding database path with different value: C:\Users\Gluscic\.stmcufinder\plugins\mcufinder/ => C:\Users\Gluscic\.stmcufinder\plugins\mcufinder
2025-12-15 20:38:53,924 [WARN] DbFile:41 - Overriding database path with different value: C:\Users\Gluscic\.stmcufinder\plugins\mcufinder/ => C:\Users\Gluscic\.stmcufinder\plugins\mcufinder
2025-12-15 20:38:53,925 [INFO] CrossReferenceDbSqlite:203 - Set database path to: C:\Users\Gluscic\.stmcufinder\plugins\mcufinder//mcu/cs/
2025-12-15 20:38:53,946 [INFO] ApplicationProperties:184 - Using Application install path: C:\ST\STM32CubeIDE_1.18.1\STM32CubeIDE\plugins\com.st.stm32cube.common.mx_6.14.1.202504091515
2025-12-15 20:38:53,948 [INFO] PluginManage:196 - Search for loadable plugins [exclusion list=, ]
2025-12-15 20:38:53,950 [INFO] PluginManage:310 - Check plugin analytics
2025-12-15 20:38:54,182 [INFO] AnalyticsPlugin:253 - Accepted Software Licenses: 
2025-12-15 20:38:54,182 [INFO] AnalyticsPlugin:255 - Accepted CMSIS Pack Licenses: 
2025-12-15 20:38:54,182 [INFO] AnalyticsPlugin:257 - Accepted Firmware Licenses: FW.F4.1.28.0
2025-12-15 20:38:54,185 [INFO] PluginManage:359 - Loaded plugin analytics (category:tool,tabindex:-1)
2025-12-15 20:38:54,186 [INFO] PluginManage:310 - Check plugin cadmodel
2025-12-15 20:38:54,194 [INFO] CADModel:105 - Init CAD model plugin
2025-12-15 20:38:54,194 [INFO] PluginManage:359 - Loaded plugin cadmodel (category:power,tabindex:5)
2025-12-15 20:38:54,195 [INFO] PluginManage:310 - Check plugin clock
2025-12-15 20:38:54,209 [INFO] PluginManage:359 - Loaded plugin clock (category:base,tabindex:2)
2025-12-15 20:38:54,209 [INFO] PluginManage:310 - Check plugin ddr
2025-12-15 20:38:54,212 [INFO] PluginManage:359 - Loaded plugin ddr (category:tool,tabindex:6)
2025-12-15 20:38:54,213 [INFO] PluginManage:310 - Check plugin filemanager
2025-12-15 20:38:54,393 [INFO] PluginManage:359 - Loaded plugin filemanager (category:base,tabindex:10)
2025-12-15 20:38:54,394 [INFO] PluginManage:310 - Check plugin ipmanager
2025-12-15 20:38:54,402 [INFO] PluginManage:359 - Loaded plugin ipmanager (category:base,tabindex:5)
2025-12-15 20:38:54,403 [INFO] PluginManage:310 - Check plugin lpbam
2025-12-15 20:38:54,413 [INFO] PluginManage:359 - Loaded plugin lpbam (category:base,tabindex:0)
2025-12-15 20:38:54,413 [INFO] PluginManage:310 - Check plugin memorymap
2025-12-15 20:38:54,427 [INFO] PluginManage:359 - Loaded plugin memorymap (category:base,tabindex:4)
2025-12-15 20:38:54,427 [INFO] PluginManage:310 - Check plugin pinoutandconfiguration
2025-12-15 20:38:54,436 [INFO] PluginManage:359 - Loaded plugin pinoutandconfiguration (category:base,tabindex:1)
2025-12-15 20:38:54,437 [INFO] PluginManage:310 - Check plugin pinoutconfig
2025-12-15 20:38:54,552 [WARN] SupportedApi:132 - Cannot load RTOS API schema: s4s-elt-must-match.1: The content of 'definitions' must match (annotation?, (simpleType | complexType)?, (unique | key | keyref)*)). A problem was found starting at: attribute.
2025-12-15 20:38:54,719 [INFO] PluginManage:359 - Loaded plugin pinoutconfig (category:base,tabindex:0)
2025-12-15 20:38:54,719 [INFO] PluginManage:310 - Check plugin power
2025-12-15 20:38:54,729 [INFO] PluginManage:359 - Loaded plugin power (category:power,tabindex:4)
2025-12-15 20:38:54,729 [INFO] PluginManage:310 - Check plugin projectmanager
2025-12-15 20:38:54,748 [INFO] PluginManage:359 - Loaded plugin projectmanager (category:projectmanager,tabindex:4)
2025-12-15 20:38:54,748 [INFO] PluginManage:310 - Check plugin rif
2025-12-15 20:38:54,756 [INFO] PluginManage:359 - Loaded plugin rif (category:base,tabindex:3)
2025-12-15 20:38:54,756 [INFO] PluginManage:310 - Check plugin thirdparty
2025-12-15 20:38:55,019 [INFO] PluginManage:359 - Loaded plugin thirdparty (category:base,tabindex:-1)
2025-12-15 20:38:55,019 [INFO] PluginManage:310 - Check plugin tools
2025-12-15 20:38:55,019 [WARN] IntegrityCheckThread:84 - waiting for thirdparty lock release [integrity check]
2025-12-15 20:38:55,020 [INFO] IntegrityCheckThread:86 - entering critical section [integrity check]
2025-12-15 20:38:55,020 [INFO] ThirdPartyUpdaterWithRetryManager:70 - Updater plugin not ready yet. [1/15]
2025-12-15 20:38:55,023 [INFO] PluginManage:359 - Loaded plugin tools (category:base,tabindex:7)
2025-12-15 20:38:55,023 [INFO] PluginManage:310 - Check plugin tutovideos
2025-12-15 20:38:55,224 [INFO] PluginManage:359 - Loaded plugin tutovideos (category:base,tabindex:-1)
2025-12-15 20:38:55,224 [INFO] PluginManage:310 - Check plugin updater
2025-12-15 20:38:55,248 [INFO] PluginManage:359 - Loaded plugin updater (category:base,tabindex:12)
2025-12-15 20:38:55,248 [INFO] PluginManage:310 - Check plugin userauth
2025-12-15 20:38:55,253 [INFO] UserAuth:118 - Init User Auth plugin
2025-12-15 20:38:55,254 [INFO] PluginManage:359 - Loaded plugin userauth (category:base,tabindex:14)
2025-12-15 20:38:55,255 [INFO] PluginManage:283 - PluginManage : Loaded plugins [18]
2025-12-15 20:38:55,515 [INFO] PinOutPanel:1589 - setPackage(No Configuration,No Configuration)
2025-12-15 20:38:55,648 [INFO] CADModel:165 - CPN selected for project level
2025-12-15 20:38:55,648 [INFO] CADModel:114 - Register for checkConnection events
2025-12-15 20:38:55,670 [INFO] IPUIPlugin:80 - create IPUIPlugin
2025-12-15 20:38:55,671 [INFO] PluginManager:220 - loadIPPluginJar : add adc
2025-12-15 20:38:55,674 [INFO] IPUIPlugin:80 - create IPUIPlugin
2025-12-15 20:38:55,675 [INFO] PluginManager:220 - loadIPPluginJar : add aes
2025-12-15 20:38:55,679 [INFO] IPUIPlugin:80 - create IPUIPlugin
2025-12-15 20:38:55,679 [INFO] PluginManager:220 - loadIPPluginJar : add can
2025-12-15 20:38:55,682 [INFO] IPUIPlugin:80 - create IPUIPlugin
2025-12-15 20:38:55,682 [INFO] PluginManager:220 - loadIPPluginJar : add comp
2025-12-15 20:38:55,685 [INFO] IPUIPlugin:80 - create IPUIPlugin
2025-12-15 20:38:55,686 [INFO] PluginManager:220 - loadIPPluginJar : add cryp
2025-12-15 20:38:55,689 [INFO] IPUIPlugin:80 - create IPUIPlugin
2025-12-15 20:38:55,689 [INFO] PluginManager:220 - loadIPPluginJar : add ddr_ctrl_phy
2025-12-15 20:38:55,693 [INFO] IPUIPlugin:80 - create IPUIPlugin
2025-12-15 20:38:55,693 [INFO] PluginManager:220 - loadIPPluginJar : add dfsdm
2025-12-15 20:38:55,700 [INFO] IPUIPlugin:80 - create IPUIPlugin
2025-12-15 20:38:55,701 [INFO] PluginManager:220 - loadIPPluginJar : add dma
2025-12-15 20:38:55,705 [INFO] IPUIPlugin:80 - create IPUIPlugin
2025-12-15 20:38:55,705 [INFO] PluginManager:220 - loadIPPluginJar : add dma3
2025-12-15 20:38:55,709 [INFO] IPUIPlugin:80 - create IPUIPlugin
2025-12-15 20:38:55,709 [INFO] PluginManager:220 - loadIPPluginJar : add extmemmanager
2025-12-15 20:38:55,711 [INFO] IPUIPlugin:80 - create IPUIPlugin
2025-12-15 20:38:55,712 [INFO] PluginManager:220 - loadIPPluginJar : add fatfs
2025-12-15 20:38:55,717 [INFO] IPUIPlugin:80 - create IPUIPlugin
2025-12-15 20:38:55,717 [INFO] PluginManager:220 - loadIPPluginJar : add fmc
2025-12-15 20:38:55,723 [INFO] IPUIPlugin:80 - create IPUIPlugin
2025-12-15 20:38:55,723 [INFO] PluginManager:220 - loadIPPluginJar : add freertos
2025-12-15 20:38:55,726 [INFO] IPUIPlugin:80 - create IPUIPlugin
2025-12-15 20:38:55,726 [INFO] PluginManager:220 - loadIPPluginJar : add genericplugin
2025-12-15 20:38:55,728 [INFO] IPUIPlugin:80 - create IPUIPlugin
2025-12-15 20:38:55,729 [INFO] PluginManager:220 - loadIPPluginJar : add gfxmmu
2025-12-15 20:38:55,734 [INFO] IPUIPlugin:80 - create IPUIPlugin
2025-12-15 20:38:55,734 [INFO] PluginManager:220 - loadIPPluginJar : add gic
2025-12-15 20:38:55,739 [INFO] IPUIPlugin:80 - create IPUIPlugin
2025-12-15 20:38:55,739 [INFO] PluginManager:220 - loadIPPluginJar : add gpio
2025-12-15 20:38:55,743 [INFO] IPUIPlugin:80 - create IPUIPlugin
2025-12-15 20:38:55,743 [INFO] PluginManager:220 - loadIPPluginJar : add gtzc
2025-12-15 20:38:55,746 [INFO] IPUIPlugin:80 - create IPUIPlugin
2025-12-15 20:38:55,746 [INFO] PluginManager:220 - loadIPPluginJar : add hash
2025-12-15 20:38:55,750 [INFO] IPUIPlugin:80 - create IPUIPlugin
2025-12-15 20:38:55,751 [INFO] PluginManager:220 - loadIPPluginJar : add i2c
2025-12-15 20:38:55,754 [INFO] IPUIPlugin:80 - create IPUIPlugin
2025-12-15 20:38:55,754 [INFO] PluginManager:220 - loadIPPluginJar : add i2s
2025-12-15 20:38:55,758 [INFO] IPUIPlugin:80 - create IPUIPlugin
2025-12-15 20:38:55,758 [INFO] PluginManager:220 - loadIPPluginJar : add i3c
2025-12-15 20:38:55,762 [INFO] IPUIPlugin:80 - create IPUIPlugin
2025-12-15 20:38:55,762 [INFO] PluginManager:220 - loadIPPluginJar : add ipddr
2025-12-15 20:38:55,769 [INFO] IPUIPlugin:80 - create IPUIPlugin
2025-12-15 20:38:55,769 [INFO] PluginManager:220 - loadIPPluginJar : add linkedlist
2025-12-15 20:38:55,773 [INFO] IPUIPlugin:80 - create IPUIPlugin
2025-12-15 20:38:55,773 [INFO] PluginManager:220 - loadIPPluginJar : add lorawan
2025-12-15 20:38:55,775 [INFO] IPUIPlugin:80 - create IPUIPlugin
2025-12-15 20:38:55,775 [INFO] PluginManager:220 - loadIPPluginJar : add ltdc
2025-12-15 20:38:55,781 [INFO] IPUIPlugin:80 - create IPUIPlugin
2025-12-15 20:38:55,782 [INFO] PluginManager:220 - loadIPPluginJar : add mdma
2025-12-15 20:38:55,785 [INFO] IPUIPlugin:80 - create IPUIPlugin
2025-12-15 20:38:55,786 [INFO] PluginManager:220 - loadIPPluginJar : add nvic
2025-12-15 20:38:55,793 [INFO] IPUIPlugin:80 - create IPUIPlugin
2025-12-15 20:38:55,793 [INFO] PluginManager:220 - loadIPPluginJar : add opamp
2025-12-15 20:38:55,798 [INFO] IPUIPlugin:80 - create IPUIPlugin
2025-12-15 20:38:55,798 [INFO] PluginManager:220 - loadIPPluginJar : add openamp
2025-12-15 20:38:55,803 [INFO] IPUIPlugin:80 - create IPUIPlugin
2025-12-15 20:38:55,803 [INFO] PluginManager:220 - loadIPPluginJar : add pdm2pcm
2025-12-15 20:38:55,813 [INFO] IPUIPlugin:80 - create IPUIPlugin
2025-12-15 20:38:55,817 [INFO] PluginManager:220 - loadIPPluginJar : add plateformsettings
2025-12-15 20:38:55,820 [INFO] IPUIPlugin:80 - create IPUIPlugin
2025-12-15 20:38:55,820 [INFO] PluginManager:220 - loadIPPluginJar : add quadspi
2025-12-15 20:38:55,823 [INFO] IPUIPlugin:80 - create IPUIPlugin
2025-12-15 20:38:55,824 [INFO] PluginManager:220 - loadIPPluginJar : add radio
2025-12-15 20:38:55,828 [INFO] IPUIPlugin:80 - create IPUIPlugin
2025-12-15 20:38:55,828 [INFO] PluginManager:220 - loadIPPluginJar : add resmgrutility
2025-12-15 20:38:55,832 [INFO] IPUIPlugin:80 - create IPUIPlugin
2025-12-15 20:38:55,833 [INFO] PluginManager:220 - loadIPPluginJar : add sai
2025-12-15 20:38:55,836 [INFO] IPUIPlugin:80 - create IPUIPlugin
2025-12-15 20:38:55,836 [INFO] PluginManager:220 - loadIPPluginJar : add spi
2025-12-15 20:38:55,844 [INFO] IPUIPlugin:80 - create IPUIPlugin
2025-12-15 20:38:55,844 [INFO] PluginManager:220 - loadIPPluginJar : add stm32_wpan
2025-12-15 20:38:55,847 [INFO] IPUIPlugin:80 - create IPUIPlugin
2025-12-15 20:38:55,847 [INFO] PluginManager:220 - loadIPPluginJar : add tim
2025-12-15 20:38:55,851 [INFO] IPUIPlugin:80 - create IPUIPlugin
2025-12-15 20:38:55,851 [INFO] PluginManager:220 - loadIPPluginJar : add touchsensing
2025-12-15 20:38:55,854 [INFO] IPUIPlugin:80 - create IPUIPlugin
2025-12-15 20:38:55,854 [INFO] PluginManager:220 - loadIPPluginJar : add tracer_emb
2025-12-15 20:38:55,857 [INFO] IPUIPlugin:80 - create IPUIPlugin
2025-12-15 20:38:55,857 [INFO] PluginManager:220 - loadIPPluginJar : add ts
2025-12-15 20:38:55,859 [INFO] IPUIPlugin:80 - create IPUIPlugin
2025-12-15 20:38:55,861 [INFO] PluginManager:220 - loadIPPluginJar : add tsc
2025-12-15 20:38:55,867 [INFO] IPUIPlugin:80 - create IPUIPlugin
2025-12-15 20:38:55,867 [INFO] PluginManager:220 - loadIPPluginJar : add ucpd
2025-12-15 20:38:55,871 [INFO] IPUIPlugin:80 - create IPUIPlugin
2025-12-15 20:38:55,871 [INFO] PluginManager:220 - loadIPPluginJar : add usart
2025-12-15 20:38:55,875 [INFO] IPUIPlugin:80 - create IPUIPlugin
2025-12-15 20:38:55,875 [INFO] PluginManager:220 - loadIPPluginJar : add usbx
2025-12-15 20:38:56,022 [FATAL] Updater:351 - Updater called before beeing initialized
2025-12-15 20:38:56,061 [INFO] RulesReader:64 - Compatibility file has been processed (302 Rules)
2025-12-15 20:38:56,078 [INFO] RulesReader:64 - Compatibility file has been processed (302 Rules)
2025-12-15 20:38:56,088 [INFO] CADModel:165 - CPN selected for project level
2025-12-15 20:38:56,088 [INFO] CADModel:114 - Register for checkConnection events
2025-12-15 20:38:56,088 [FATAL] Updater:351 - Updater called before beeing initialized
2025-12-15 20:38:56,088 [ERROR] CADModel:125 - Updater not yet initialized, retry later 
2025-12-15 20:38:56,253 [FATAL] Updater:351 - Updater called before beeing initialized
2025-12-15 20:38:56,255 [INFO] CADModel:165 - CPN selected for project level
2025-12-15 20:38:56,255 [INFO] CADModel:114 - Register for checkConnection events
2025-12-15 20:38:56,255 [FATAL] Updater:351 - Updater called before beeing initialized
2025-12-15 20:38:56,255 [ERROR] CADModel:125 - Updater not yet initialized, retry later 
2025-12-15 20:38:56,259 [FATAL] Updater:351 - Updater called before beeing initialized
2025-12-15 20:38:56,417 [FATAL] Updater:351 - Updater called before beeing initialized
2025-12-15 20:38:56,422 [INFO] DbMcusAds:53 - JSON generation date=Mon Dec 08 15:28:09 CET 2025 (1765204089911)
2025-12-15 20:38:56,422 [FATAL] Updater:351 - Updater called before beeing initialized
2025-12-15 20:38:56,463 [WARN] DetailPanel:346 - Failed to get advertising image, set to default
2025-12-15 20:38:56,803 [FATAL] Updater:351 - Updater called before beeing initialized
2025-12-15 20:38:56,805 [FATAL] Updater:351 - Updater called before beeing initialized
2025-12-15 20:38:56,805 [FATAL] Updater:351 - Updater called before beeing initialized
2025-12-15 20:38:56,805 [WARN] DetailPanel:346 - Failed to get advertising image, set to default
2025-12-15 20:38:56,807 [FATAL] Updater:351 - Updater called before beeing initialized
2025-12-15 20:38:56,879 [ERROR] Updater:1198 - MainUpdater not yet initialized. External WinMGr cannot be set.
2025-12-15 20:38:56,888 [INFO] Updater:1134 - Updater Version found : 6.14.1
2025-12-15 20:38:56,912 [INFO] ApplicationProperties:184 - Using Application install path: C:\ST\STM32CubeIDE_1.18.1\STM32CubeIDE\plugins\com.st.stm32cube.common.mx_6.14.1.202504091515
2025-12-15 20:38:58,022 [INFO] ThirdPartyUpdaterWithRetryManager:70 - Updater plugin not ready yet. [2/15]
2025-12-15 20:38:58,489 [ERROR] LogOutputStream:75 - [STDERR_REDIRECT] Dec 15, 2025 8:38:58 PM java.util.prefs.WindowsPreferences <init>
2025-12-15 20:38:58,491 [ERROR] LogOutputStream:75 - [STDERR_REDIRECT] WARNING: Could not open/create prefs root node Software\JavaSoft\Prefs at root 0xffffffff80000002. Windows RegCreateKeyEx(...) returned error code 5.
2025-12-15 20:38:58,491 [ERROR] LogOutputStream:75 - [STDERR_REDIRECT] 
2025-12-15 20:39:01,046 [FATAL] Updater:351 - Updater called before beeing initialized
2025-12-15 20:39:01,047 [ERROR] IntegrityCheckThread:130 - Cannot retrieve database content from updater: error 21
2025-12-15 20:39:01,047 [INFO] ThirdParty:978 - Integrity check success = false
2025-12-15 20:39:01,047 [INFO] IntegrityCheckThread:100 - exiting critical section [integrity check]
2025-12-15 20:39:01,047 [INFO] IntegrityCheckThread:103 - End integrity checks thread
2025-12-15 20:39:02,794 [WARN] CheckConnectionManager:291 - Warning during Server Connection :  timeout Connect to sw-center.st.com:443 [sw-center.st.com/2.19.126.142, sw-center.st.com/2.19.126.132] failed: Connect timed out
2025-12-15 20:39:02,918 [INFO] MainUpdater:2872 - connection check result : 10
2025-12-15 20:39:02,919 [INFO] MainUpdater:289 - Updater Check For Update Now.
2025-12-15 20:39:02,919 [INFO] MicroXplorer:498 - Change Database Version : DB.6.0.141
2025-12-15 20:39:02,964 [INFO] McuFinderGlobals:63 - Set McuFinder mode to 2 (CubeIDE integrated)
2025-12-15 20:39:02,965 [INFO] UserAuth:484 - Internet connection configuration mode: 1
2025-12-15 20:39:03,060 [INFO] JxBrowserEngine:152 - Initiate JxBrowser Engine with user profile folder
2025-12-15 20:39:03,202 [INFO] CheckServerUpdateThread:120 - End of CheckServer Thread
2025-12-15 20:39:03,975 [INFO] WebApp:169 - Instantiating new browser for Auth
2025-12-15 20:39:07,853 [INFO] WebApp:463 - Apply proxy settings
2025-12-15 20:39:07,853 [INFO] WebApp:548 - Chromium requires no authentication
2025-12-15 20:39:07,863 [INFO] WebApp:491 - Direct internet connection detected
2025-12-15 20:39:07,896 [INFO] WebApp:894 - Register for checkConnection events
2025-12-15 20:39:07,897 [INFO] WebApp:463 - Apply proxy settings
2025-12-15 20:39:07,897 [INFO] WebApp:548 - Chromium requires no authentication
2025-12-15 20:39:07,898 [INFO] WebApp:491 - Direct internet connection detected
2025-12-15 20:39:08,245 [INFO] WebApp:225 - Starting web application
2025-12-15 20:39:08,245 [INFO] WebApp:593 - Web application path used C:\ST\STM32CubeIDE_1.18.1\STM32CubeIDE\plugins\com.st.stm32cube.common.mx_6.14.1.202504091515\db\plugins\mcufinder\reactClient1\index.html
2025-12-15 20:39:09,659 [INFO] UserAuth:484 - Internet connection configuration mode: 1
2025-12-15 20:39:11,430 [INFO] WebApp:191 - Connection restablished
2025-12-15 21:03:21,517 [INFO] WebApp:194 - Connection lost
2025-12-15 21:03:21,703 [INFO] WebApp:191 - Connection restablished
2025-12-15 21:17:45,327 [INFO] WebApp:403 - JxBrowser engine has been closed 
2025-12-15 21:36:40,348 [ERROR] LogOutputStream:75 - [STDERR_REDIRECT] 
2025-12-15 21:36:40,349 [ERROR] LogOutputStream:75 - [STDERR_REDIRECT] 
