2025-12-14 19:30:46,402 [INFO] Activator:176 - 


2025-12-14 19:30:46,413 [INFO] Activator:177 - !SESSION log4j initialized
2025-12-14 19:30:51,983 [INFO] LogOutputStream:77 - [STDOUT_REDIRECT] 
2025-12-14 19:30:55,224 [INFO] ApplicationProperties:184 - Using Application install path: C:\ST\STM32CubeIDE_1.18.1\STM32CubeIDE\plugins\com.st.stm32cube.common.mx_6.14.1.202504091515
2025-12-14 19:30:55,244 [INFO] DbMcusXml:78 - Set database path to: C:\ST\STM32CubeIDE_1.18.1\STM32CubeIDE\plugins\com.st.stm32cube.common.mx_6.14.1.202504091515\\db\/mcu/
2025-12-14 19:30:55,245 [INFO] ApiDb:274 - Set plugin database path to: C:\ST\STM32CubeIDE_1.18.1\STM32CubeIDE\plugins\com.st.stm32cube.common.mx_6.14.1.202504091515\\db\/plugins/boardmanager/
2025-12-14 19:30:55,246 [WARN] ApiDb:259 - Overriding images path with different value:  => C:\ST\STM32CubeIDE_1.18.1\STM32CubeIDE\plugins\com.st.stm32cube.common.mx_6.14.1.202504091515\\db\/plugins/mcufinder/images/
2025-12-14 19:30:55,253 [INFO] ApiDb:250 - Set database path to: C:\Users\Gluscic\.stmcufinder\plugins\mcufinder//mcu/
2025-12-14 19:30:55,255 [INFO] DbMcusAds:125 - Set database path to: C:\Users\Gluscic\.stmcufinder\plugins\mcufinder//mcu/
2025-12-14 19:30:55,258 [INFO] CrossReferenceDbSqlite:203 - Set database path to: C:\Users\Gluscic\.stmcufinder\plugins\mcufinder//mcu/cs/
2025-12-14 19:30:55,421 [INFO] RulesReader:64 - Compatibility file has been processed (302 Rules)
2025-12-14 19:30:55,533 [INFO] DbMcusXml:78 - Set database path to: C:\ST\STM32CubeIDE_1.18.1\STM32CubeIDE\plugins\com.st.stm32cube.common.mx_6.14.1.202504091515\\db\/mcu/
2025-12-14 19:30:55,533 [INFO] ApiDb:274 - Set plugin database path to: C:\ST\STM32CubeIDE_1.18.1\STM32CubeIDE\plugins\com.st.stm32cube.common.mx_6.14.1.202504091515\\db\/plugins/boardmanager/
2025-12-14 19:30:55,533 [INFO] ApiDb:261 - Set plugin images path to: C:\ST\STM32CubeIDE_1.18.1\STM32CubeIDE\plugins\com.st.stm32cube.common.mx_6.14.1.202504091515\\db\/plugins/mcufinder/images/
2025-12-14 19:30:55,533 [WARN] DbFile:41 - Overriding database path with different value: C:\Users\Gluscic\.stmcufinder\plugins\mcufinder/ => C:\Users\Gluscic\.stmcufinder\plugins\mcufinder
2025-12-14 19:30:55,534 [INFO] ApiDb:250 - Set database path to: C:\Users\Gluscic\.stmcufinder\plugins\mcufinder//mcu/
2025-12-14 19:30:55,534 [WARN] DbFile:41 - Overriding database path with different value: C:\Users\Gluscic\.stmcufinder\plugins\mcufinder/ => C:\Users\Gluscic\.stmcufinder\plugins\mcufinder
2025-12-14 19:30:55,534 [INFO] DbMcusAds:125 - Set database path to: C:\Users\Gluscic\.stmcufinder\plugins\mcufinder//mcu/
2025-12-14 19:30:55,534 [WARN] DbFile:41 - Overriding database path with different value: C:\Users\Gluscic\.stmcufinder\plugins\mcufinder/ => C:\Users\Gluscic\.stmcufinder\plugins\mcufinder
2025-12-14 19:30:55,534 [WARN] DbFile:41 - Overriding database path with different value: C:\Users\Gluscic\.stmcufinder\plugins\mcufinder/ => C:\Users\Gluscic\.stmcufinder\plugins\mcufinder
2025-12-14 19:30:55,534 [INFO] CrossReferenceDbSqlite:203 - Set database path to: C:\Users\Gluscic\.stmcufinder\plugins\mcufinder//mcu/cs/
2025-12-14 19:30:55,652 [INFO] MainPanel:272 - HeapMemory: 268435456
2025-12-14 19:30:55,834 [INFO] DbMcusXml:78 - Set database path to: C:\ST\STM32CubeIDE_1.18.1\STM32CubeIDE\plugins\com.st.stm32cube.common.mx_6.14.1.202504091515\\db\/mcu/
2025-12-14 19:30:55,834 [INFO] ApiDb:274 - Set plugin database path to: C:\ST\STM32CubeIDE_1.18.1\STM32CubeIDE\plugins\com.st.stm32cube.common.mx_6.14.1.202504091515\\db\/plugins/boardmanager/
2025-12-14 19:30:55,834 [INFO] ApiDb:261 - Set plugin images path to: C:\ST\STM32CubeIDE_1.18.1\STM32CubeIDE\plugins\com.st.stm32cube.common.mx_6.14.1.202504091515\\db\/plugins/mcufinder/images/
2025-12-14 19:30:55,835 [WARN] DbFile:41 - Overriding database path with different value: C:\Users\Gluscic\.stmcufinder\plugins\mcufinder/ => C:\Users\Gluscic\.stmcufinder\plugins\mcufinder
2025-12-14 19:30:55,835 [INFO] ApiDb:250 - Set database path to: C:\Users\Gluscic\.stmcufinder\plugins\mcufinder//mcu/
2025-12-14 19:30:55,835 [WARN] DbFile:41 - Overriding database path with different value: C:\Users\Gluscic\.stmcufinder\plugins\mcufinder/ => C:\Users\Gluscic\.stmcufinder\plugins\mcufinder
2025-12-14 19:30:55,835 [INFO] DbMcusAds:125 - Set database path to: C:\Users\Gluscic\.stmcufinder\plugins\mcufinder//mcu/
2025-12-14 19:30:55,835 [WARN] DbFile:41 - Overriding database path with different value: C:\Users\Gluscic\.stmcufinder\plugins\mcufinder/ => C:\Users\Gluscic\.stmcufinder\plugins\mcufinder
2025-12-14 19:30:55,836 [WARN] DbFile:41 - Overriding database path with different value: C:\Users\Gluscic\.stmcufinder\plugins\mcufinder/ => C:\Users\Gluscic\.stmcufinder\plugins\mcufinder
2025-12-14 19:30:55,836 [INFO] CrossReferenceDbSqlite:203 - Set database path to: C:\Users\Gluscic\.stmcufinder\plugins\mcufinder//mcu/cs/
2025-12-14 19:30:55,860 [INFO] ApplicationProperties:184 - Using Application install path: C:\ST\STM32CubeIDE_1.18.1\STM32CubeIDE\plugins\com.st.stm32cube.common.mx_6.14.1.202504091515
2025-12-14 19:30:55,862 [INFO] PluginManage:196 - Search for loadable plugins [exclusion list=, ]
2025-12-14 19:30:55,864 [INFO] PluginManage:310 - Check plugin analytics
2025-12-14 19:30:56,187 [INFO] AnalyticsPlugin:253 - Accepted Software Licenses: 
2025-12-14 19:30:56,188 [INFO] AnalyticsPlugin:255 - Accepted CMSIS Pack Licenses: 
2025-12-14 19:30:56,189 [INFO] AnalyticsPlugin:257 - Accepted Firmware Licenses: FW.F4.1.28.0
2025-12-14 19:30:56,197 [INFO] PluginManage:359 - Loaded plugin analytics (category:tool,tabindex:-1)
2025-12-14 19:30:56,198 [INFO] PluginManage:310 - Check plugin cadmodel
2025-12-14 19:30:56,204 [INFO] CADModel:105 - Init CAD model plugin
2025-12-14 19:30:56,205 [INFO] PluginManage:359 - Loaded plugin cadmodel (category:power,tabindex:5)
2025-12-14 19:30:56,205 [INFO] PluginManage:310 - Check plugin clock
2025-12-14 19:30:56,219 [INFO] PluginManage:359 - Loaded plugin clock (category:base,tabindex:2)
2025-12-14 19:30:56,219 [INFO] PluginManage:310 - Check plugin ddr
2025-12-14 19:30:56,222 [INFO] PluginManage:359 - Loaded plugin ddr (category:tool,tabindex:6)
2025-12-14 19:30:56,222 [INFO] PluginManage:310 - Check plugin filemanager
2025-12-14 19:30:56,516 [INFO] PluginManage:359 - Loaded plugin filemanager (category:base,tabindex:10)
2025-12-14 19:30:56,516 [INFO] PluginManage:310 - Check plugin ipmanager
2025-12-14 19:30:56,527 [INFO] PluginManage:359 - Loaded plugin ipmanager (category:base,tabindex:5)
2025-12-14 19:30:56,528 [INFO] PluginManage:310 - Check plugin lpbam
2025-12-14 19:30:56,561 [INFO] PluginManage:359 - Loaded plugin lpbam (category:base,tabindex:0)
2025-12-14 19:30:56,561 [INFO] PluginManage:310 - Check plugin memorymap
2025-12-14 19:30:56,584 [INFO] PluginManage:359 - Loaded plugin memorymap (category:base,tabindex:4)
2025-12-14 19:30:56,585 [INFO] PluginManage:310 - Check plugin pinoutandconfiguration
2025-12-14 19:30:56,598 [INFO] PluginManage:359 - Loaded plugin pinoutandconfiguration (category:base,tabindex:1)
2025-12-14 19:30:56,598 [INFO] PluginManage:310 - Check plugin pinoutconfig
2025-12-14 19:30:56,786 [WARN] SupportedApi:132 - Cannot load RTOS API schema: s4s-elt-must-match.1: The content of 'definitions' must match (annotation?, (simpleType | complexType)?, (unique | key | keyref)*)). A problem was found starting at: attribute.
2025-12-14 19:30:57,023 [INFO] PluginManage:359 - Loaded plugin pinoutconfig (category:base,tabindex:0)
2025-12-14 19:30:57,023 [INFO] PluginManage:310 - Check plugin power
2025-12-14 19:30:57,034 [INFO] PluginManage:359 - Loaded plugin power (category:power,tabindex:4)
2025-12-14 19:30:57,034 [INFO] PluginManage:310 - Check plugin projectmanager
2025-12-14 19:30:57,095 [INFO] PluginManage:359 - Loaded plugin projectmanager (category:projectmanager,tabindex:4)
2025-12-14 19:30:57,095 [INFO] PluginManage:310 - Check plugin rif
2025-12-14 19:30:57,103 [INFO] PluginManage:359 - Loaded plugin rif (category:base,tabindex:3)
2025-12-14 19:30:57,104 [INFO] PluginManage:310 - Check plugin thirdparty
2025-12-14 19:30:57,330 [INFO] PluginManage:359 - Loaded plugin thirdparty (category:base,tabindex:-1)
2025-12-14 19:30:57,330 [INFO] PluginManage:310 - Check plugin tools
2025-12-14 19:30:57,334 [WARN] IntegrityCheckThread:84 - waiting for thirdparty lock release [integrity check]
2025-12-14 19:30:57,334 [INFO] IntegrityCheckThread:86 - entering critical section [integrity check]
2025-12-14 19:30:57,337 [INFO] ThirdPartyUpdaterWithRetryManager:70 - Updater plugin not ready yet. [1/15]
2025-12-14 19:30:57,339 [INFO] PluginManage:359 - Loaded plugin tools (category:base,tabindex:7)
2025-12-14 19:30:57,339 [INFO] PluginManage:310 - Check plugin tutovideos
2025-12-14 19:30:57,589 [INFO] PluginManage:359 - Loaded plugin tutovideos (category:base,tabindex:-1)
2025-12-14 19:30:57,589 [INFO] PluginManage:310 - Check plugin updater
2025-12-14 19:30:57,633 [INFO] PluginManage:359 - Loaded plugin updater (category:base,tabindex:12)
2025-12-14 19:30:57,633 [INFO] PluginManage:310 - Check plugin userauth
2025-12-14 19:30:57,638 [INFO] UserAuth:118 - Init User Auth plugin
2025-12-14 19:30:57,639 [INFO] PluginManage:359 - Loaded plugin userauth (category:base,tabindex:14)
2025-12-14 19:30:57,640 [INFO] PluginManage:283 - PluginManage : Loaded plugins [18]
2025-12-14 19:30:57,937 [INFO] PinOutPanel:1589 - setPackage(No Configuration,No Configuration)
2025-12-14 19:30:58,052 [INFO] CADModel:165 - CPN selected for project level
2025-12-14 19:30:58,052 [INFO] CADModel:114 - Register for checkConnection events
2025-12-14 19:30:58,072 [INFO] IPUIPlugin:80 - create IPUIPlugin
2025-12-14 19:30:58,072 [INFO] PluginManager:220 - loadIPPluginJar : add adc
2025-12-14 19:30:58,077 [INFO] IPUIPlugin:80 - create IPUIPlugin
2025-12-14 19:30:58,077 [INFO] PluginManager:220 - loadIPPluginJar : add aes
2025-12-14 19:30:58,082 [INFO] IPUIPlugin:80 - create IPUIPlugin
2025-12-14 19:30:58,082 [INFO] PluginManager:220 - loadIPPluginJar : add can
2025-12-14 19:30:58,084 [INFO] IPUIPlugin:80 - create IPUIPlugin
2025-12-14 19:30:58,084 [INFO] PluginManager:220 - loadIPPluginJar : add comp
2025-12-14 19:30:58,087 [INFO] IPUIPlugin:80 - create IPUIPlugin
2025-12-14 19:30:58,087 [INFO] PluginManager:220 - loadIPPluginJar : add cryp
2025-12-14 19:30:58,090 [INFO] IPUIPlugin:80 - create IPUIPlugin
2025-12-14 19:30:58,091 [INFO] PluginManager:220 - loadIPPluginJar : add ddr_ctrl_phy
2025-12-14 19:30:58,094 [INFO] IPUIPlugin:80 - create IPUIPlugin
2025-12-14 19:30:58,094 [INFO] PluginManager:220 - loadIPPluginJar : add dfsdm
2025-12-14 19:30:58,102 [INFO] IPUIPlugin:80 - create IPUIPlugin
2025-12-14 19:30:58,102 [INFO] PluginManager:220 - loadIPPluginJar : add dma
2025-12-14 19:30:58,106 [INFO] IPUIPlugin:80 - create IPUIPlugin
2025-12-14 19:30:58,107 [INFO] PluginManager:220 - loadIPPluginJar : add dma3
2025-12-14 19:30:58,114 [INFO] IPUIPlugin:80 - create IPUIPlugin
2025-12-14 19:30:58,114 [INFO] PluginManager:220 - loadIPPluginJar : add extmemmanager
2025-12-14 19:30:58,116 [INFO] IPUIPlugin:80 - create IPUIPlugin
2025-12-14 19:30:58,117 [INFO] PluginManager:220 - loadIPPluginJar : add fatfs
2025-12-14 19:30:58,123 [INFO] IPUIPlugin:80 - create IPUIPlugin
2025-12-14 19:30:58,123 [INFO] PluginManager:220 - loadIPPluginJar : add fmc
2025-12-14 19:30:58,131 [INFO] IPUIPlugin:80 - create IPUIPlugin
2025-12-14 19:30:58,131 [INFO] PluginManager:220 - loadIPPluginJar : add freertos
2025-12-14 19:30:58,133 [INFO] IPUIPlugin:80 - create IPUIPlugin
2025-12-14 19:30:58,133 [INFO] PluginManager:220 - loadIPPluginJar : add genericplugin
2025-12-14 19:30:58,137 [INFO] IPUIPlugin:80 - create IPUIPlugin
2025-12-14 19:30:58,137 [INFO] PluginManager:220 - loadIPPluginJar : add gfxmmu
2025-12-14 19:30:58,147 [INFO] IPUIPlugin:80 - create IPUIPlugin
2025-12-14 19:30:58,147 [INFO] PluginManager:220 - loadIPPluginJar : add gic
2025-12-14 19:30:58,153 [INFO] IPUIPlugin:80 - create IPUIPlugin
2025-12-14 19:30:58,154 [INFO] PluginManager:220 - loadIPPluginJar : add gpio
2025-12-14 19:30:58,157 [INFO] IPUIPlugin:80 - create IPUIPlugin
2025-12-14 19:30:58,158 [INFO] PluginManager:220 - loadIPPluginJar : add gtzc
2025-12-14 19:30:58,162 [INFO] IPUIPlugin:80 - create IPUIPlugin
2025-12-14 19:30:58,162 [INFO] PluginManager:220 - loadIPPluginJar : add hash
2025-12-14 19:30:58,166 [INFO] IPUIPlugin:80 - create IPUIPlugin
2025-12-14 19:30:58,166 [INFO] PluginManager:220 - loadIPPluginJar : add i2c
2025-12-14 19:30:58,170 [INFO] IPUIPlugin:80 - create IPUIPlugin
2025-12-14 19:30:58,170 [INFO] PluginManager:220 - loadIPPluginJar : add i2s
2025-12-14 19:30:58,174 [INFO] IPUIPlugin:80 - create IPUIPlugin
2025-12-14 19:30:58,175 [INFO] PluginManager:220 - loadIPPluginJar : add i3c
2025-12-14 19:30:58,180 [INFO] IPUIPlugin:80 - create IPUIPlugin
2025-12-14 19:30:58,180 [INFO] PluginManager:220 - loadIPPluginJar : add ipddr
2025-12-14 19:30:58,188 [INFO] IPUIPlugin:80 - create IPUIPlugin
2025-12-14 19:30:58,188 [INFO] PluginManager:220 - loadIPPluginJar : add linkedlist
2025-12-14 19:30:58,194 [INFO] IPUIPlugin:80 - create IPUIPlugin
2025-12-14 19:30:58,194 [INFO] PluginManager:220 - loadIPPluginJar : add lorawan
2025-12-14 19:30:58,196 [INFO] IPUIPlugin:80 - create IPUIPlugin
2025-12-14 19:30:58,196 [INFO] PluginManager:220 - loadIPPluginJar : add ltdc
2025-12-14 19:30:58,205 [INFO] IPUIPlugin:80 - create IPUIPlugin
2025-12-14 19:30:58,206 [INFO] PluginManager:220 - loadIPPluginJar : add mdma
2025-12-14 19:30:58,213 [INFO] IPUIPlugin:80 - create IPUIPlugin
2025-12-14 19:30:58,214 [INFO] PluginManager:220 - loadIPPluginJar : add nvic
2025-12-14 19:30:58,222 [INFO] IPUIPlugin:80 - create IPUIPlugin
2025-12-14 19:30:58,222 [INFO] PluginManager:220 - loadIPPluginJar : add opamp
2025-12-14 19:30:58,227 [INFO] IPUIPlugin:80 - create IPUIPlugin
2025-12-14 19:30:58,227 [INFO] PluginManager:220 - loadIPPluginJar : add openamp
2025-12-14 19:30:58,233 [INFO] IPUIPlugin:80 - create IPUIPlugin
2025-12-14 19:30:58,233 [INFO] PluginManager:220 - loadIPPluginJar : add pdm2pcm
2025-12-14 19:30:58,246 [INFO] IPUIPlugin:80 - create IPUIPlugin
2025-12-14 19:30:58,251 [INFO] PluginManager:220 - loadIPPluginJar : add plateformsettings
2025-12-14 19:30:58,253 [INFO] IPUIPlugin:80 - create IPUIPlugin
2025-12-14 19:30:58,253 [INFO] PluginManager:220 - loadIPPluginJar : add quadspi
2025-12-14 19:30:58,257 [INFO] IPUIPlugin:80 - create IPUIPlugin
2025-12-14 19:30:58,258 [INFO] PluginManager:220 - loadIPPluginJar : add radio
2025-12-14 19:30:58,263 [INFO] IPUIPlugin:80 - create IPUIPlugin
2025-12-14 19:30:58,263 [INFO] PluginManager:220 - loadIPPluginJar : add resmgrutility
2025-12-14 19:30:58,267 [INFO] IPUIPlugin:80 - create IPUIPlugin
2025-12-14 19:30:58,267 [INFO] PluginManager:220 - loadIPPluginJar : add sai
2025-12-14 19:30:58,271 [INFO] IPUIPlugin:80 - create IPUIPlugin
2025-12-14 19:30:58,272 [INFO] PluginManager:220 - loadIPPluginJar : add spi
2025-12-14 19:30:58,281 [INFO] IPUIPlugin:80 - create IPUIPlugin
2025-12-14 19:30:58,282 [INFO] PluginManager:220 - loadIPPluginJar : add stm32_wpan
2025-12-14 19:30:58,284 [INFO] IPUIPlugin:80 - create IPUIPlugin
2025-12-14 19:30:58,284 [INFO] PluginManager:220 - loadIPPluginJar : add tim
2025-12-14 19:30:58,288 [INFO] IPUIPlugin:80 - create IPUIPlugin
2025-12-14 19:30:58,289 [INFO] PluginManager:220 - loadIPPluginJar : add touchsensing
2025-12-14 19:30:58,291 [INFO] IPUIPlugin:80 - create IPUIPlugin
2025-12-14 19:30:58,292 [INFO] PluginManager:220 - loadIPPluginJar : add tracer_emb
2025-12-14 19:30:58,294 [INFO] IPUIPlugin:80 - create IPUIPlugin
2025-12-14 19:30:58,294 [INFO] PluginManager:220 - loadIPPluginJar : add ts
2025-12-14 19:30:58,297 [INFO] IPUIPlugin:80 - create IPUIPlugin
2025-12-14 19:30:58,298 [INFO] PluginManager:220 - loadIPPluginJar : add tsc
2025-12-14 19:30:58,302 [INFO] IPUIPlugin:80 - create IPUIPlugin
2025-12-14 19:30:58,302 [INFO] PluginManager:220 - loadIPPluginJar : add ucpd
2025-12-14 19:30:58,306 [INFO] IPUIPlugin:80 - create IPUIPlugin
2025-12-14 19:30:58,306 [INFO] PluginManager:220 - loadIPPluginJar : add usart
2025-12-14 19:30:58,313 [INFO] IPUIPlugin:80 - create IPUIPlugin
2025-12-14 19:30:58,313 [INFO] PluginManager:220 - loadIPPluginJar : add usbx
2025-12-14 19:30:58,469 [FATAL] Updater:351 - Updater called before beeing initialized
2025-12-14 19:30:58,517 [INFO] RulesReader:64 - Compatibility file has been processed (302 Rules)
2025-12-14 19:30:58,533 [INFO] RulesReader:64 - Compatibility file has been processed (302 Rules)
2025-12-14 19:30:58,547 [INFO] CADModel:165 - CPN selected for project level
2025-12-14 19:30:58,548 [INFO] CADModel:114 - Register for checkConnection events
2025-12-14 19:30:58,548 [FATAL] Updater:351 - Updater called before beeing initialized
2025-12-14 19:30:58,548 [ERROR] CADModel:125 - Updater not yet initialized, retry later 
2025-12-14 19:30:58,732 [FATAL] Updater:351 - Updater called before beeing initialized
2025-12-14 19:30:58,734 [INFO] CADModel:165 - CPN selected for project level
2025-12-14 19:30:58,734 [INFO] CADModel:114 - Register for checkConnection events
2025-12-14 19:30:58,734 [FATAL] Updater:351 - Updater called before beeing initialized
2025-12-14 19:30:58,734 [ERROR] CADModel:125 - Updater not yet initialized, retry later 
2025-12-14 19:30:58,737 [FATAL] Updater:351 - Updater called before beeing initialized
2025-12-14 19:30:58,899 [FATAL] Updater:351 - Updater called before beeing initialized
2025-12-14 19:30:58,904 [INFO] DbMcusAds:53 - JSON generation date=Mon Dec 08 15:28:09 CET 2025 (1765204089911)
2025-12-14 19:30:58,904 [FATAL] Updater:351 - Updater called before beeing initialized
2025-12-14 19:30:58,949 [WARN] DetailPanel:346 - Failed to get advertising image, set to default
2025-12-14 19:30:59,290 [FATAL] Updater:351 - Updater called before beeing initialized
2025-12-14 19:30:59,292 [FATAL] Updater:351 - Updater called before beeing initialized
2025-12-14 19:30:59,293 [FATAL] Updater:351 - Updater called before beeing initialized
2025-12-14 19:30:59,293 [WARN] DetailPanel:346 - Failed to get advertising image, set to default
2025-12-14 19:30:59,294 [FATAL] Updater:351 - Updater called before beeing initialized
2025-12-14 19:30:59,360 [ERROR] Updater:1198 - MainUpdater not yet initialized. External WinMGr cannot be set.
2025-12-14 19:30:59,362 [INFO] Updater:1134 - Updater Version found : 6.14.1
2025-12-14 19:30:59,384 [INFO] ApplicationProperties:184 - Using Application install path: C:\ST\STM32CubeIDE_1.18.1\STM32CubeIDE\plugins\com.st.stm32cube.common.mx_6.14.1.202504091515
2025-12-14 19:31:00,338 [INFO] ThirdPartyUpdaterWithRetryManager:70 - Updater plugin not ready yet. [2/15]
2025-12-14 19:31:00,957 [ERROR] LogOutputStream:75 - [STDERR_REDIRECT] Dec 14, 2025 7:31:00 PM java.util.prefs.WindowsPreferences <init>
2025-12-14 19:31:00,959 [ERROR] LogOutputStream:75 - [STDERR_REDIRECT] WARNING: Could not open/create prefs root node Software\JavaSoft\Prefs at root 0xffffffff80000002. Windows RegCreateKeyEx(...) returned error code 5.
2025-12-14 19:31:00,960 [ERROR] LogOutputStream:75 - [STDERR_REDIRECT] 
2025-12-14 19:31:01,497 [INFO] MainUpdater:2872 - connection check result : 10
2025-12-14 19:31:01,498 [INFO] MainUpdater:289 - Updater Check For Update Now.
2025-12-14 19:31:01,498 [INFO] MicroXplorer:498 - Change Database Version : DB.6.0.141
2025-12-14 19:31:01,506 [INFO] McuFinderGlobals:63 - Set McuFinder mode to 2 (CubeIDE integrated)
2025-12-14 19:31:01,507 [INFO] UserAuth:484 - Internet connection configuration mode: 1
2025-12-14 19:31:01,538 [INFO] JxBrowserEngine:152 - Initiate JxBrowser Engine with user profile folder
2025-12-14 19:31:01,794 [INFO] CheckServerUpdateThread:120 - End of CheckServer Thread
2025-12-14 19:31:02,965 [INFO] WebApp:169 - Instantiating new browser for Auth
2025-12-14 19:31:03,937 [WARN] PackLoader:240 - Cannot read IP mode file for STMicroelectronics.FP-SNS-MOTENVWB1.1.4.0
2025-12-14 19:31:03,981 [WARN] PackLoader:240 - Cannot read IP mode file for STMicroelectronics.FP-ATR-ASTRA1.2.0.2
2025-12-14 19:31:04,167 [WARN] PackLoader:240 - Cannot read IP mode file for STMicroelectronics.X-CUBE-SMBUS.2.1.0
2025-12-14 19:31:04,182 [WARN] PackLoader:240 - Cannot read IP mode file for STMicroelectronics.X-CUBE-ST60.1.0.0
2025-12-14 19:31:04,253 [WARN] PackLoader:240 - Cannot read IP mode file for STMicroelectronics.X-CUBE-AZRTOS-F7.1.1.0
2025-12-14 19:31:04,268 [ERROR] Engine:466 - C:\Users\Gluscic\.stm32cubemx\thirdparties\pdsc\STMicroelectronics.FP-SNS-MOTENV1.5.1.0.pdsc: PDSC version is not supported
2025-12-14 19:31:04,416 [WARN] PackLoader:240 - Cannot read IP mode file for Infineon.AIROC-Wi-Fi-Bluetooth-STM32.1.7.0
2025-12-14 19:31:04,512 [WARN] PackLoader:240 - Cannot read IP mode file for STMicroelectronics.X-CUBE-AZRTOS-H7.3.4.0
2025-12-14 19:31:04,532 [WARN] PackLoader:240 - Cannot read IP mode file for STMicroelectronics.X-CUBE-DISPLAY.3.0.0
2025-12-14 19:31:04,553 [WARN] PackLoader:240 - Cannot read IP mode file for STMicroelectronics.X-CUBE-NFC10.1.0.0
2025-12-14 19:31:04,572 [WARN] PackLoader:240 - Cannot read IP mode file for STMicroelectronics.X-CUBE-BLEMGR.4.0.0
2025-12-14 19:31:04,612 [WARN] PackLoader:240 - Cannot read IP mode file for STMicroelectronics.X-CUBE-ST60.1.1.0
2025-12-14 19:31:04,624 [WARN] PackLoader:240 - Cannot read IP mode file for emotas.I-CUBE-CANOPEN.1.3.0
2025-12-14 19:31:04,665 [WARN] PackLoader:240 - Cannot read IP mode file for STMicroelectronics.X-CUBE-GNSS1.7.1.0
2025-12-14 19:31:04,688 [WARN] ConditionMgr:438 - getConditionDescription Invalid condition id : Cortex-A Device cause : null
2025-12-14 19:31:04,719 [WARN] ConditionMgr:1044 - genDependencies : Invalid condition id : Cortex-A Device cause : null
2025-12-14 19:31:04,720 [WARN] ConditionMgr:1044 - genDependencies : Invalid condition id : Cortex-A Device cause : null
2025-12-14 19:31:04,720 [WARN] ConditionMgr:1044 - genDependencies : Invalid condition id : Cortex-A Device cause : null
2025-12-14 19:31:04,725 [ERROR] Engine:466 - C:\Users\Gluscic\.stm32cubemx\thirdparties\pdsc\STMicroelectronics.FP-SNS-STBOX1.2.1.0.pdsc: PDSC version is not supported
2025-12-14 19:31:04,733 [WARN] PackLoader:240 - Cannot read IP mode file for STMicroelectronics.FP-SNS-SMARTAG2.1.2.0
2025-12-14 19:31:04,738 [WARN] PackLoader:240 - Cannot read IP mode file for STMicroelectronics.FP-SNS-FLIGHT1.5.1.0
2025-12-14 19:31:04,761 [INFO] LogOutputStream:77 - [STDOUT_REDIRECT] 1 : Invalid condition id : UX_CORESTACK_Condition cause : null
2025-12-14 19:31:04,761 [INFO] LogOutputStream:77 - [STDOUT_REDIRECT] 1 : Invalid condition id : UX_CORESTACK_Condition cause : null
2025-12-14 19:31:04,763 [INFO] LogOutputStream:77 - [STDOUT_REDIRECT] 1 : Invalid condition id : UX_CORESTACK_Condition cause : null
2025-12-14 19:31:04,764 [INFO] LogOutputStream:77 - [STDOUT_REDIRECT] 1 : Invalid condition id : UX_CORESTACK_Condition cause : null
2025-12-14 19:31:04,766 [INFO] LogOutputStream:77 - [STDOUT_REDIRECT] 1 : Invalid condition id : UX_CORESTACK_Condition cause : null
2025-12-14 19:31:04,771 [WARN] PackLoader:240 - Cannot read IP mode file for STMicroelectronics.X-CUBE-AZRTOS-WL.2.0.0
2025-12-14 19:31:04,782 [WARN] PackLoader:240 - Cannot read IP mode file for STMicroelectronics.FP-SNS-MOTENV1.5.0.0
2025-12-14 19:31:04,828 [WARN] PackLoader:240 - Cannot read IP mode file for STMicroelectronics.X-CUBE-AZRTOS-H7RS.1.2.0
2025-12-14 19:31:04,853 [WARN] PackLoader:240 - Cannot read IP mode file for WES.I-CUBE-Cesium.1.3.0
2025-12-14 19:31:04,867 [WARN] PackLoader:240 - Cannot read IP mode file for STMicroelectronics.X-CUBE-BLE2.3.3.0
2025-12-14 19:31:04,893 [WARN] PackLoader:240 - Cannot read IP mode file for STMicroelectronics.X-CUBE-NFC9.1.0.0
2025-12-14 19:31:04,903 [WARN] PackLoader:240 - Cannot read IP mode file for wolfSSL.I-CUBE-wolfSSL.5.8.0
2025-12-14 19:31:04,914 [WARN] PackLoader:240 - Cannot read IP mode file for STMicroelectronics.X-CUBE-BLE1.7.1.0
2025-12-14 19:31:04,925 [WARN] PackLoader:240 - Cannot read IP mode file for wolfSSL.I-CUBE-wolfMQTT.1.19.2
2025-12-14 19:31:04,929 [ERROR] Engine:466 - C:\Users\Gluscic\.stm32cubemx\thirdparties\pdsc\STMicroelectronics.X-CUBE-FREERTOS.1.4.0.pdsc: PDSC version is not supported
2025-12-14 19:31:04,944 [WARN] PackLoader:240 - Cannot read IP mode file for STMicroelectronics.X-CUBE-EEPRMA1.5.2.0
2025-12-14 19:31:04,984 [ERROR] Engine:466 - C:\Users\Gluscic\.stm32cubemx\thirdparties\pdsc\STMicroelectronics.X-CUBE-ST67W61.1.1.0.pdsc: PDSC version is not supported
2025-12-14 19:31:04,990 [WARN] PackLoader:240 - Cannot read IP mode file for STMicroelectronics.X-CUBE-AI.10.1.0
2025-12-14 19:31:05,119 [WARN] PackLoader:240 - Cannot read IP mode file for STMicroelectronics.X-CUBE-MEMS1.12.0.0
2025-12-14 19:31:05,572 [WARN] PackLoader:240 - Cannot read IP mode file for STMicroelectronics.X-CUBE-MEMS1.11.2.0
2025-12-14 19:31:05,788 [WARN] PackLoader:240 - Cannot read IP mode file for STMicroelectronics.X-CUBE-AZRTOS-G0.1.1.0
2025-12-14 19:31:05,798 [WARN] PackLoader:240 - Cannot read IP mode file for STMicroelectronics.X-CUBE-SAFEA1.1.2.2
2025-12-14 19:31:05,806 [WARN] PackLoader:240 - Cannot read IP mode file for STMicroelectronics.X-CUBE-NFC4.3.0.0
2025-12-14 19:31:05,820 [WARN] PackLoader:240 - Cannot read IP mode file for EmbeddedOffice.I-CUBE-FS-RTOS.1.0.1
2025-12-14 19:31:05,827 [WARN] PackLoader:240 - Cannot read IP mode file for STMicroelectronics.X-CUBE-WB05N.2.0.0
2025-12-14 19:31:05,833 [WARN] PackLoader:240 - Cannot read IP mode file for wolfSSL.I-CUBE-wolfTPM.3.8.0
2025-12-14 19:31:05,840 [WARN] PackLoader:240 - Cannot read IP mode file for STMicroelectronics.X-CUBE-TCPP.4.2.0
2025-12-14 19:31:05,849 [WARN] PackLoader:240 - Cannot read IP mode file for RealThread.X-CUBE-RT-Thread_Nano.4.1.1
2025-12-14 19:31:05,853 [WARN] PackLoader:240 - Cannot read IP mode file for STMicroelectronics.FP-ATR-SIGFOX1.3.2.0
2025-12-14 19:31:05,860 [WARN] PackLoader:240 - Cannot read IP mode file for STMicroelectronics.X-CUBE-EEPRMA1.5.1.0
2025-12-14 19:31:05,887 [WARN] PackLoader:240 - Cannot read IP mode file for ITTIA_DB.I-CUBE-ITTIADB.8.9.0
2025-12-14 19:31:05,922 [WARN] PackLoader:240 - Cannot read IP mode file for STMicroelectronics.X-CUBE-ST67W61.1.0.0
2025-12-14 19:31:05,928 [WARN] PackLoader:240 - Cannot read IP mode file for STMicroelectronics.X-CUBE-AI.10.2.0
2025-12-14 19:31:05,957 [WARN] PackLoader:240 - Cannot read IP mode file for SEGGER.I-CUBE-embOS.1.3.1
2025-12-14 19:31:06,049 [WARN] PackLoader:240 - Cannot read IP mode file for STMicroelectronics.X-CUBE-ALGOBUILD.1.4.0
2025-12-14 19:31:06,186 [WARN] PackLoader:240 - Cannot read IP mode file for STMicroelectronics.X-CUBE-MEMS1.11.3.0
2025-12-14 19:31:06,286 [WARN] PackLoader:240 - Cannot read IP mode file for STMicroelectronics.X-CUBE-PM33A1.1.0.0
2025-12-14 19:31:06,321 [WARN] PackLoader:240 - Cannot read IP mode file for STMicroelectronics.X-CUBE-AZRTOS-F4.1.1.0
2025-12-14 19:31:06,333 [WARN] PackLoader:240 - Cannot read IP mode file for Avnet-IotConnect.X-CUBE-IoTC-DA16k-PMOD.1.0.0
2025-12-14 19:31:06,338 [WARN] PackLoader:240 - Cannot read IP mode file for STMicroelectronics.X-CUBE-ISPU.2.1.0
2025-12-14 19:31:06,348 [ERROR] Engine:466 - C:\Users\Gluscic\.stm32cubemx\thirdparties\pdsc\STMicroelectronics.X-CUBE-IPS.3.2.0.pdsc: PDSC version is not supported
2025-12-14 19:31:06,354 [WARN] PackLoader:240 - Cannot read IP mode file for STMicroelectronics.X-CUBE-NFC12.1.0.0
2025-12-14 19:31:06,369 [WARN] PackLoader:240 - Cannot read IP mode file for STMicroelectronics.X-CUBE-AZRTOS-L5.2.0.0
2025-12-14 19:31:06,383 [WARN] PackLoader:240 - Cannot read IP mode file for STMicroelectronics.X-CUBE-NFC6.3.1.0
2025-12-14 19:31:06,395 [WARN] PackLoader:240 - Cannot read IP mode file for STMicroelectronics.X-CUBE-FREERTOS.1.3.1
2025-12-14 19:31:06,411 [WARN] PackLoader:240 - Cannot read IP mode file for STMicroelectronics.X-CUBE-TOUCHGFX.4.26.0
2025-12-14 19:31:06,495 [WARN] PackLoader:240 - Cannot read IP mode file for STMicroelectronics.FP-SNS-STAIOTCFT.1.0.0
2025-12-14 19:31:06,503 [WARN] PackLoader:240 - Cannot read IP mode file for STMicroelectronics.X-CUBE-DPower.1.3.0
2025-12-14 19:31:06,573 [WARN] ConditionMgr:438 - getConditionDescription Invalid condition id : LAN8742 Phy interface Condition cause : null
2025-12-14 19:31:06,573 [WARN] PackLoader:240 - Cannot read IP mode file for STMicroelectronics.X-CUBE-AZRTOS-L4.2.0.0
2025-12-14 19:31:06,575 [WARN] ConditionMgr:1044 - genDependencies : Invalid condition id : LAN8742 Phy interface Condition cause : null
2025-12-14 19:31:06,576 [WARN] ConditionMgr:1044 - genDependencies : Invalid condition id : LAN8742 Phy interface Condition cause : null
2025-12-14 19:31:06,577 [WARN] ConditionMgr:1044 - genDependencies : Invalid condition id : LAN8742 Phy interface Condition cause : null
2025-12-14 19:31:06,590 [WARN] PackLoader:240 - Cannot read IP mode file for STMicroelectronics.X-CUBE-SFXS2LP1.4.0.0
2025-12-14 19:31:06,617 [WARN] PackLoader:240 - Cannot read IP mode file for STMicroelectronics.X-CUBE-AZRTOS-H7.3.3.0
2025-12-14 19:31:06,631 [WARN] PackLoader:240 - Cannot read IP mode file for STMicroelectronics.X-CUBE-BLEMGR.4.1.0
2025-12-14 19:31:06,653 [WARN] ConditionMgr:438 - getConditionDescription Invalid condition id : UX DEVICE CLASS RTOS Condition cause : null
2025-12-14 19:31:06,654 [WARN] ConditionMgr:438 - getConditionDescription Invalid condition id : UX DEVICE CLASS RTOS Condition cause : null
2025-12-14 19:31:06,657 [WARN] PackLoader:240 - Cannot read IP mode file for STMicroelectronics.X-CUBE-AZRTOS-WB.2.0.0
2025-12-14 19:31:06,658 [WARN] ConditionMgr:1044 - genDependencies : Invalid condition id : UX DEVICE CLASS RTOS Condition cause : null
2025-12-14 19:31:06,658 [WARN] ConditionMgr:1044 - genDependencies : Invalid condition id : UX DEVICE CLASS RTOS Condition cause : null
2025-12-14 19:31:06,659 [WARN] ConditionMgr:1044 - genDependencies : Invalid condition id : UX DEVICE CLASS RTOS Condition cause : null
2025-12-14 19:31:06,659 [WARN] ConditionMgr:1044 - genDependencies : Invalid condition id : UX DEVICE CLASS RTOS Condition cause : null
2025-12-14 19:31:06,659 [WARN] ConditionMgr:1044 - genDependencies : Invalid condition id : UX DEVICE CLASS RTOS Condition cause : null
2025-12-14 19:31:06,668 [WARN] PackLoader:240 - Cannot read IP mode file for STMicroelectronics.X-CUBE-GNSS1.7.0.1
2025-12-14 19:31:06,673 [WARN] PackLoader:240 - Cannot read IP mode file for STMicroelectronics.X-CUBE-TOUCHGFX.4.25.0
2025-12-14 19:31:06,682 [WARN] PackLoader:240 - Cannot read IP mode file for STMicroelectronics.FP-SNS-STBOX1.2.0.0
2025-12-14 19:31:06,724 [WARN] PackLoader:240 - Cannot read IP mode file for STMicroelectronics.X-CUBE-SUBG2.5.0.0
2025-12-14 19:31:06,746 [WARN] PackLoader:240 - Cannot read IP mode file for STMicroelectronics.X-CUBE-AZRTOS-H7RS.1.1.0
2025-12-14 19:31:06,754 [WARN] PackLoader:240 - Cannot read IP mode file for Cesanta.I-CUBE-Mongoose.7.13.0
2025-12-14 19:31:06,770 [WARN] PackLoader:240 - Cannot read IP mode file for STMicroelectronics.X-CUBE-AZRTOS-G4.2.0.0
2025-12-14 19:31:06,778 [WARN] PackLoader:240 - Cannot read IP mode file for wolfSSL.I-CUBE-wolfSSH.1.4.20
2025-12-14 19:31:06,783 [WARN] PackLoader:240 - Cannot read IP mode file for STMicroelectronics.X-CUBE-NFC7.2.0.0
2025-12-14 19:31:06,794 [WARN] PackLoader:240 - Cannot read IP mode file for STMicroelectronics.X-CUBE-IPS.3.1.0
2025-12-14 19:31:06,822 [WARN] PackLoader:240 - Cannot read IP mode file for STMicroelectronics.X-CUBE-ALS.1.0.2
2025-12-14 19:31:06,829 [WARN] PackLoader:240 - Cannot read IP mode file for STMicroelectronics.X-CUBE-STSE01.1.0.0
2025-12-14 19:31:06,837 [WARN] PackLoader:240 - Cannot read IP mode file for portGmbH.I-Cube-SoM-uGOAL.1.1.0
2025-12-14 19:31:06,853 [WARN] PackLoader:240 - Cannot read IP mode file for STMicroelectronics.X-CUBE-TOF1.3.4.3
2025-12-14 19:31:06,882 [INFO] ThirdParty:978 - Integrity check success = true
2025-12-14 19:31:06,883 [INFO] IntegrityCheckThread:100 - exiting critical section [integrity check]
2025-12-14 19:31:06,883 [INFO] IntegrityCheckThread:103 - End integrity checks thread
2025-12-14 19:31:07,094 [INFO] WebApp:463 - Apply proxy settings
2025-12-14 19:31:07,094 [INFO] WebApp:548 - Chromium requires no authentication
2025-12-14 19:31:07,113 [INFO] WebApp:491 - Direct internet connection detected
2025-12-14 19:31:07,160 [INFO] WebApp:894 - Register for checkConnection events
2025-12-14 19:31:07,160 [INFO] WebApp:463 - Apply proxy settings
2025-12-14 19:31:07,161 [INFO] WebApp:548 - Chromium requires no authentication
2025-12-14 19:31:07,161 [INFO] WebApp:491 - Direct internet connection detected
2025-12-14 19:31:07,478 [INFO] WebApp:225 - Starting web application
2025-12-14 19:31:07,478 [INFO] WebApp:593 - Web application path used C:\ST\STM32CubeIDE_1.18.1\STM32CubeIDE\plugins\com.st.stm32cube.common.mx_6.14.1.202504091515\db\plugins\mcufinder\reactClient1\index.html
2025-12-14 19:31:08,485 [INFO] UserAuth:484 - Internet connection configuration mode: 1
2025-12-14 19:31:10,895 [INFO] WebApp:191 - Connection restablished
2025-12-14 19:38:01,141 [ERROR] LogOutputStream:75 - [STDERR_REDIRECT] 
